<?xml version="1.0" encoding="UTF-8"?>
<testsuite xmlns:xsi="http://www.w3.org/2001/XMLSchema-instance" xsi:noNamespaceSchemaLocation="https://maven.apache.org/surefire/maven-surefire-plugin/xsd/surefire-test-report-3.0.xsd" version="3.0" name="com.medhead.usersmicroservice.UsersmicroserviceApplicationTests" time="1.938" tests="1" errors="0" skipped="0" failures="0">
  <properties>
    <property name="java.specification.version" value="22"/>
    <property name="sun.jnu.encoding" value="UTF-8"/>
    <property name="java.class.path" value="/Users/ludovicsouplet/Documents/POC_medhead_urgences_code/usersmicroservice/target/test-classes:/Users/ludovicsouplet/Documents/POC_medhead_urgences_code/usersmicroservice/target/classes:/Users/ludovicsouplet/.m2/repository/org/springframework/boot/spring-boot-starter-data-jpa/3.3.2/spring-boot-starter-data-jpa-3.3.2.jar:/Users/ludovicsouplet/.m2/repository/org/springframework/boot/spring-boot-starter-aop/3.3.2/spring-boot-starter-aop-3.3.2.jar:/Users/ludovicsouplet/.m2/repository/org/aspectj/aspectjweaver/1.9.22.1/aspectjweaver-1.9.22.1.jar:/Users/ludovicsouplet/.m2/repository/org/springframework/boot/spring-boot-starter-jdbc/3.3.2/spring-boot-starter-jdbc-3.3.2.jar:/Users/ludovicsouplet/.m2/repository/com/zaxxer/HikariCP/5.1.0/HikariCP-5.1.0.jar:/Users/ludovicsouplet/.m2/repository/org/springframework/spring-jdbc/6.1.11/spring-jdbc-6.1.11.jar:/Users/ludovicsouplet/.m2/repository/org/hibernate/orm/hibernate-core/6.5.2.Final/hibernate-core-6.5.2.Final.jar:/Users/ludovicsouplet/.m2/repository/jakarta/persistence/jakarta.persistence-api/3.1.0/jakarta.persistence-api-3.1.0.jar:/Users/ludovicsouplet/.m2/repository/jakarta/transaction/jakarta.transaction-api/2.0.1/jakarta.transaction-api-2.0.1.jar:/Users/ludovicsouplet/.m2/repository/org/jboss/logging/jboss-logging/3.5.3.Final/jboss-logging-3.5.3.Final.jar:/Users/ludovicsouplet/.m2/repository/org/hibernate/common/hibernate-commons-annotations/6.0.6.Final/hibernate-commons-annotations-6.0.6.Final.jar:/Users/ludovicsouplet/.m2/repository/io/smallrye/jandex/3.1.2/jandex-3.1.2.jar:/Users/ludovicsouplet/.m2/repository/com/fasterxml/classmate/1.7.0/classmate-1.7.0.jar:/Users/ludovicsouplet/.m2/repository/net/bytebuddy/byte-buddy/1.14.18/byte-buddy-1.14.18.jar:/Users/ludovicsouplet/.m2/repository/org/glassfish/jaxb/jaxb-runtime/4.0.5/jaxb-runtime-4.0.5.jar:/Users/ludovicsouplet/.m2/repository/org/glassfish/jaxb/jaxb-core/4.0.5/jaxb-core-4.0.5.jar:/Users/ludovicsouplet/.m2/repository/org/eclipse/angus/angus-activation/2.0.2/angus-activation-2.0.2.jar:/Users/ludovicsouplet/.m2/repository/org/glassfish/jaxb/txw2/4.0.5/txw2-4.0.5.jar:/Users/ludovicsouplet/.m2/repository/com/sun/istack/istack-commons-runtime/4.1.2/istack-commons-runtime-4.1.2.jar:/Users/ludovicsouplet/.m2/repository/jakarta/inject/jakarta.inject-api/2.0.1/jakarta.inject-api-2.0.1.jar:/Users/ludovicsouplet/.m2/repository/org/antlr/antlr4-runtime/4.13.0/antlr4-runtime-4.13.0.jar:/Users/ludovicsouplet/.m2/repository/org/springframework/data/spring-data-jpa/3.3.2/spring-data-jpa-3.3.2.jar:/Users/ludovicsouplet/.m2/repository/org/springframework/data/spring-data-commons/3.3.2/spring-data-commons-3.3.2.jar:/Users/ludovicsouplet/.m2/repository/org/springframework/spring-orm/6.1.11/spring-orm-6.1.11.jar:/Users/ludovicsouplet/.m2/repository/org/springframework/spring-context/6.1.11/spring-context-6.1.11.jar:/Users/ludovicsouplet/.m2/repository/org/springframework/spring-tx/6.1.11/spring-tx-6.1.11.jar:/Users/ludovicsouplet/.m2/repository/org/springframework/spring-beans/6.1.11/spring-beans-6.1.11.jar:/Users/ludovicsouplet/.m2/repository/jakarta/annotation/jakarta.annotation-api/2.1.1/jakarta.annotation-api-2.1.1.jar:/Users/ludovicsouplet/.m2/repository/org/slf4j/slf4j-api/2.0.13/slf4j-api-2.0.13.jar:/Users/ludovicsouplet/.m2/repository/org/springframework/spring-aspects/6.1.11/spring-aspects-6.1.11.jar:/Users/ludovicsouplet/.m2/repository/org/springframework/boot/spring-boot-starter-security/3.3.2/spring-boot-starter-security-3.3.2.jar:/Users/ludovicsouplet/.m2/repository/org/springframework/boot/spring-boot-starter/3.3.2/spring-boot-starter-3.3.2.jar:/Users/ludovicsouplet/.m2/repository/org/springframework/boot/spring-boot/3.3.2/spring-boot-3.3.2.jar:/Users/ludovicsouplet/.m2/repository/org/springframework/boot/spring-boot-autoconfigure/3.3.2/spring-boot-autoconfigure-3.3.2.jar:/Users/ludovicsouplet/.m2/repository/org/springframework/boot/spring-boot-starter-logging/3.3.2/spring-boot-starter-logging-3.3.2.jar:/Users/ludovicsouplet/.m2/repository/ch/qos/logback/logback-classic/1.5.6/logback-classic-1.5.6.jar:/Users/ludovicsouplet/.m2/repository/ch/qos/logback/logback-core/1.5.6/logback-core-1.5.6.jar:/Users/ludovicsouplet/.m2/repository/org/apache/logging/log4j/log4j-to-slf4j/2.23.1/log4j-to-slf4j-2.23.1.jar:/Users/ludovicsouplet/.m2/repository/org/apache/logging/log4j/log4j-api/2.23.1/log4j-api-2.23.1.jar:/Users/ludovicsouplet/.m2/repository/org/slf4j/jul-to-slf4j/2.0.13/jul-to-slf4j-2.0.13.jar:/Users/ludovicsouplet/.m2/repository/org/yaml/snakeyaml/2.2/snakeyaml-2.2.jar:/Users/ludovicsouplet/.m2/repository/org/springframework/spring-aop/6.1.11/spring-aop-6.1.11.jar:/Users/ludovicsouplet/.m2/repository/org/springframework/security/spring-security-config/6.3.1/spring-security-config-6.3.1.jar:/Users/ludovicsouplet/.m2/repository/org/springframework/security/spring-security-web/6.3.1/spring-security-web-6.3.1.jar:/Users/ludovicsouplet/.m2/repository/org/springframework/spring-expression/6.1.11/spring-expression-6.1.11.jar:/Users/ludovicsouplet/.m2/repository/org/springframework/boot/spring-boot-starter-web/3.3.2/spring-boot-starter-web-3.3.2.jar:/Users/ludovicsouplet/.m2/repository/org/springframework/boot/spring-boot-starter-json/3.3.2/spring-boot-starter-json-3.3.2.jar:/Users/ludovicsouplet/.m2/repository/com/fasterxml/jackson/datatype/jackson-datatype-jdk8/2.17.2/jackson-datatype-jdk8-2.17.2.jar:/Users/ludovicsouplet/.m2/repository/com/fasterxml/jackson/datatype/jackson-datatype-jsr310/2.17.2/jackson-datatype-jsr310-2.17.2.jar:/Users/ludovicsouplet/.m2/repository/com/fasterxml/jackson/module/jackson-module-parameter-names/2.17.2/jackson-module-parameter-names-2.17.2.jar:/Users/ludovicsouplet/.m2/repository/org/springframework/boot/spring-boot-starter-tomcat/3.3.2/spring-boot-starter-tomcat-3.3.2.jar:/Users/ludovicsouplet/.m2/repository/org/apache/tomcat/embed/tomcat-embed-core/10.1.26/tomcat-embed-core-10.1.26.jar:/Users/ludovicsouplet/.m2/repository/org/apache/tomcat/embed/tomcat-embed-el/10.1.26/tomcat-embed-el-10.1.26.jar:/Users/ludovicsouplet/.m2/repository/org/apache/tomcat/embed/tomcat-embed-websocket/10.1.26/tomcat-embed-websocket-10.1.26.jar:/Users/ludovicsouplet/.m2/repository/org/springframework/spring-web/6.1.11/spring-web-6.1.11.jar:/Users/ludovicsouplet/.m2/repository/io/micrometer/micrometer-observation/1.13.2/micrometer-observation-1.13.2.jar:/Users/ludovicsouplet/.m2/repository/io/micrometer/micrometer-commons/1.13.2/micrometer-commons-1.13.2.jar:/Users/ludovicsouplet/.m2/repository/org/springframework/spring-webmvc/6.1.11/spring-webmvc-6.1.11.jar:/Users/ludovicsouplet/.m2/repository/org/postgresql/postgresql/42.7.3/postgresql-42.7.3.jar:/Users/ludovicsouplet/.m2/repository/org/checkerframework/checker-qual/3.42.0/checker-qual-3.42.0.jar:/Users/ludovicsouplet/.m2/repository/org/springframework/boot/spring-boot-starter-test/3.3.2/spring-boot-starter-test-3.3.2.jar:/Users/ludovicsouplet/.m2/repository/org/springframework/boot/spring-boot-test/3.3.2/spring-boot-test-3.3.2.jar:/Users/ludovicsouplet/.m2/repository/org/springframework/boot/spring-boot-test-autoconfigure/3.3.2/spring-boot-test-autoconfigure-3.3.2.jar:/Users/ludovicsouplet/.m2/repository/com/jayway/jsonpath/json-path/2.9.0/json-path-2.9.0.jar:/Users/ludovicsouplet/.m2/repository/jakarta/xml/bind/jakarta.xml.bind-api/4.0.2/jakarta.xml.bind-api-4.0.2.jar:/Users/ludovicsouplet/.m2/repository/jakarta/activation/jakarta.activation-api/2.1.3/jakarta.activation-api-2.1.3.jar:/Users/ludovicsouplet/.m2/repository/net/minidev/json-smart/2.5.1/json-smart-2.5.1.jar:/Users/ludovicsouplet/.m2/repository/net/minidev/accessors-smart/2.5.1/accessors-smart-2.5.1.jar:/Users/ludovicsouplet/.m2/repository/org/ow2/asm/asm/9.6/asm-9.6.jar:/Users/ludovicsouplet/.m2/repository/org/assertj/assertj-core/3.25.3/assertj-core-3.25.3.jar:/Users/ludovicsouplet/.m2/repository/org/awaitility/awaitility/4.2.1/awaitility-4.2.1.jar:/Users/ludovicsouplet/.m2/repository/org/hamcrest/hamcrest/2.2/hamcrest-2.2.jar:/Users/ludovicsouplet/.m2/repository/org/junit/jupiter/junit-jupiter/5.10.3/junit-jupiter-5.10.3.jar:/Users/ludovicsouplet/.m2/repository/org/junit/jupiter/junit-jupiter-api/5.10.3/junit-jupiter-api-5.10.3.jar:/Users/ludovicsouplet/.m2/repository/org/opentest4j/opentest4j/1.3.0/opentest4j-1.3.0.jar:/Users/ludovicsouplet/.m2/repository/org/junit/platform/junit-platform-commons/1.10.3/junit-platform-commons-1.10.3.jar:/Users/ludovicsouplet/.m2/repository/org/apiguardian/apiguardian-api/1.1.2/apiguardian-api-1.1.2.jar:/Users/ludovicsouplet/.m2/repository/org/junit/jupiter/junit-jupiter-params/5.10.3/junit-jupiter-params-5.10.3.jar:/Users/ludovicsouplet/.m2/repository/org/junit/jupiter/junit-jupiter-engine/5.10.3/junit-jupiter-engine-5.10.3.jar:/Users/ludovicsouplet/.m2/repository/org/junit/platform/junit-platform-engine/1.10.3/junit-platform-engine-1.10.3.jar:/Users/ludovicsouplet/.m2/repository/org/mockito/mockito-core/5.11.0/mockito-core-5.11.0.jar:/Users/ludovicsouplet/.m2/repository/net/bytebuddy/byte-buddy-agent/1.14.18/byte-buddy-agent-1.14.18.jar:/Users/ludovicsouplet/.m2/repository/org/objenesis/objenesis/3.3/objenesis-3.3.jar:/Users/ludovicsouplet/.m2/repository/org/mockito/mockito-junit-jupiter/5.11.0/mockito-junit-jupiter-5.11.0.jar:/Users/ludovicsouplet/.m2/repository/org/skyscreamer/jsonassert/1.5.3/jsonassert-1.5.3.jar:/Users/ludovicsouplet/.m2/repository/com/vaadin/external/google/android-json/0.0.20131108.vaadin1/android-json-0.0.20131108.vaadin1.jar:/Users/ludovicsouplet/.m2/repository/org/springframework/spring-core/6.1.11/spring-core-6.1.11.jar:/Users/ludovicsouplet/.m2/repository/org/springframework/spring-jcl/6.1.11/spring-jcl-6.1.11.jar:/Users/ludovicsouplet/.m2/repository/org/springframework/spring-test/6.1.11/spring-test-6.1.11.jar:/Users/ludovicsouplet/.m2/repository/org/xmlunit/xmlunit-core/2.9.1/xmlunit-core-2.9.1.jar:/Users/ludovicsouplet/.m2/repository/org/springframework/security/spring-security-test/6.3.1/spring-security-test-6.3.1.jar:/Users/ludovicsouplet/.m2/repository/org/springframework/security/spring-security-core/6.3.1/spring-security-core-6.3.1.jar:/Users/ludovicsouplet/.m2/repository/org/springframework/security/spring-security-crypto/6.3.1/spring-security-crypto-6.3.1.jar:/Users/ludovicsouplet/.m2/repository/io/jsonwebtoken/jjwt-api/0.11.5/jjwt-api-0.11.5.jar:/Users/ludovicsouplet/.m2/repository/io/jsonwebtoken/jjwt-impl/0.11.5/jjwt-impl-0.11.5.jar:/Users/ludovicsouplet/.m2/repository/io/jsonwebtoken/jjwt-jackson/0.11.5/jjwt-jackson-0.11.5.jar:/Users/ludovicsouplet/.m2/repository/com/fasterxml/jackson/core/jackson-databind/2.17.2/jackson-databind-2.17.2.jar:/Users/ludovicsouplet/.m2/repository/com/fasterxml/jackson/core/jackson-annotations/2.17.2/jackson-annotations-2.17.2.jar:/Users/ludovicsouplet/.m2/repository/com/fasterxml/jackson/core/jackson-core/2.17.2/jackson-core-2.17.2.jar:/Users/ludovicsouplet/.m2/repository/org/jetbrains/annotations/24.1.0/annotations-24.1.0.jar:"/>
    <property name="java.vm.vendor" value="Oracle Corporation"/>
    <property name="sun.arch.data.model" value="64"/>
    <property name="java.vendor.url" value="https://java.oracle.com/"/>
    <property name="user.timezone" value="Europe/Paris"/>
    <property name="org.jboss.logging.provider" value="slf4j"/>
    <property name="os.name" value="Mac OS X"/>
    <property name="java.vm.specification.version" value="22"/>
    <property name="sun.java.launcher" value="SUN_STANDARD"/>
    <property name="user.country" value="FR"/>
    <property name="sun.boot.library.path" value="/Users/ludovicsouplet/Library/Java/JavaVirtualMachines/openjdk-22.0.1/Contents/Home/lib"/>
    <property name="sun.java.command" value="/Users/ludovicsouplet/Documents/POC_medhead_urgences_code/usersmicroservice/target/surefire/surefirebooter-20240721134949689_3.jar /Users/ludovicsouplet/Documents/POC_medhead_urgences_code/usersmicroservice/target/surefire 2024-07-21T13-49-49_657-jvmRun1 surefire-20240721134949689_1tmp surefire_0-20240721134949689_2tmp"/>
    <property name="http.nonProxyHosts" value="local|*.local|169.254/16|*.169.254/16"/>
    <property name="jdk.debug" value="release"/>
    <property name="surefire.test.class.path" value="/Users/ludovicsouplet/Documents/POC_medhead_urgences_code/usersmicroservice/target/test-classes:/Users/ludovicsouplet/Documents/POC_medhead_urgences_code/usersmicroservice/target/classes:/Users/ludovicsouplet/.m2/repository/org/springframework/boot/spring-boot-starter-data-jpa/3.3.2/spring-boot-starter-data-jpa-3.3.2.jar:/Users/ludovicsouplet/.m2/repository/org/springframework/boot/spring-boot-starter-aop/3.3.2/spring-boot-starter-aop-3.3.2.jar:/Users/ludovicsouplet/.m2/repository/org/aspectj/aspectjweaver/1.9.22.1/aspectjweaver-1.9.22.1.jar:/Users/ludovicsouplet/.m2/repository/org/springframework/boot/spring-boot-starter-jdbc/3.3.2/spring-boot-starter-jdbc-3.3.2.jar:/Users/ludovicsouplet/.m2/repository/com/zaxxer/HikariCP/5.1.0/HikariCP-5.1.0.jar:/Users/ludovicsouplet/.m2/repository/org/springframework/spring-jdbc/6.1.11/spring-jdbc-6.1.11.jar:/Users/ludovicsouplet/.m2/repository/org/hibernate/orm/hibernate-core/6.5.2.Final/hibernate-core-6.5.2.Final.jar:/Users/ludovicsouplet/.m2/repository/jakarta/persistence/jakarta.persistence-api/3.1.0/jakarta.persistence-api-3.1.0.jar:/Users/ludovicsouplet/.m2/repository/jakarta/transaction/jakarta.transaction-api/2.0.1/jakarta.transaction-api-2.0.1.jar:/Users/ludovicsouplet/.m2/repository/org/jboss/logging/jboss-logging/3.5.3.Final/jboss-logging-3.5.3.Final.jar:/Users/ludovicsouplet/.m2/repository/org/hibernate/common/hibernate-commons-annotations/6.0.6.Final/hibernate-commons-annotations-6.0.6.Final.jar:/Users/ludovicsouplet/.m2/repository/io/smallrye/jandex/3.1.2/jandex-3.1.2.jar:/Users/ludovicsouplet/.m2/repository/com/fasterxml/classmate/1.7.0/classmate-1.7.0.jar:/Users/ludovicsouplet/.m2/repository/net/bytebuddy/byte-buddy/1.14.18/byte-buddy-1.14.18.jar:/Users/ludovicsouplet/.m2/repository/org/glassfish/jaxb/jaxb-runtime/4.0.5/jaxb-runtime-4.0.5.jar:/Users/ludovicsouplet/.m2/repository/org/glassfish/jaxb/jaxb-core/4.0.5/jaxb-core-4.0.5.jar:/Users/ludovicsouplet/.m2/repository/org/eclipse/angus/angus-activation/2.0.2/angus-activation-2.0.2.jar:/Users/ludovicsouplet/.m2/repository/org/glassfish/jaxb/txw2/4.0.5/txw2-4.0.5.jar:/Users/ludovicsouplet/.m2/repository/com/sun/istack/istack-commons-runtime/4.1.2/istack-commons-runtime-4.1.2.jar:/Users/ludovicsouplet/.m2/repository/jakarta/inject/jakarta.inject-api/2.0.1/jakarta.inject-api-2.0.1.jar:/Users/ludovicsouplet/.m2/repository/org/antlr/antlr4-runtime/4.13.0/antlr4-runtime-4.13.0.jar:/Users/ludovicsouplet/.m2/repository/org/springframework/data/spring-data-jpa/3.3.2/spring-data-jpa-3.3.2.jar:/Users/ludovicsouplet/.m2/repository/org/springframework/data/spring-data-commons/3.3.2/spring-data-commons-3.3.2.jar:/Users/ludovicsouplet/.m2/repository/org/springframework/spring-orm/6.1.11/spring-orm-6.1.11.jar:/Users/ludovicsouplet/.m2/repository/org/springframework/spring-context/6.1.11/spring-context-6.1.11.jar:/Users/ludovicsouplet/.m2/repository/org/springframework/spring-tx/6.1.11/spring-tx-6.1.11.jar:/Users/ludovicsouplet/.m2/repository/org/springframework/spring-beans/6.1.11/spring-beans-6.1.11.jar:/Users/ludovicsouplet/.m2/repository/jakarta/annotation/jakarta.annotation-api/2.1.1/jakarta.annotation-api-2.1.1.jar:/Users/ludovicsouplet/.m2/repository/org/slf4j/slf4j-api/2.0.13/slf4j-api-2.0.13.jar:/Users/ludovicsouplet/.m2/repository/org/springframework/spring-aspects/6.1.11/spring-aspects-6.1.11.jar:/Users/ludovicsouplet/.m2/repository/org/springframework/boot/spring-boot-starter-security/3.3.2/spring-boot-starter-security-3.3.2.jar:/Users/ludovicsouplet/.m2/repository/org/springframework/boot/spring-boot-starter/3.3.2/spring-boot-starter-3.3.2.jar:/Users/ludovicsouplet/.m2/repository/org/springframework/boot/spring-boot/3.3.2/spring-boot-3.3.2.jar:/Users/ludovicsouplet/.m2/repository/org/springframework/boot/spring-boot-autoconfigure/3.3.2/spring-boot-autoconfigure-3.3.2.jar:/Users/ludovicsouplet/.m2/repository/org/springframework/boot/spring-boot-starter-logging/3.3.2/spring-boot-starter-logging-3.3.2.jar:/Users/ludovicsouplet/.m2/repository/ch/qos/logback/logback-classic/1.5.6/logback-classic-1.5.6.jar:/Users/ludovicsouplet/.m2/repository/ch/qos/logback/logback-core/1.5.6/logback-core-1.5.6.jar:/Users/ludovicsouplet/.m2/repository/org/apache/logging/log4j/log4j-to-slf4j/2.23.1/log4j-to-slf4j-2.23.1.jar:/Users/ludovicsouplet/.m2/repository/org/apache/logging/log4j/log4j-api/2.23.1/log4j-api-2.23.1.jar:/Users/ludovicsouplet/.m2/repository/org/slf4j/jul-to-slf4j/2.0.13/jul-to-slf4j-2.0.13.jar:/Users/ludovicsouplet/.m2/repository/org/yaml/snakeyaml/2.2/snakeyaml-2.2.jar:/Users/ludovicsouplet/.m2/repository/org/springframework/spring-aop/6.1.11/spring-aop-6.1.11.jar:/Users/ludovicsouplet/.m2/repository/org/springframework/security/spring-security-config/6.3.1/spring-security-config-6.3.1.jar:/Users/ludovicsouplet/.m2/repository/org/springframework/security/spring-security-web/6.3.1/spring-security-web-6.3.1.jar:/Users/ludovicsouplet/.m2/repository/org/springframework/spring-expression/6.1.11/spring-expression-6.1.11.jar:/Users/ludovicsouplet/.m2/repository/org/springframework/boot/spring-boot-starter-web/3.3.2/spring-boot-starter-web-3.3.2.jar:/Users/ludovicsouplet/.m2/repository/org/springframework/boot/spring-boot-starter-json/3.3.2/spring-boot-starter-json-3.3.2.jar:/Users/ludovicsouplet/.m2/repository/com/fasterxml/jackson/datatype/jackson-datatype-jdk8/2.17.2/jackson-datatype-jdk8-2.17.2.jar:/Users/ludovicsouplet/.m2/repository/com/fasterxml/jackson/datatype/jackson-datatype-jsr310/2.17.2/jackson-datatype-jsr310-2.17.2.jar:/Users/ludovicsouplet/.m2/repository/com/fasterxml/jackson/module/jackson-module-parameter-names/2.17.2/jackson-module-parameter-names-2.17.2.jar:/Users/ludovicsouplet/.m2/repository/org/springframework/boot/spring-boot-starter-tomcat/3.3.2/spring-boot-starter-tomcat-3.3.2.jar:/Users/ludovicsouplet/.m2/repository/org/apache/tomcat/embed/tomcat-embed-core/10.1.26/tomcat-embed-core-10.1.26.jar:/Users/ludovicsouplet/.m2/repository/org/apache/tomcat/embed/tomcat-embed-el/10.1.26/tomcat-embed-el-10.1.26.jar:/Users/ludovicsouplet/.m2/repository/org/apache/tomcat/embed/tomcat-embed-websocket/10.1.26/tomcat-embed-websocket-10.1.26.jar:/Users/ludovicsouplet/.m2/repository/org/springframework/spring-web/6.1.11/spring-web-6.1.11.jar:/Users/ludovicsouplet/.m2/repository/io/micrometer/micrometer-observation/1.13.2/micrometer-observation-1.13.2.jar:/Users/ludovicsouplet/.m2/repository/io/micrometer/micrometer-commons/1.13.2/micrometer-commons-1.13.2.jar:/Users/ludovicsouplet/.m2/repository/org/springframework/spring-webmvc/6.1.11/spring-webmvc-6.1.11.jar:/Users/ludovicsouplet/.m2/repository/org/postgresql/postgresql/42.7.3/postgresql-42.7.3.jar:/Users/ludovicsouplet/.m2/repository/org/checkerframework/checker-qual/3.42.0/checker-qual-3.42.0.jar:/Users/ludovicsouplet/.m2/repository/org/springframework/boot/spring-boot-starter-test/3.3.2/spring-boot-starter-test-3.3.2.jar:/Users/ludovicsouplet/.m2/repository/org/springframework/boot/spring-boot-test/3.3.2/spring-boot-test-3.3.2.jar:/Users/ludovicsouplet/.m2/repository/org/springframework/boot/spring-boot-test-autoconfigure/3.3.2/spring-boot-test-autoconfigure-3.3.2.jar:/Users/ludovicsouplet/.m2/repository/com/jayway/jsonpath/json-path/2.9.0/json-path-2.9.0.jar:/Users/ludovicsouplet/.m2/repository/jakarta/xml/bind/jakarta.xml.bind-api/4.0.2/jakarta.xml.bind-api-4.0.2.jar:/Users/ludovicsouplet/.m2/repository/jakarta/activation/jakarta.activation-api/2.1.3/jakarta.activation-api-2.1.3.jar:/Users/ludovicsouplet/.m2/repository/net/minidev/json-smart/2.5.1/json-smart-2.5.1.jar:/Users/ludovicsouplet/.m2/repository/net/minidev/accessors-smart/2.5.1/accessors-smart-2.5.1.jar:/Users/ludovicsouplet/.m2/repository/org/ow2/asm/asm/9.6/asm-9.6.jar:/Users/ludovicsouplet/.m2/repository/org/assertj/assertj-core/3.25.3/assertj-core-3.25.3.jar:/Users/ludovicsouplet/.m2/repository/org/awaitility/awaitility/4.2.1/awaitility-4.2.1.jar:/Users/ludovicsouplet/.m2/repository/org/hamcrest/hamcrest/2.2/hamcrest-2.2.jar:/Users/ludovicsouplet/.m2/repository/org/junit/jupiter/junit-jupiter/5.10.3/junit-jupiter-5.10.3.jar:/Users/ludovicsouplet/.m2/repository/org/junit/jupiter/junit-jupiter-api/5.10.3/junit-jupiter-api-5.10.3.jar:/Users/ludovicsouplet/.m2/repository/org/opentest4j/opentest4j/1.3.0/opentest4j-1.3.0.jar:/Users/ludovicsouplet/.m2/repository/org/junit/platform/junit-platform-commons/1.10.3/junit-platform-commons-1.10.3.jar:/Users/ludovicsouplet/.m2/repository/org/apiguardian/apiguardian-api/1.1.2/apiguardian-api-1.1.2.jar:/Users/ludovicsouplet/.m2/repository/org/junit/jupiter/junit-jupiter-params/5.10.3/junit-jupiter-params-5.10.3.jar:/Users/ludovicsouplet/.m2/repository/org/junit/jupiter/junit-jupiter-engine/5.10.3/junit-jupiter-engine-5.10.3.jar:/Users/ludovicsouplet/.m2/repository/org/junit/platform/junit-platform-engine/1.10.3/junit-platform-engine-1.10.3.jar:/Users/ludovicsouplet/.m2/repository/org/mockito/mockito-core/5.11.0/mockito-core-5.11.0.jar:/Users/ludovicsouplet/.m2/repository/net/bytebuddy/byte-buddy-agent/1.14.18/byte-buddy-agent-1.14.18.jar:/Users/ludovicsouplet/.m2/repository/org/objenesis/objenesis/3.3/objenesis-3.3.jar:/Users/ludovicsouplet/.m2/repository/org/mockito/mockito-junit-jupiter/5.11.0/mockito-junit-jupiter-5.11.0.jar:/Users/ludovicsouplet/.m2/repository/org/skyscreamer/jsonassert/1.5.3/jsonassert-1.5.3.jar:/Users/ludovicsouplet/.m2/repository/com/vaadin/external/google/android-json/0.0.20131108.vaadin1/android-json-0.0.20131108.vaadin1.jar:/Users/ludovicsouplet/.m2/repository/org/springframework/spring-core/6.1.11/spring-core-6.1.11.jar:/Users/ludovicsouplet/.m2/repository/org/springframework/spring-jcl/6.1.11/spring-jcl-6.1.11.jar:/Users/ludovicsouplet/.m2/repository/org/springframework/spring-test/6.1.11/spring-test-6.1.11.jar:/Users/ludovicsouplet/.m2/repository/org/xmlunit/xmlunit-core/2.9.1/xmlunit-core-2.9.1.jar:/Users/ludovicsouplet/.m2/repository/org/springframework/security/spring-security-test/6.3.1/spring-security-test-6.3.1.jar:/Users/ludovicsouplet/.m2/repository/org/springframework/security/spring-security-core/6.3.1/spring-security-core-6.3.1.jar:/Users/ludovicsouplet/.m2/repository/org/springframework/security/spring-security-crypto/6.3.1/spring-security-crypto-6.3.1.jar:/Users/ludovicsouplet/.m2/repository/io/jsonwebtoken/jjwt-api/0.11.5/jjwt-api-0.11.5.jar:/Users/ludovicsouplet/.m2/repository/io/jsonwebtoken/jjwt-impl/0.11.5/jjwt-impl-0.11.5.jar:/Users/ludovicsouplet/.m2/repository/io/jsonwebtoken/jjwt-jackson/0.11.5/jjwt-jackson-0.11.5.jar:/Users/ludovicsouplet/.m2/repository/com/fasterxml/jackson/core/jackson-databind/2.17.2/jackson-databind-2.17.2.jar:/Users/ludovicsouplet/.m2/repository/com/fasterxml/jackson/core/jackson-annotations/2.17.2/jackson-annotations-2.17.2.jar:/Users/ludovicsouplet/.m2/repository/com/fasterxml/jackson/core/jackson-core/2.17.2/jackson-core-2.17.2.jar:/Users/ludovicsouplet/.m2/repository/org/jetbrains/annotations/24.1.0/annotations-24.1.0.jar:"/>
    <property name="sun.cpu.endian" value="little"/>
    <property name="user.home" value="/Users/ludovicsouplet"/>
    <property name="user.language" value="fr"/>
    <property name="java.specification.vendor" value="Oracle Corporation"/>
    <property name="java.version.date" value="2024-04-16"/>
    <property name="java.home" value="/Users/ludovicsouplet/Library/Java/JavaVirtualMachines/openjdk-22.0.1/Contents/Home"/>
    <property name="file.separator" value="/"/>
    <property name="basedir" value="/Users/ludovicsouplet/Documents/POC_medhead_urgences_code/usersmicroservice"/>
    <property name="java.vm.compressedOopsMode" value="Zero based"/>
    <property name="line.separator" value="&#10;"/>
    <property name="java.vm.specification.vendor" value="Oracle Corporation"/>
    <property name="java.specification.name" value="Java Platform API Specification"/>
    <property name="FILE_LOG_CHARSET" value="UTF-8"/>
    <property name="java.awt.headless" value="true"/>
    <property name="apple.awt.application.name" value="ForkedBooter"/>
    <property name="surefire.real.class.path" value="/Users/ludovicsouplet/Documents/POC_medhead_urgences_code/usersmicroservice/target/surefire/surefirebooter-20240721134949689_3.jar"/>
    <property name="sun.management.compiler" value="HotSpot 64-Bit Tiered Compilers"/>
    <property name="ftp.nonProxyHosts" value="local|*.local|169.254/16|*.169.254/16"/>
    <property name="java.runtime.version" value="22.0.1+8-16"/>
    <property name="user.name" value="ludovicsouplet"/>
    <property name="stdout.encoding" value="UTF-8"/>
    <property name="path.separator" value=":"/>
    <property name="os.version" value="14.3"/>
    <property name="java.runtime.name" value="OpenJDK Runtime Environment"/>
    <property name="file.encoding" value="UTF-8"/>
    <property name="java.vm.name" value="OpenJDK 64-Bit Server VM"/>
    <property name="localRepository" value="/Users/ludovicsouplet/.m2/repository"/>
    <property name="java.vendor.url.bug" value="https://bugreport.java.com/bugreport/"/>
    <property name="java.io.tmpdir" value="/var/folders/1b/rkp_ppdn347d493_96_k5y_m0000gn/T/"/>
    <property name="idea.version" value="2024.1.4"/>
    <property name="com.zaxxer.hikari.pool_number" value="1"/>
    <property name="java.version" value="22.0.1"/>
    <property name="user.dir" value="/Users/ludovicsouplet/Documents/POC_medhead_urgences_code/usersmicroservice"/>
    <property name="os.arch" value="aarch64"/>
    <property name="java.vm.specification.name" value="Java Virtual Machine Specification"/>
    <property name="PID" value="13839"/>
    <property name="CONSOLE_LOG_CHARSET" value="UTF-8"/>
    <property name="native.encoding" value="UTF-8"/>
    <property name="java.library.path" value="/Users/ludovicsouplet/Library/Java/Extensions:/Library/Java/Extensions:/Network/Library/Java/Extensions:/System/Library/Java/Extensions:/usr/lib/java:."/>
    <property name="java.vm.info" value="mixed mode, sharing"/>
    <property name="stderr.encoding" value="UTF-8"/>
    <property name="java.vendor" value="Oracle Corporation"/>
    <property name="java.vm.version" value="22.0.1+8-16"/>
    <property name="sun.io.unicode.encoding" value="UnicodeBig"/>
    <property name="socksNonProxyHosts" value="local|*.local|169.254/16|*.169.254/16"/>
    <property name="java.class.version" value="66.0"/>
    <property name="LOGGED_APPLICATION_NAME" value="[usersmicroservice] "/>
  </properties>
  <testcase name="contextLoads" classname="com.medhead.usersmicroservice.UsersmicroserviceApplicationTests" time="0.262">
    <system-out><![CDATA[13:49:49.981 [main] INFO org.springframework.test.context.support.AnnotationConfigContextLoaderUtils -- Could not detect default configuration classes for test class [com.medhead.usersmicroservice.UsersmicroserviceApplicationTests]: UsersmicroserviceApplicationTests does not declare any static, non-private, non-final, nested classes annotated with @Configuration.
13:49:50.018 [main] INFO org.springframework.boot.test.context.SpringBootTestContextBootstrapper -- Found @SpringBootConfiguration com.medhead.usersmicroservice.UsersmicroserviceApplication for test class com.medhead.usersmicroservice.UsersmicroserviceApplicationTests

  .   ____          _            __ _ _
 /\\ / ___'_ __ _ _(_)_ __  __ _ \ \ \ \
( ( )\___ | '_ | '_| | '_ \/ _` | \ \ \ \
 \\/  ___)| |_)| | | | | || (_| |  ) ) ) )
  '  |____| .__|_| |_|_| |_\__, | / / / /
 =========|_|==============|___/=/_/_/_/

 :: Spring Boot ::                (v3.3.2)

2024-07-21T13:49:50.180+02:00  INFO 13839 --- [usersmicroservice] [           main] c.m.u.UsersmicroserviceApplicationTests  : Starting UsersmicroserviceApplicationTests using Java 22.0.1 with PID 13839 (started by ludovicsouplet in /Users/ludovicsouplet/Documents/POC_medhead_urgences_code/usersmicroservice)
2024-07-21T13:49:50.180+02:00  INFO 13839 --- [usersmicroservice] [           main] c.m.u.UsersmicroserviceApplicationTests  : No active profile set, falling back to 1 default profile: "default"
2024-07-21T13:49:50.195+02:00 DEBUG 13839 --- [usersmicroservice] [           main] o.s.w.c.s.GenericWebApplicationContext   : Refreshing org.springframework.web.context.support.GenericWebApplicationContext@641856
2024-07-21T13:49:50.401+02:00  INFO 13839 --- [usersmicroservice] [           main] .s.d.r.c.RepositoryConfigurationDelegate : Bootstrapping Spring Data JPA repositories in DEFAULT mode.
2024-07-21T13:49:50.419+02:00  INFO 13839 --- [usersmicroservice] [           main] .s.d.r.c.RepositoryConfigurationDelegate : Finished Spring Data repository scanning in 16 ms. Found 1 JPA repository interface.
2024-07-21T13:49:50.599+02:00 DEBUG 13839 --- [usersmicroservice] [           main] o.hibernate.jpa.internal.util.LogHelper  : PersistenceUnitInfo [
	name: default
	persistence provider classname: null
	classloader: jdk.internal.loader.ClassLoaders$AppClassLoader@18769467
	excludeUnlistedClasses: true
	JTA datasource: null
	Non JTA datasource: HikariDataSource (null)
	Transaction type: RESOURCE_LOCAL
	PU root URL: file:/Users/ludovicsouplet/Documents/POC_medhead_urgences_code/usersmicroservice/target/test-classes/
	Shared Cache Mode: UNSPECIFIED
	Validation Mode: AUTO
	Jar files URLs []
	Managed classes names [
		com.medhead.usersmicroservice.Entities.User]
	Mapping files names []
	Properties []
2024-07-21T13:49:50.603+02:00 DEBUG 13839 --- [usersmicroservice] [           main] o.h.i.internal.IntegratorServiceImpl     : Adding Integrator [org.hibernate.boot.beanvalidation.BeanValidationIntegrator].
2024-07-21T13:49:50.603+02:00 DEBUG 13839 --- [usersmicroservice] [           main] o.h.i.internal.IntegratorServiceImpl     : Adding Integrator [org.hibernate.cache.internal.CollectionCacheInvalidator].
2024-07-21T13:49:50.621+02:00  INFO 13839 --- [usersmicroservice] [           main] org.hibernate.Version                    : HHH000412: Hibernate ORM core version 6.5.2.Final
2024-07-21T13:49:50.621+02:00 DEBUG 13839 --- [usersmicroservice] [           main] org.hibernate.cfg.Environment            : HHH000206: 'hibernate.properties' not found
2024-07-21T13:49:50.629+02:00 DEBUG 13839 --- [usersmicroservice] [           main] org.hibernate.orm.idgen.factory          : Registering IdentifierGenerator strategy [uuid2] -> [org.hibernate.id.UUIDGenerator]
2024-07-21T13:49:50.630+02:00 DEBUG 13839 --- [usersmicroservice] [           main] org.hibernate.orm.idgen.factory          : Registering IdentifierGenerator strategy [guid] -> [org.hibernate.id.GUIDGenerator]
2024-07-21T13:49:50.630+02:00 DEBUG 13839 --- [usersmicroservice] [           main] org.hibernate.orm.idgen.factory          : Registering IdentifierGenerator strategy [uuid] -> [org.hibernate.id.UUIDHexGenerator]
2024-07-21T13:49:50.630+02:00 DEBUG 13839 --- [usersmicroservice] [           main] org.hibernate.orm.idgen.factory          : Registering IdentifierGenerator strategy [uuid.hex] -> [org.hibernate.id.UUIDHexGenerator]
2024-07-21T13:49:50.630+02:00 DEBUG 13839 --- [usersmicroservice] [           main] org.hibernate.orm.idgen.factory          : Registering IdentifierGenerator strategy [assigned] -> [org.hibernate.id.Assigned]
2024-07-21T13:49:50.630+02:00 DEBUG 13839 --- [usersmicroservice] [           main] org.hibernate.orm.idgen.factory          : Registering IdentifierGenerator strategy [identity] -> [org.hibernate.id.IdentityGenerator]
2024-07-21T13:49:50.630+02:00 DEBUG 13839 --- [usersmicroservice] [           main] org.hibernate.orm.idgen.factory          : Registering IdentifierGenerator strategy [select] -> [org.hibernate.id.SelectGenerator]
2024-07-21T13:49:50.631+02:00 DEBUG 13839 --- [usersmicroservice] [           main] org.hibernate.orm.idgen.factory          : Registering IdentifierGenerator strategy [sequence] -> [org.hibernate.id.enhanced.SequenceStyleGenerator]
2024-07-21T13:49:50.631+02:00 DEBUG 13839 --- [usersmicroservice] [           main] org.hibernate.orm.idgen.factory          : Registering IdentifierGenerator strategy [increment] -> [org.hibernate.id.IncrementGenerator]
2024-07-21T13:49:50.631+02:00 DEBUG 13839 --- [usersmicroservice] [           main] org.hibernate.orm.idgen.factory          : Registering IdentifierGenerator strategy [foreign] -> [org.hibernate.id.ForeignGenerator]
2024-07-21T13:49:50.631+02:00 DEBUG 13839 --- [usersmicroservice] [           main] org.hibernate.orm.idgen.factory          : Registering IdentifierGenerator strategy [enhanced-sequence] -> [org.hibernate.id.enhanced.SequenceStyleGenerator]
2024-07-21T13:49:50.632+02:00 DEBUG 13839 --- [usersmicroservice] [           main] org.hibernate.orm.idgen.factory          : Registering IdentifierGenerator strategy [enhanced-table] -> [org.hibernate.id.enhanced.TableGenerator]
2024-07-21T13:49:50.633+02:00 DEBUG 13839 --- [usersmicroservice] [           main] o.h.c.internal.RegionFactoryInitiator    : Cannot default RegionFactory based on registered strategies as `[]` RegionFactory strategies were registered
2024-07-21T13:49:50.634+02:00  INFO 13839 --- [usersmicroservice] [           main] o.h.c.internal.RegionFactoryInitiator    : HHH000026: Second-level cache disabled
2024-07-21T13:49:50.661+02:00 DEBUG 13839 --- [usersmicroservice] [           main] org.hibernate.type.BasicTypeRegistry     : Adding type registration boolean -> org.hibernate.type.BasicTypeReference@36359723
2024-07-21T13:49:50.661+02:00 DEBUG 13839 --- [usersmicroservice] [           main] org.hibernate.type.BasicTypeRegistry     : Adding type registration boolean -> org.hibernate.type.BasicTypeReference@36359723
2024-07-21T13:49:50.661+02:00 DEBUG 13839 --- [usersmicroservice] [           main] org.hibernate.type.BasicTypeRegistry     : Adding type registration java.lang.Boolean -> org.hibernate.type.BasicTypeReference@36359723
2024-07-21T13:49:50.661+02:00 DEBUG 13839 --- [usersmicroservice] [           main] org.hibernate.type.BasicTypeRegistry     : Adding type registration numeric_boolean -> org.hibernate.type.BasicTypeReference@1ab14636
2024-07-21T13:49:50.661+02:00 DEBUG 13839 --- [usersmicroservice] [           main] org.hibernate.type.BasicTypeRegistry     : Adding type registration org.hibernate.type.NumericBooleanConverter -> org.hibernate.type.BasicTypeReference@1ab14636
2024-07-21T13:49:50.661+02:00 DEBUG 13839 --- [usersmicroservice] [           main] org.hibernate.type.BasicTypeRegistry     : Adding type registration true_false -> org.hibernate.type.BasicTypeReference@16b3c905
2024-07-21T13:49:50.661+02:00 DEBUG 13839 --- [usersmicroservice] [           main] org.hibernate.type.BasicTypeRegistry     : Adding type registration org.hibernate.type.TrueFalseConverter -> org.hibernate.type.BasicTypeReference@16b3c905
2024-07-21T13:49:50.661+02:00 DEBUG 13839 --- [usersmicroservice] [           main] org.hibernate.type.BasicTypeRegistry     : Adding type registration yes_no -> org.hibernate.type.BasicTypeReference@49fdbe2b
2024-07-21T13:49:50.661+02:00 DEBUG 13839 --- [usersmicroservice] [           main] org.hibernate.type.BasicTypeRegistry     : Adding type registration org.hibernate.type.YesNoConverter -> org.hibernate.type.BasicTypeReference@49fdbe2b
2024-07-21T13:49:50.661+02:00 DEBUG 13839 --- [usersmicroservice] [           main] org.hibernate.type.BasicTypeRegistry     : Adding type registration byte -> org.hibernate.type.BasicTypeReference@53eba4b8
2024-07-21T13:49:50.661+02:00 DEBUG 13839 --- [usersmicroservice] [           main] org.hibernate.type.BasicTypeRegistry     : Adding type registration byte -> org.hibernate.type.BasicTypeReference@53eba4b8
2024-07-21T13:49:50.661+02:00 DEBUG 13839 --- [usersmicroservice] [           main] org.hibernate.type.BasicTypeRegistry     : Adding type registration java.lang.Byte -> org.hibernate.type.BasicTypeReference@53eba4b8
2024-07-21T13:49:50.661+02:00 DEBUG 13839 --- [usersmicroservice] [           main] org.hibernate.type.BasicTypeRegistry     : Adding type registration binary -> org.hibernate.type.BasicTypeReference@437bd805
2024-07-21T13:49:50.661+02:00 DEBUG 13839 --- [usersmicroservice] [           main] org.hibernate.type.BasicTypeRegistry     : Adding type registration byte[] -> org.hibernate.type.BasicTypeReference@437bd805
2024-07-21T13:49:50.661+02:00 DEBUG 13839 --- [usersmicroservice] [           main] org.hibernate.type.BasicTypeRegistry     : Adding type registration [B -> org.hibernate.type.BasicTypeReference@437bd805
2024-07-21T13:49:50.661+02:00 DEBUG 13839 --- [usersmicroservice] [           main] org.hibernate.type.BasicTypeRegistry     : Adding type registration binary_wrapper -> org.hibernate.type.BasicTypeReference@4b88ca8e
2024-07-21T13:49:50.661+02:00 DEBUG 13839 --- [usersmicroservice] [           main] org.hibernate.type.BasicTypeRegistry     : Adding type registration wrapper-binary -> org.hibernate.type.BasicTypeReference@4b88ca8e
2024-07-21T13:49:50.662+02:00 DEBUG 13839 --- [usersmicroservice] [           main] org.hibernate.type.BasicTypeRegistry     : Adding type registration image -> org.hibernate.type.BasicTypeReference@6fa02932
2024-07-21T13:49:50.662+02:00 DEBUG 13839 --- [usersmicroservice] [           main] org.hibernate.type.BasicTypeRegistry     : Adding type registration blob -> org.hibernate.type.BasicTypeReference@61608e1a
2024-07-21T13:49:50.662+02:00 DEBUG 13839 --- [usersmicroservice] [           main] org.hibernate.type.BasicTypeRegistry     : Adding type registration java.sql.Blob -> org.hibernate.type.BasicTypeReference@61608e1a
2024-07-21T13:49:50.662+02:00 DEBUG 13839 --- [usersmicroservice] [           main] org.hibernate.type.BasicTypeRegistry     : Adding type registration materialized_blob -> org.hibernate.type.BasicTypeReference@7c46c9c3
2024-07-21T13:49:50.662+02:00 DEBUG 13839 --- [usersmicroservice] [           main] org.hibernate.type.BasicTypeRegistry     : Adding type registration materialized_blob_wrapper -> org.hibernate.type.BasicTypeReference@7197b07f
2024-07-21T13:49:50.662+02:00 DEBUG 13839 --- [usersmicroservice] [           main] org.hibernate.type.BasicTypeRegistry     : Adding type registration short -> org.hibernate.type.BasicTypeReference@1f10fec6
2024-07-21T13:49:50.662+02:00 DEBUG 13839 --- [usersmicroservice] [           main] org.hibernate.type.BasicTypeRegistry     : Adding type registration short -> org.hibernate.type.BasicTypeReference@1f10fec6
2024-07-21T13:49:50.662+02:00 DEBUG 13839 --- [usersmicroservice] [           main] org.hibernate.type.BasicTypeRegistry     : Adding type registration java.lang.Short -> org.hibernate.type.BasicTypeReference@1f10fec6
2024-07-21T13:49:50.662+02:00 DEBUG 13839 --- [usersmicroservice] [           main] org.hibernate.type.BasicTypeRegistry     : Adding type registration integer -> org.hibernate.type.BasicTypeReference@7a65a360
2024-07-21T13:49:50.662+02:00 DEBUG 13839 --- [usersmicroservice] [           main] org.hibernate.type.BasicTypeRegistry     : Adding type registration int -> org.hibernate.type.BasicTypeReference@7a65a360
2024-07-21T13:49:50.662+02:00 DEBUG 13839 --- [usersmicroservice] [           main] org.hibernate.type.BasicTypeRegistry     : Adding type registration java.lang.Integer -> org.hibernate.type.BasicTypeReference@7a65a360
2024-07-21T13:49:50.662+02:00 DEBUG 13839 --- [usersmicroservice] [           main] org.hibernate.type.BasicTypeRegistry     : Adding type registration long -> org.hibernate.type.BasicTypeReference@30a7653e
2024-07-21T13:49:50.662+02:00 DEBUG 13839 --- [usersmicroservice] [           main] org.hibernate.type.BasicTypeRegistry     : Adding type registration long -> org.hibernate.type.BasicTypeReference@30a7653e
2024-07-21T13:49:50.662+02:00 DEBUG 13839 --- [usersmicroservice] [           main] org.hibernate.type.BasicTypeRegistry     : Adding type registration java.lang.Long -> org.hibernate.type.BasicTypeReference@30a7653e
2024-07-21T13:49:50.662+02:00 DEBUG 13839 --- [usersmicroservice] [           main] org.hibernate.type.BasicTypeRegistry     : Adding type registration float -> org.hibernate.type.BasicTypeReference@7cff3f1d
2024-07-21T13:49:50.662+02:00 DEBUG 13839 --- [usersmicroservice] [           main] org.hibernate.type.BasicTypeRegistry     : Adding type registration float -> org.hibernate.type.BasicTypeReference@7cff3f1d
2024-07-21T13:49:50.662+02:00 DEBUG 13839 --- [usersmicroservice] [           main] org.hibernate.type.BasicTypeRegistry     : Adding type registration java.lang.Float -> org.hibernate.type.BasicTypeReference@7cff3f1d
2024-07-21T13:49:50.662+02:00 DEBUG 13839 --- [usersmicroservice] [           main] org.hibernate.type.BasicTypeRegistry     : Adding type registration double -> org.hibernate.type.BasicTypeReference@6401188a
2024-07-21T13:49:50.663+02:00 DEBUG 13839 --- [usersmicroservice] [           main] org.hibernate.type.BasicTypeRegistry     : Adding type registration double -> org.hibernate.type.BasicTypeReference@6401188a
2024-07-21T13:49:50.663+02:00 DEBUG 13839 --- [usersmicroservice] [           main] org.hibernate.type.BasicTypeRegistry     : Adding type registration java.lang.Double -> org.hibernate.type.BasicTypeReference@6401188a
2024-07-21T13:49:50.663+02:00 DEBUG 13839 --- [usersmicroservice] [           main] org.hibernate.type.BasicTypeRegistry     : Adding type registration big_integer -> org.hibernate.type.BasicTypeReference@33a8c9c9
2024-07-21T13:49:50.663+02:00 DEBUG 13839 --- [usersmicroservice] [           main] org.hibernate.type.BasicTypeRegistry     : Adding type registration java.math.BigInteger -> org.hibernate.type.BasicTypeReference@33a8c9c9
2024-07-21T13:49:50.663+02:00 DEBUG 13839 --- [usersmicroservice] [           main] org.hibernate.type.BasicTypeRegistry     : Adding type registration big_decimal -> org.hibernate.type.BasicTypeReference@382dc417
2024-07-21T13:49:50.663+02:00 DEBUG 13839 --- [usersmicroservice] [           main] org.hibernate.type.BasicTypeRegistry     : Adding type registration java.math.BigDecimal -> org.hibernate.type.BasicTypeReference@382dc417
2024-07-21T13:49:50.663+02:00 DEBUG 13839 --- [usersmicroservice] [           main] org.hibernate.type.BasicTypeRegistry     : Adding type registration character -> org.hibernate.type.BasicTypeReference@3daf03d8
2024-07-21T13:49:50.663+02:00 DEBUG 13839 --- [usersmicroservice] [           main] org.hibernate.type.BasicTypeRegistry     : Adding type registration char -> org.hibernate.type.BasicTypeReference@3daf03d8
2024-07-21T13:49:50.663+02:00 DEBUG 13839 --- [usersmicroservice] [           main] org.hibernate.type.BasicTypeRegistry     : Adding type registration java.lang.Character -> org.hibernate.type.BasicTypeReference@3daf03d8
2024-07-21T13:49:50.663+02:00 DEBUG 13839 --- [usersmicroservice] [           main] org.hibernate.type.BasicTypeRegistry     : Adding type registration character_nchar -> org.hibernate.type.BasicTypeReference@510689af
2024-07-21T13:49:50.663+02:00 DEBUG 13839 --- [usersmicroservice] [           main] org.hibernate.type.BasicTypeRegistry     : Adding type registration string -> org.hibernate.type.BasicTypeReference@2415e4c7
2024-07-21T13:49:50.663+02:00 DEBUG 13839 --- [usersmicroservice] [           main] org.hibernate.type.BasicTypeRegistry     : Adding type registration java.lang.String -> org.hibernate.type.BasicTypeReference@2415e4c7
2024-07-21T13:49:50.663+02:00 DEBUG 13839 --- [usersmicroservice] [           main] org.hibernate.type.BasicTypeRegistry     : Adding type registration nstring -> org.hibernate.type.BasicTypeReference@72ce812e
2024-07-21T13:49:50.663+02:00 DEBUG 13839 --- [usersmicroservice] [           main] org.hibernate.type.BasicTypeRegistry     : Adding type registration characters -> org.hibernate.type.BasicTypeReference@373afd6c
2024-07-21T13:49:50.663+02:00 DEBUG 13839 --- [usersmicroservice] [           main] org.hibernate.type.BasicTypeRegistry     : Adding type registration char[] -> org.hibernate.type.BasicTypeReference@373afd6c
2024-07-21T13:49:50.663+02:00 DEBUG 13839 --- [usersmicroservice] [           main] org.hibernate.type.BasicTypeRegistry     : Adding type registration [C -> org.hibernate.type.BasicTypeReference@373afd6c
2024-07-21T13:49:50.663+02:00 DEBUG 13839 --- [usersmicroservice] [           main] org.hibernate.type.BasicTypeRegistry     : Adding type registration wrapper-characters -> org.hibernate.type.BasicTypeReference@521441d5
2024-07-21T13:49:50.663+02:00 DEBUG 13839 --- [usersmicroservice] [           main] org.hibernate.type.BasicTypeRegistry     : Adding type registration text -> org.hibernate.type.BasicTypeReference@592ca48c
2024-07-21T13:49:50.663+02:00 DEBUG 13839 --- [usersmicroservice] [           main] org.hibernate.type.BasicTypeRegistry     : Adding type registration ntext -> org.hibernate.type.BasicTypeReference@5fed9976
2024-07-21T13:49:50.663+02:00 DEBUG 13839 --- [usersmicroservice] [           main] org.hibernate.type.BasicTypeRegistry     : Adding type registration clob -> org.hibernate.type.BasicTypeReference@3fdcde7a
2024-07-21T13:49:50.663+02:00 DEBUG 13839 --- [usersmicroservice] [           main] org.hibernate.type.BasicTypeRegistry     : Adding type registration java.sql.Clob -> org.hibernate.type.BasicTypeReference@3fdcde7a
2024-07-21T13:49:50.664+02:00 DEBUG 13839 --- [usersmicroservice] [           main] org.hibernate.type.BasicTypeRegistry     : Adding type registration nclob -> org.hibernate.type.BasicTypeReference@4f363abd
2024-07-21T13:49:50.664+02:00 DEBUG 13839 --- [usersmicroservice] [           main] org.hibernate.type.BasicTypeRegistry     : Adding type registration java.sql.NClob -> org.hibernate.type.BasicTypeReference@4f363abd
2024-07-21T13:49:50.664+02:00 DEBUG 13839 --- [usersmicroservice] [           main] org.hibernate.type.BasicTypeRegistry     : Adding type registration materialized_clob -> org.hibernate.type.BasicTypeReference@7302ff13
2024-07-21T13:49:50.664+02:00 DEBUG 13839 --- [usersmicroservice] [           main] org.hibernate.type.BasicTypeRegistry     : Adding type registration materialized_clob_char_array -> org.hibernate.type.BasicTypeReference@4017fe2c
2024-07-21T13:49:50.664+02:00 DEBUG 13839 --- [usersmicroservice] [           main] org.hibernate.type.BasicTypeRegistry     : Adding type registration materialized_clob_character_array -> org.hibernate.type.BasicTypeReference@1961d75a
2024-07-21T13:49:50.664+02:00 DEBUG 13839 --- [usersmicroservice] [           main] org.hibernate.type.BasicTypeRegistry     : Adding type registration materialized_nclob -> org.hibernate.type.BasicTypeReference@677ce519
2024-07-21T13:49:50.664+02:00 DEBUG 13839 --- [usersmicroservice] [           main] org.hibernate.type.BasicTypeRegistry     : Adding type registration materialized_nclob_character_array -> org.hibernate.type.BasicTypeReference@3e26482
2024-07-21T13:49:50.664+02:00 DEBUG 13839 --- [usersmicroservice] [           main] org.hibernate.type.BasicTypeRegistry     : Adding type registration materialized_nclob_char_array -> org.hibernate.type.BasicTypeReference@7cfb0c4c
2024-07-21T13:49:50.664+02:00 DEBUG 13839 --- [usersmicroservice] [           main] org.hibernate.type.BasicTypeRegistry     : Adding type registration Duration -> org.hibernate.type.BasicTypeReference@6b37df8e
2024-07-21T13:49:50.664+02:00 DEBUG 13839 --- [usersmicroservice] [           main] org.hibernate.type.BasicTypeRegistry     : Adding type registration java.time.Duration -> org.hibernate.type.BasicTypeReference@6b37df8e
2024-07-21T13:49:50.664+02:00 DEBUG 13839 --- [usersmicroservice] [           main] org.hibernate.type.BasicTypeRegistry     : Adding type registration LocalDateTime -> org.hibernate.type.BasicTypeReference@6b63abdc
2024-07-21T13:49:50.664+02:00 DEBUG 13839 --- [usersmicroservice] [           main] org.hibernate.type.BasicTypeRegistry     : Adding type registration java.time.LocalDateTime -> org.hibernate.type.BasicTypeReference@6b63abdc
2024-07-21T13:49:50.664+02:00 DEBUG 13839 --- [usersmicroservice] [           main] org.hibernate.type.BasicTypeRegistry     : Adding type registration LocalDate -> org.hibernate.type.BasicTypeReference@7b351446
2024-07-21T13:49:50.664+02:00 DEBUG 13839 --- [usersmicroservice] [           main] org.hibernate.type.BasicTypeRegistry     : Adding type registration java.time.LocalDate -> org.hibernate.type.BasicTypeReference@7b351446
2024-07-21T13:49:50.664+02:00 DEBUG 13839 --- [usersmicroservice] [           main] org.hibernate.type.BasicTypeRegistry     : Adding type registration LocalTime -> org.hibernate.type.BasicTypeReference@5f08fe00
2024-07-21T13:49:50.664+02:00 DEBUG 13839 --- [usersmicroservice] [           main] org.hibernate.type.BasicTypeRegistry     : Adding type registration java.time.LocalTime -> org.hibernate.type.BasicTypeReference@5f08fe00
2024-07-21T13:49:50.664+02:00 DEBUG 13839 --- [usersmicroservice] [           main] org.hibernate.type.BasicTypeRegistry     : Adding type registration OffsetDateTime -> org.hibernate.type.BasicTypeReference@a1691c0
2024-07-21T13:49:50.664+02:00 DEBUG 13839 --- [usersmicroservice] [           main] org.hibernate.type.BasicTypeRegistry     : Adding type registration java.time.OffsetDateTime -> org.hibernate.type.BasicTypeReference@a1691c0
2024-07-21T13:49:50.664+02:00 DEBUG 13839 --- [usersmicroservice] [           main] org.hibernate.type.BasicTypeRegistry     : Adding type registration OffsetDateTimeWithTimezone -> org.hibernate.type.BasicTypeReference@7c5df615
2024-07-21T13:49:50.664+02:00 DEBUG 13839 --- [usersmicroservice] [           main] org.hibernate.type.BasicTypeRegistry     : Adding type registration OffsetDateTimeWithoutTimezone -> org.hibernate.type.BasicTypeReference@2f995afc
2024-07-21T13:49:50.665+02:00 DEBUG 13839 --- [usersmicroservice] [           main] org.hibernate.type.BasicTypeRegistry     : Adding type registration OffsetTime -> org.hibernate.type.BasicTypeReference@377949f1
2024-07-21T13:49:50.665+02:00 DEBUG 13839 --- [usersmicroservice] [           main] org.hibernate.type.BasicTypeRegistry     : Adding type registration java.time.OffsetTime -> org.hibernate.type.BasicTypeReference@377949f1
2024-07-21T13:49:50.665+02:00 DEBUG 13839 --- [usersmicroservice] [           main] org.hibernate.type.BasicTypeRegistry     : Adding type registration OffsetTimeUtc -> org.hibernate.type.BasicTypeReference@9df564f
2024-07-21T13:49:50.665+02:00 DEBUG 13839 --- [usersmicroservice] [           main] org.hibernate.type.BasicTypeRegistry     : Adding type registration OffsetTimeWithTimezone -> org.hibernate.type.BasicTypeReference@1a21f43f
2024-07-21T13:49:50.665+02:00 DEBUG 13839 --- [usersmicroservice] [           main] org.hibernate.type.BasicTypeRegistry     : Adding type registration OffsetTimeWithoutTimezone -> org.hibernate.type.BasicTypeReference@7f0a133d
2024-07-21T13:49:50.665+02:00 DEBUG 13839 --- [usersmicroservice] [           main] org.hibernate.type.BasicTypeRegistry     : Adding type registration ZonedDateTime -> org.hibernate.type.BasicTypeReference@241fbec
2024-07-21T13:49:50.665+02:00 DEBUG 13839 --- [usersmicroservice] [           main] org.hibernate.type.BasicTypeRegistry     : Adding type registration java.time.ZonedDateTime -> org.hibernate.type.BasicTypeReference@241fbec
2024-07-21T13:49:50.665+02:00 DEBUG 13839 --- [usersmicroservice] [           main] org.hibernate.type.BasicTypeRegistry     : Adding type registration ZonedDateTimeWithTimezone -> org.hibernate.type.BasicTypeReference@715fa8c5
2024-07-21T13:49:50.665+02:00 DEBUG 13839 --- [usersmicroservice] [           main] org.hibernate.type.BasicTypeRegistry     : Adding type registration ZonedDateTimeWithoutTimezone -> org.hibernate.type.BasicTypeReference@644a3add
2024-07-21T13:49:50.665+02:00 DEBUG 13839 --- [usersmicroservice] [           main] org.hibernate.type.BasicTypeRegistry     : Adding type registration date -> org.hibernate.type.BasicTypeReference@4b765e92
2024-07-21T13:49:50.665+02:00 DEBUG 13839 --- [usersmicroservice] [           main] org.hibernate.type.BasicTypeRegistry     : Adding type registration java.sql.Date -> org.hibernate.type.BasicTypeReference@4b765e92
2024-07-21T13:49:50.665+02:00 DEBUG 13839 --- [usersmicroservice] [           main] org.hibernate.type.BasicTypeRegistry     : Adding type registration time -> org.hibernate.type.BasicTypeReference@4665428b
2024-07-21T13:49:50.665+02:00 DEBUG 13839 --- [usersmicroservice] [           main] org.hibernate.type.BasicTypeRegistry     : Adding type registration java.sql.Time -> org.hibernate.type.BasicTypeReference@4665428b
2024-07-21T13:49:50.665+02:00 DEBUG 13839 --- [usersmicroservice] [           main] org.hibernate.type.BasicTypeRegistry     : Adding type registration timestamp -> org.hibernate.type.BasicTypeReference@4a70d302
2024-07-21T13:49:50.665+02:00 DEBUG 13839 --- [usersmicroservice] [           main] org.hibernate.type.BasicTypeRegistry     : Adding type registration java.sql.Timestamp -> org.hibernate.type.BasicTypeReference@4a70d302
2024-07-21T13:49:50.665+02:00 DEBUG 13839 --- [usersmicroservice] [           main] org.hibernate.type.BasicTypeRegistry     : Adding type registration java.util.Date -> org.hibernate.type.BasicTypeReference@4a70d302
2024-07-21T13:49:50.665+02:00 DEBUG 13839 --- [usersmicroservice] [           main] org.hibernate.type.BasicTypeRegistry     : Adding type registration calendar -> org.hibernate.type.BasicTypeReference@7fd99443
2024-07-21T13:49:50.665+02:00 DEBUG 13839 --- [usersmicroservice] [           main] org.hibernate.type.BasicTypeRegistry     : Adding type registration java.util.Calendar -> org.hibernate.type.BasicTypeReference@7fd99443
2024-07-21T13:49:50.665+02:00 DEBUG 13839 --- [usersmicroservice] [           main] org.hibernate.type.BasicTypeRegistry     : Adding type registration java.util.GregorianCalendar -> org.hibernate.type.BasicTypeReference@7fd99443
2024-07-21T13:49:50.665+02:00 DEBUG 13839 --- [usersmicroservice] [           main] org.hibernate.type.BasicTypeRegistry     : Adding type registration calendar_date -> org.hibernate.type.BasicTypeReference@622d7e4
2024-07-21T13:49:50.665+02:00 DEBUG 13839 --- [usersmicroservice] [           main] org.hibernate.type.BasicTypeRegistry     : Adding type registration calendar_time -> org.hibernate.type.BasicTypeReference@6a3fbcb1
2024-07-21T13:49:50.665+02:00 DEBUG 13839 --- [usersmicroservice] [           main] org.hibernate.type.BasicTypeRegistry     : Adding type registration instant -> org.hibernate.type.BasicTypeReference@261b9a37
2024-07-21T13:49:50.665+02:00 DEBUG 13839 --- [usersmicroservice] [           main] org.hibernate.type.BasicTypeRegistry     : Adding type registration java.time.Instant -> org.hibernate.type.BasicTypeReference@261b9a37
2024-07-21T13:49:50.665+02:00 DEBUG 13839 --- [usersmicroservice] [           main] org.hibernate.type.BasicTypeRegistry     : Adding type registration uuid -> org.hibernate.type.BasicTypeReference@15d3793b
2024-07-21T13:49:50.665+02:00 DEBUG 13839 --- [usersmicroservice] [           main] org.hibernate.type.BasicTypeRegistry     : Adding type registration java.util.UUID -> org.hibernate.type.BasicTypeReference@15d3793b
2024-07-21T13:49:50.665+02:00 DEBUG 13839 --- [usersmicroservice] [           main] org.hibernate.type.BasicTypeRegistry     : Adding type registration pg-uuid -> org.hibernate.type.BasicTypeReference@15d3793b
2024-07-21T13:49:50.665+02:00 DEBUG 13839 --- [usersmicroservice] [           main] org.hibernate.type.BasicTypeRegistry     : Adding type registration uuid-binary -> org.hibernate.type.BasicTypeReference@55e1192
2024-07-21T13:49:50.666+02:00 DEBUG 13839 --- [usersmicroservice] [           main] org.hibernate.type.BasicTypeRegistry     : Adding type registration uuid-char -> org.hibernate.type.BasicTypeReference@1213ffbc
2024-07-21T13:49:50.666+02:00 DEBUG 13839 --- [usersmicroservice] [           main] org.hibernate.type.BasicTypeRegistry     : Adding type registration class -> org.hibernate.type.BasicTypeReference@68a305eb
2024-07-21T13:49:50.666+02:00 DEBUG 13839 --- [usersmicroservice] [           main] org.hibernate.type.BasicTypeRegistry     : Adding type registration java.lang.Class -> org.hibernate.type.BasicTypeReference@68a305eb
2024-07-21T13:49:50.666+02:00 DEBUG 13839 --- [usersmicroservice] [           main] org.hibernate.type.BasicTypeRegistry     : Adding type registration currency -> org.hibernate.type.BasicTypeReference@6637a365
2024-07-21T13:49:50.666+02:00 DEBUG 13839 --- [usersmicroservice] [           main] org.hibernate.type.BasicTypeRegistry     : Adding type registration Currency -> org.hibernate.type.BasicTypeReference@6637a365
2024-07-21T13:49:50.666+02:00 DEBUG 13839 --- [usersmicroservice] [           main] org.hibernate.type.BasicTypeRegistry     : Adding type registration java.util.Currency -> org.hibernate.type.BasicTypeReference@6637a365
2024-07-21T13:49:50.666+02:00 DEBUG 13839 --- [usersmicroservice] [           main] org.hibernate.type.BasicTypeRegistry     : Adding type registration locale -> org.hibernate.type.BasicTypeReference@1ef31f71
2024-07-21T13:49:50.666+02:00 DEBUG 13839 --- [usersmicroservice] [           main] org.hibernate.type.BasicTypeRegistry     : Adding type registration java.util.Locale -> org.hibernate.type.BasicTypeReference@1ef31f71
2024-07-21T13:49:50.666+02:00 DEBUG 13839 --- [usersmicroservice] [           main] org.hibernate.type.BasicTypeRegistry     : Adding type registration serializable -> org.hibernate.type.BasicTypeReference@6e8fdd19
2024-07-21T13:49:50.666+02:00 DEBUG 13839 --- [usersmicroservice] [           main] org.hibernate.type.BasicTypeRegistry     : Adding type registration java.io.Serializable -> org.hibernate.type.BasicTypeReference@6e8fdd19
2024-07-21T13:49:50.666+02:00 DEBUG 13839 --- [usersmicroservice] [           main] org.hibernate.type.BasicTypeRegistry     : Adding type registration timezone -> org.hibernate.type.BasicTypeReference@35787726
2024-07-21T13:49:50.666+02:00 DEBUG 13839 --- [usersmicroservice] [           main] org.hibernate.type.BasicTypeRegistry     : Adding type registration java.util.TimeZone -> org.hibernate.type.BasicTypeReference@35787726
2024-07-21T13:49:50.666+02:00 DEBUG 13839 --- [usersmicroservice] [           main] org.hibernate.type.BasicTypeRegistry     : Adding type registration ZoneOffset -> org.hibernate.type.BasicTypeReference@2199e845
2024-07-21T13:49:50.666+02:00 DEBUG 13839 --- [usersmicroservice] [           main] org.hibernate.type.BasicTypeRegistry     : Adding type registration java.time.ZoneOffset -> org.hibernate.type.BasicTypeReference@2199e845
2024-07-21T13:49:50.666+02:00 DEBUG 13839 --- [usersmicroservice] [           main] org.hibernate.type.BasicTypeRegistry     : Adding type registration url -> org.hibernate.type.BasicTypeReference@27976390
2024-07-21T13:49:50.666+02:00 DEBUG 13839 --- [usersmicroservice] [           main] org.hibernate.type.BasicTypeRegistry     : Adding type registration java.net.URL -> org.hibernate.type.BasicTypeReference@27976390
2024-07-21T13:49:50.666+02:00 DEBUG 13839 --- [usersmicroservice] [           main] org.hibernate.type.BasicTypeRegistry     : Adding type registration vector -> org.hibernate.type.BasicTypeReference@37e0056e
2024-07-21T13:49:50.666+02:00 DEBUG 13839 --- [usersmicroservice] [           main] org.hibernate.type.BasicTypeRegistry     : Adding type registration row_version -> org.hibernate.type.BasicTypeReference@415795f3
2024-07-21T13:49:50.668+02:00 DEBUG 13839 --- [usersmicroservice] [           main] org.hibernate.type.BasicTypeRegistry     : Adding type registration object -> org.hibernate.type.JavaObjectType@6b8d54da
2024-07-21T13:49:50.668+02:00 DEBUG 13839 --- [usersmicroservice] [           main] org.hibernate.type.BasicTypeRegistry     : Adding type registration java.lang.Object -> org.hibernate.type.JavaObjectType@6b8d54da
2024-07-21T13:49:50.668+02:00 DEBUG 13839 --- [usersmicroservice] [           main] org.hibernate.type.BasicTypeRegistry     : Adding type registration null -> org.hibernate.type.NullType@1f536481
2024-07-21T13:49:50.668+02:00 DEBUG 13839 --- [usersmicroservice] [           main] org.hibernate.type.BasicTypeRegistry     : Adding type registration imm_date -> org.hibernate.type.BasicTypeReference@5234b61a
2024-07-21T13:49:50.668+02:00 DEBUG 13839 --- [usersmicroservice] [           main] org.hibernate.type.BasicTypeRegistry     : Adding type registration imm_time -> org.hibernate.type.BasicTypeReference@22a260ff
2024-07-21T13:49:50.668+02:00 DEBUG 13839 --- [usersmicroservice] [           main] org.hibernate.type.BasicTypeRegistry     : Adding type registration imm_timestamp -> org.hibernate.type.BasicTypeReference@54c425b1
2024-07-21T13:49:50.668+02:00 DEBUG 13839 --- [usersmicroservice] [           main] org.hibernate.type.BasicTypeRegistry     : Adding type registration imm_calendar -> org.hibernate.type.BasicTypeReference@50b734c4
2024-07-21T13:49:50.668+02:00 DEBUG 13839 --- [usersmicroservice] [           main] org.hibernate.type.BasicTypeRegistry     : Adding type registration imm_calendar_date -> org.hibernate.type.BasicTypeReference@2744dcae
2024-07-21T13:49:50.668+02:00 DEBUG 13839 --- [usersmicroservice] [           main] org.hibernate.type.BasicTypeRegistry     : Adding type registration imm_calendar_time -> org.hibernate.type.BasicTypeReference@16d0e521
2024-07-21T13:49:50.669+02:00 DEBUG 13839 --- [usersmicroservice] [           main] org.hibernate.type.BasicTypeRegistry     : Adding type registration imm_binary -> org.hibernate.type.BasicTypeReference@634ca3e7
2024-07-21T13:49:50.669+02:00 DEBUG 13839 --- [usersmicroservice] [           main] org.hibernate.type.BasicTypeRegistry     : Adding type registration imm_serializable -> org.hibernate.type.BasicTypeReference@ab4aa5e
2024-07-21T13:49:50.670+02:00 DEBUG 13839 --- [usersmicroservice] [           main] o.h.boot.internal.BootstrapContextImpl   : Injecting JPA temp ClassLoader [org.springframework.instrument.classloading.SimpleThrowawayClassLoader@76973a6] into BootstrapContext; was [null]
2024-07-21T13:49:50.670+02:00 DEBUG 13839 --- [usersmicroservice] [           main] o.h.boot.internal.ClassLoaderAccessImpl  : ClassLoaderAccessImpl#injectTempClassLoader(org.springframework.instrument.classloading.SimpleThrowawayClassLoader@76973a6) [was null]
2024-07-21T13:49:50.670+02:00 DEBUG 13839 --- [usersmicroservice] [           main] o.h.boot.internal.BootstrapContextImpl   : Injecting ScanEnvironment [org.hibernate.jpa.boot.internal.StandardJpaScanEnvironmentImpl@c4d2c44] into BootstrapContext; was [null]
2024-07-21T13:49:50.670+02:00 DEBUG 13839 --- [usersmicroservice] [           main] o.h.boot.internal.BootstrapContextImpl   : Injecting ScanOptions [org.hibernate.boot.archive.scan.internal.StandardScanOptions@13866329] into BootstrapContext; was [org.hibernate.boot.archive.scan.internal.StandardScanOptions@2eda2062]
2024-07-21T13:49:50.752+02:00  INFO 13839 --- [usersmicroservice] [           main] o.s.o.j.p.SpringPersistenceUnitInfo      : No LoadTimeWeaver setup: ignoring JPA class transformer
2024-07-21T13:49:50.752+02:00 DEBUG 13839 --- [usersmicroservice] [           main] o.h.boot.internal.BootstrapContextImpl   : Injecting JPA temp ClassLoader [null] into BootstrapContext; was [org.springframework.instrument.classloading.SimpleThrowawayClassLoader@76973a6]
2024-07-21T13:49:50.752+02:00 DEBUG 13839 --- [usersmicroservice] [           main] o.h.boot.internal.ClassLoaderAccessImpl  : ClassLoaderAccessImpl#injectTempClassLoader(null) [was org.springframework.instrument.classloading.SimpleThrowawayClassLoader@76973a6]
2024-07-21T13:49:50.761+02:00  INFO 13839 --- [usersmicroservice] [           main] com.zaxxer.hikari.HikariDataSource       : HikariPool-1 - Starting...
2024-07-21T13:49:50.844+02:00  INFO 13839 --- [usersmicroservice] [           main] com.zaxxer.hikari.pool.HikariPool        : HikariPool-1 - Added connection org.postgresql.jdbc.PgConnection@3b39e79b
2024-07-21T13:49:50.844+02:00  INFO 13839 --- [usersmicroservice] [           main] com.zaxxer.hikari.HikariDataSource       : HikariPool-1 - Start completed.
2024-07-21T13:49:50.847+02:00 DEBUG 13839 --- [usersmicroservice] [           main] o.h.e.j.e.i.JdbcEnvironmentInitiator     : Database ->
	   name : PostgreSQL
	version : 16.3
	  major : 16
	  minor : 3
2024-07-21T13:49:50.847+02:00 DEBUG 13839 --- [usersmicroservice] [           main] o.h.e.j.e.i.JdbcEnvironmentInitiator     : Driver ->
	   name : PostgreSQL JDBC Driver
	version : 42.7.3
	  major : 42
	  minor : 7
2024-07-21T13:49:50.847+02:00 DEBUG 13839 --- [usersmicroservice] [           main] o.h.e.j.e.i.JdbcEnvironmentInitiator     : JDBC version : 4.2
2024-07-21T13:49:50.860+02:00  WARN 13839 --- [usersmicroservice] [           main] org.hibernate.orm.deprecation            : HHH90000025: PostgreSQLDialect does not need to be specified explicitly using 'hibernate.dialect' (remove the property setting and it will be selected by default)
2024-07-21T13:49:50.860+02:00 DEBUG 13839 --- [usersmicroservice] [           main] org.hibernate.orm.dialect                : HHH035001: Using dialect: org.hibernate.dialect.PostgreSQLDialect, version: 16.3
2024-07-21T13:49:50.862+02:00 DEBUG 13839 --- [usersmicroservice] [           main] o.h.e.j.env.spi.IdentifierHelperBuilder  : JDBC driver metadata reported database stores quoted identifiers in neither upper, lower nor mixed case
2024-07-21T13:49:50.865+02:00 DEBUG 13839 --- [usersmicroservice] [           main] org.hibernate.orm.jdbc.lob               : HHH10010004: Disabling contextual LOB creation as Dialect reported it is not supported
2024-07-21T13:49:50.871+02:00 DEBUG 13839 --- [usersmicroservice] [           main] o.h.t.d.sql.spi.DdlTypeRegistry          : addDescriptor(2003, org.hibernate.type.descriptor.sql.internal.ArrayDdlTypeImpl@1a345298) replaced previous registration(org.hibernate.type.descriptor.sql.internal.ArrayDdlTypeImpl@4ad896f7)
2024-07-21T13:49:50.871+02:00 DEBUG 13839 --- [usersmicroservice] [           main] o.h.t.d.sql.spi.DdlTypeRegistry          : addDescriptor(6, org.hibernate.type.descriptor.sql.internal.CapacityDependentDdlType@c318864) replaced previous registration(org.hibernate.type.descriptor.sql.internal.DdlTypeImpl@7d61468c)
2024-07-21T13:49:50.871+02:00 DEBUG 13839 --- [usersmicroservice] [           main] o.h.t.d.jdbc.spi.JdbcTypeRegistry        : addDescriptor(2004, BlobTypeDescriptor(BLOB_BINDING)) replaced previous registration(BlobTypeDescriptor(DEFAULT))
2024-07-21T13:49:50.872+02:00 DEBUG 13839 --- [usersmicroservice] [           main] o.h.t.d.jdbc.spi.JdbcTypeRegistry        : addDescriptor(2005, ClobTypeDescriptor(CLOB_BINDING)) replaced previous registration(ClobTypeDescriptor(DEFAULT))
2024-07-21T13:49:50.874+02:00 DEBUG 13839 --- [usersmicroservice] [           main] org.hibernate.type.BasicTypeRegistry     : Adding type registration JAVA_OBJECT -> org.hibernate.type.JavaObjectType@50df37eb
2024-07-21T13:49:50.875+02:00 DEBUG 13839 --- [usersmicroservice] [           main] org.hibernate.type.BasicTypeRegistry     : Adding type registration java.lang.Object -> org.hibernate.type.JavaObjectType@50df37eb
2024-07-21T13:49:50.875+02:00 DEBUG 13839 --- [usersmicroservice] [           main] org.hibernate.type.BasicTypeRegistry     : Type registration key [java.lang.Object] overrode previous entry : `org.hibernate.type.JavaObjectType@6b8d54da`
2024-07-21T13:49:50.876+02:00 DEBUG 13839 --- [usersmicroservice] [           main] org.hibernate.type.BasicTypeRegistry     : Adding type registration org.hibernate.type.DurationType -> basicType@1(java.time.Duration,3015)
2024-07-21T13:49:50.876+02:00 DEBUG 13839 --- [usersmicroservice] [           main] org.hibernate.type.BasicTypeRegistry     : Adding type registration Duration -> basicType@1(java.time.Duration,3015)
2024-07-21T13:49:50.876+02:00 DEBUG 13839 --- [usersmicroservice] [           main] org.hibernate.type.BasicTypeRegistry     : Adding type registration java.time.Duration -> basicType@1(java.time.Duration,3015)
2024-07-21T13:49:50.877+02:00 DEBUG 13839 --- [usersmicroservice] [           main] org.hibernate.type.BasicTypeRegistry     : Adding type registration org.hibernate.type.OffsetDateTimeType -> basicType@2(java.time.OffsetDateTime,3003)
2024-07-21T13:49:50.877+02:00 DEBUG 13839 --- [usersmicroservice] [           main] org.hibernate.type.BasicTypeRegistry     : Adding type registration OffsetDateTime -> basicType@2(java.time.OffsetDateTime,3003)
2024-07-21T13:49:50.878+02:00 DEBUG 13839 --- [usersmicroservice] [           main] org.hibernate.type.BasicTypeRegistry     : Adding type registration java.time.OffsetDateTime -> basicType@2(java.time.OffsetDateTime,3003)
2024-07-21T13:49:50.878+02:00 DEBUG 13839 --- [usersmicroservice] [           main] org.hibernate.type.BasicTypeRegistry     : Adding type registration org.hibernate.type.ZonedDateTimeType -> basicType@3(java.time.ZonedDateTime,3003)
2024-07-21T13:49:50.878+02:00 DEBUG 13839 --- [usersmicroservice] [           main] org.hibernate.type.BasicTypeRegistry     : Adding type registration ZonedDateTime -> basicType@3(java.time.ZonedDateTime,3003)
2024-07-21T13:49:50.878+02:00 DEBUG 13839 --- [usersmicroservice] [           main] org.hibernate.type.BasicTypeRegistry     : Adding type registration java.time.ZonedDateTime -> basicType@3(java.time.ZonedDateTime,3003)
2024-07-21T13:49:50.878+02:00 DEBUG 13839 --- [usersmicroservice] [           main] org.hibernate.type.BasicTypeRegistry     : Adding type registration org.hibernate.type.OffsetTimeType -> basicType@4(java.time.OffsetTime,3007)
2024-07-21T13:49:50.878+02:00 DEBUG 13839 --- [usersmicroservice] [           main] org.hibernate.type.BasicTypeRegistry     : Adding type registration OffsetTime -> basicType@4(java.time.OffsetTime,3007)
2024-07-21T13:49:50.878+02:00 DEBUG 13839 --- [usersmicroservice] [           main] org.hibernate.type.BasicTypeRegistry     : Adding type registration java.time.OffsetTime -> basicType@4(java.time.OffsetTime,3007)
2024-07-21T13:49:50.878+02:00 DEBUG 13839 --- [usersmicroservice] [           main] o.h.type.spi.TypeConfiguration$Scope     : Scoping TypeConfiguration [org.hibernate.type.spi.TypeConfiguration@77bb916f] to MetadataBuildingContext [org.hibernate.boot.internal.MetadataBuildingContextRootImpl@5a48d186]
2024-07-21T13:49:50.891+02:00 DEBUG 13839 --- [usersmicroservice] [           main] o.h.boot.model.relational.Namespace      : Created database namespace [logicalName=Name{catalog=null, schema=null}, physicalName=Name{catalog=null, schema=null}]
2024-07-21T13:49:50.900+02:00 DEBUG 13839 --- [usersmicroservice] [           main] o.h.boot.model.internal.EntityBinder     : Binding entity from annotated class: com.medhead.usersmicroservice.Entities.User
2024-07-21T13:49:50.902+02:00 DEBUG 13839 --- [usersmicroservice] [           main] o.h.boot.model.internal.EntityBinder     : Import with entity name User
2024-07-21T13:49:50.905+02:00 DEBUG 13839 --- [usersmicroservice] [           main] o.h.boot.model.internal.EntityBinder     : Bind entity com.medhead.usersmicroservice.Entities.User on table users
2024-07-21T13:49:50.908+02:00 DEBUG 13839 --- [usersmicroservice] [           main] o.h.boot.model.internal.AnnotatedColumn  : Binding column: AnnotatedDiscriminatorColumn(column='DTYPE')
2024-07-21T13:49:50.913+02:00 DEBUG 13839 --- [usersmicroservice] [           main] o.h.boot.model.internal.AnnotatedColumn  : Binding column: AnnotatedColumn()
2024-07-21T13:49:50.914+02:00 DEBUG 13839 --- [usersmicroservice] [           main] o.h.boot.internal.ClassLoaderAccessImpl  : Not known whether passed class name [com.medhead.usersmicroservice.Entities.User] is safe
2024-07-21T13:49:50.914+02:00 DEBUG 13839 --- [usersmicroservice] [           main] o.h.boot.internal.ClassLoaderAccessImpl  : No temp ClassLoader provided; using live ClassLoader for loading potentially unsafe class : com.medhead.usersmicroservice.Entities.User
2024-07-21T13:49:50.915+02:00 DEBUG 13839 --- [usersmicroservice] [           main] o.h.boot.model.internal.PropertyBinder   : MetadataSourceProcessor property id with lazy=false
2024-07-21T13:49:50.916+02:00 DEBUG 13839 --- [usersmicroservice] [           main] o.h.b.m.internal.AbstractPropertyHolder  : Attempting to locate auto-apply AttributeConverter for property [com.medhead.usersmicroservice.Entities.User:id]
2024-07-21T13:49:50.917+02:00 DEBUG 13839 --- [usersmicroservice] [           main] o.h.b.model.internal.BasicValueBinder    : building BasicValue for id
2024-07-21T13:49:50.918+02:00 DEBUG 13839 --- [usersmicroservice] [           main] org.hibernate.mapping.BasicValue         : Skipping column re-registration: users.id
2024-07-21T13:49:50.918+02:00 DEBUG 13839 --- [usersmicroservice] [           main] o.h.boot.model.internal.PropertyBinder   : Building property id
2024-07-21T13:49:50.919+02:00 DEBUG 13839 --- [usersmicroservice] [           main] o.h.boot.model.internal.BinderHelper     : #makeIdGenerator(BasicValue([Column(id)]), id, org.hibernate.id.enhanced.SequenceStyleGenerator, , ...)
2024-07-21T13:49:50.920+02:00 DEBUG 13839 --- [usersmicroservice] [           main] o.h.boot.model.internal.AnnotatedColumn  : Binding column: AnnotatedColumn(column='created_at')
2024-07-21T13:49:50.920+02:00 DEBUG 13839 --- [usersmicroservice] [           main] o.h.boot.model.internal.PropertyBinder   : MetadataSourceProcessor property createdAt with lazy=false
2024-07-21T13:49:50.920+02:00 DEBUG 13839 --- [usersmicroservice] [           main] o.h.b.m.internal.AbstractPropertyHolder  : Attempting to locate auto-apply AttributeConverter for property [com.medhead.usersmicroservice.Entities.User:createdAt]
2024-07-21T13:49:50.920+02:00 DEBUG 13839 --- [usersmicroservice] [           main] o.h.b.model.internal.BasicValueBinder    : building BasicValue for createdAt
2024-07-21T13:49:50.920+02:00 DEBUG 13839 --- [usersmicroservice] [           main] org.hibernate.mapping.BasicValue         : Skipping column re-registration: users.created_at
2024-07-21T13:49:50.920+02:00 DEBUG 13839 --- [usersmicroservice] [           main] o.h.boot.model.internal.PropertyBinder   : Building property createdAt
2024-07-21T13:49:50.922+02:00 DEBUG 13839 --- [usersmicroservice] [           main] o.h.boot.model.internal.AnnotatedColumn  : Binding column: AnnotatedColumn()
2024-07-21T13:49:50.922+02:00 DEBUG 13839 --- [usersmicroservice] [           main] o.h.boot.model.internal.PropertyBinder   : MetadataSourceProcessor property email with lazy=false
2024-07-21T13:49:50.922+02:00 DEBUG 13839 --- [usersmicroservice] [           main] o.h.b.m.internal.AbstractPropertyHolder  : Attempting to locate auto-apply AttributeConverter for property [com.medhead.usersmicroservice.Entities.User:email]
2024-07-21T13:49:50.922+02:00 DEBUG 13839 --- [usersmicroservice] [           main] o.h.b.model.internal.BasicValueBinder    : building BasicValue for email
2024-07-21T13:49:50.922+02:00 DEBUG 13839 --- [usersmicroservice] [           main] org.hibernate.mapping.BasicValue         : Skipping column re-registration: users.email
2024-07-21T13:49:50.922+02:00 DEBUG 13839 --- [usersmicroservice] [           main] o.h.boot.model.internal.PropertyBinder   : Building property email
2024-07-21T13:49:50.922+02:00 DEBUG 13839 --- [usersmicroservice] [           main] o.h.boot.model.internal.AnnotatedColumn  : Binding column: AnnotatedColumn()
2024-07-21T13:49:50.922+02:00 DEBUG 13839 --- [usersmicroservice] [           main] o.h.boot.model.internal.PropertyBinder   : MetadataSourceProcessor property fullName with lazy=false
2024-07-21T13:49:50.922+02:00 DEBUG 13839 --- [usersmicroservice] [           main] o.h.b.m.internal.AbstractPropertyHolder  : Attempting to locate auto-apply AttributeConverter for property [com.medhead.usersmicroservice.Entities.User:fullName]
2024-07-21T13:49:50.922+02:00 DEBUG 13839 --- [usersmicroservice] [           main] o.h.b.model.internal.BasicValueBinder    : building BasicValue for fullName
2024-07-21T13:49:50.922+02:00 DEBUG 13839 --- [usersmicroservice] [           main] org.hibernate.mapping.BasicValue         : Skipping column re-registration: users.full_name
2024-07-21T13:49:50.922+02:00 DEBUG 13839 --- [usersmicroservice] [           main] o.h.boot.model.internal.PropertyBinder   : Building property fullName
2024-07-21T13:49:50.922+02:00 DEBUG 13839 --- [usersmicroservice] [           main] o.h.boot.model.internal.AnnotatedColumn  : Binding column: AnnotatedColumn()
2024-07-21T13:49:50.922+02:00 DEBUG 13839 --- [usersmicroservice] [           main] o.h.boot.model.internal.PropertyBinder   : MetadataSourceProcessor property password with lazy=false
2024-07-21T13:49:50.923+02:00 DEBUG 13839 --- [usersmicroservice] [           main] o.h.b.m.internal.AbstractPropertyHolder  : Attempting to locate auto-apply AttributeConverter for property [com.medhead.usersmicroservice.Entities.User:password]
2024-07-21T13:49:50.923+02:00 DEBUG 13839 --- [usersmicroservice] [           main] o.h.b.model.internal.BasicValueBinder    : building BasicValue for password
2024-07-21T13:49:50.923+02:00 DEBUG 13839 --- [usersmicroservice] [           main] org.hibernate.mapping.BasicValue         : Skipping column re-registration: users.password
2024-07-21T13:49:50.923+02:00 DEBUG 13839 --- [usersmicroservice] [           main] o.h.boot.model.internal.PropertyBinder   : Building property password
2024-07-21T13:49:50.923+02:00 DEBUG 13839 --- [usersmicroservice] [           main] o.h.boot.model.internal.AnnotatedColumn  : Binding column: AnnotatedColumn(column='updated_at')
2024-07-21T13:49:50.923+02:00 DEBUG 13839 --- [usersmicroservice] [           main] o.h.boot.model.internal.PropertyBinder   : MetadataSourceProcessor property updatedAt with lazy=false
2024-07-21T13:49:50.923+02:00 DEBUG 13839 --- [usersmicroservice] [           main] o.h.b.m.internal.AbstractPropertyHolder  : Attempting to locate auto-apply AttributeConverter for property [com.medhead.usersmicroservice.Entities.User:updatedAt]
2024-07-21T13:49:50.923+02:00 DEBUG 13839 --- [usersmicroservice] [           main] o.h.b.model.internal.BasicValueBinder    : building BasicValue for updatedAt
2024-07-21T13:49:50.923+02:00 DEBUG 13839 --- [usersmicroservice] [           main] org.hibernate.mapping.BasicValue         : Skipping column re-registration: users.updated_at
2024-07-21T13:49:50.923+02:00 DEBUG 13839 --- [usersmicroservice] [           main] o.h.boot.model.internal.PropertyBinder   : Building property updatedAt
2024-07-21T13:49:50.923+02:00 DEBUG 13839 --- [usersmicroservice] [           main] o.h.b.r.c.i.ClassLoaderServiceImpl       : HHH000194: Package not found or no package-info.java: com.medhead.usersmicroservice.Entities
2024-07-21T13:49:50.925+02:00 DEBUG 13839 --- [usersmicroservice] [           main] o.h.b.model.internal.BasicValueBinder    : Starting `BasicValueBinder#fillSimpleValue` for id
2024-07-21T13:49:50.926+02:00 DEBUG 13839 --- [usersmicroservice] [           main] o.h.b.model.internal.BasicValueBinder    : Starting `BasicValueBinder#fillSimpleValue` for createdAt
2024-07-21T13:49:50.926+02:00 DEBUG 13839 --- [usersmicroservice] [           main] o.h.b.model.internal.BasicValueBinder    : Starting `BasicValueBinder#fillSimpleValue` for email
2024-07-21T13:49:50.926+02:00 DEBUG 13839 --- [usersmicroservice] [           main] o.h.b.model.internal.BasicValueBinder    : Starting `BasicValueBinder#fillSimpleValue` for fullName
2024-07-21T13:49:50.926+02:00 DEBUG 13839 --- [usersmicroservice] [           main] o.h.b.model.internal.BasicValueBinder    : Starting `BasicValueBinder#fillSimpleValue` for password
2024-07-21T13:49:50.926+02:00 DEBUG 13839 --- [usersmicroservice] [           main] o.h.b.model.internal.BasicValueBinder    : Starting `BasicValueBinder#fillSimpleValue` for updatedAt
2024-07-21T13:49:50.927+02:00 DEBUG 13839 --- [usersmicroservice] [           main] org.hibernate.mapping.PrimaryKey         : Forcing column [id] to be non-null as it is part of the primary key for table [users]
2024-07-21T13:49:50.972+02:00 DEBUG 13839 --- [usersmicroservice] [           main] o.hibernate.internal.SessionFactoryImpl  : Building session factory
2024-07-21T13:49:50.984+02:00 DEBUG 13839 --- [usersmicroservice] [           main] .h.s.i.SessionFactoryServiceRegistryImpl : EventListenerRegistry access via ServiceRegistry is deprecated.  Use `sessionFactory.getEventEngine().getListenerRegistry()` instead
2024-07-21T13:49:50.985+02:00 DEBUG 13839 --- [usersmicroservice] [           main] o.hibernate.internal.SessionFactoryImpl  : Instantiating SessionFactory with settings: {java.specification.version=22, hibernate.resource.beans.container=org.springframework.orm.hibernate5.SpringBeanContainer@186295cc, hibernate.connection.handling_mode=DELAYED_ACQUISITION_AND_HOLD, sun.jnu.encoding=UTF-8, hibernate.dialect=org.hibernate.dialect.PostgreSQLDialect, hibernate.implicit_naming_strategy=org.springframework.boot.orm.jpa.hibernate.SpringImplicitNamingStrategy, java.class.path=/Users/ludovicsouplet/Documents/POC_medhead_urgences_code/usersmicroservice/target/test-classes:/Users/ludovicsouplet/Documents/POC_medhead_urgences_code/usersmicroservice/target/classes:/Users/ludovicsouplet/.m2/repository/org/springframework/boot/spring-boot-starter-data-jpa/3.3.2/spring-boot-starter-data-jpa-3.3.2.jar:/Users/ludovicsouplet/.m2/repository/org/springframework/boot/spring-boot-starter-aop/3.3.2/spring-boot-starter-aop-3.3.2.jar:/Users/ludovicsouplet/.m2/repository/org/aspectj/aspectjweaver/1.9.22.1/aspectjweaver-1.9.22.1.jar:/Users/ludovicsouplet/.m2/repository/org/springframework/boot/spring-boot-starter-jdbc/3.3.2/spring-boot-starter-jdbc-3.3.2.jar:/Users/ludovicsouplet/.m2/repository/com/zaxxer/HikariCP/5.1.0/HikariCP-5.1.0.jar:/Users/ludovicsouplet/.m2/repository/org/springframework/spring-jdbc/6.1.11/spring-jdbc-6.1.11.jar:/Users/ludovicsouplet/.m2/repository/org/hibernate/orm/hibernate-core/6.5.2.Final/hibernate-core-6.5.2.Final.jar:/Users/ludovicsouplet/.m2/repository/jakarta/persistence/jakarta.persistence-api/3.1.0/jakarta.persistence-api-3.1.0.jar:/Users/ludovicsouplet/.m2/repository/jakarta/transaction/jakarta.transaction-api/2.0.1/jakarta.transaction-api-2.0.1.jar:/Users/ludovicsouplet/.m2/repository/org/jboss/logging/jboss-logging/3.5.3.Final/jboss-logging-3.5.3.Final.jar:/Users/ludovicsouplet/.m2/repository/org/hibernate/common/hibernate-commons-annotations/6.0.6.Final/hibernate-commons-annotations-6.0.6.Final.jar:/Users/ludovicsouplet/.m2/repository/io/smallrye/jandex/3.1.2/jandex-3.1.2.jar:/Users/ludovicsouplet/.m2/repository/com/fasterxml/classmate/1.7.0/classmate-1.7.0.jar:/Users/ludovicsouplet/.m2/repository/net/bytebuddy/byte-buddy/1.14.18/byte-buddy-1.14.18.jar:/Users/ludovicsouplet/.m2/repository/org/glassfish/jaxb/jaxb-runtime/4.0.5/jaxb-runtime-4.0.5.jar:/Users/ludovicsouplet/.m2/repository/org/glassfish/jaxb/jaxb-core/4.0.5/jaxb-core-4.0.5.jar:/Users/ludovicsouplet/.m2/repository/org/eclipse/angus/angus-activation/2.0.2/angus-activation-2.0.2.jar:/Users/ludovicsouplet/.m2/repository/org/glassfish/jaxb/txw2/4.0.5/txw2-4.0.5.jar:/Users/ludovicsouplet/.m2/repository/com/sun/istack/istack-commons-runtime/4.1.2/istack-commons-runtime-4.1.2.jar:/Users/ludovicsouplet/.m2/repository/jakarta/inject/jakarta.inject-api/2.0.1/jakarta.inject-api-2.0.1.jar:/Users/ludovicsouplet/.m2/repository/org/antlr/antlr4-runtime/4.13.0/antlr4-runtime-4.13.0.jar:/Users/ludovicsouplet/.m2/repository/org/springframework/data/spring-data-jpa/3.3.2/spring-data-jpa-3.3.2.jar:/Users/ludovicsouplet/.m2/repository/org/springframework/data/spring-data-commons/3.3.2/spring-data-commons-3.3.2.jar:/Users/ludovicsouplet/.m2/repository/org/springframework/spring-orm/6.1.11/spring-orm-6.1.11.jar:/Users/ludovicsouplet/.m2/repository/org/springframework/spring-context/6.1.11/spring-context-6.1.11.jar:/Users/ludovicsouplet/.m2/repository/org/springframework/spring-tx/6.1.11/spring-tx-6.1.11.jar:/Users/ludovicsouplet/.m2/repository/org/springframework/spring-beans/6.1.11/spring-beans-6.1.11.jar:/Users/ludovicsouplet/.m2/repository/jakarta/annotation/jakarta.annotation-api/2.1.1/jakarta.annotation-api-2.1.1.jar:/Users/ludovicsouplet/.m2/repository/org/slf4j/slf4j-api/2.0.13/slf4j-api-2.0.13.jar:/Users/ludovicsouplet/.m2/repository/org/springframework/spring-aspects/6.1.11/spring-aspects-6.1.11.jar:/Users/ludovicsouplet/.m2/repository/org/springframework/boot/spring-boot-starter-security/3.3.2/spring-boot-starter-security-3.3.2.jar:/Users/ludovicsouplet/.m2/repository/org/springframework/boot/spring-boot-starter/3.3.2/spring-boot-starter-3.3.2.jar:/Users/ludovicsouplet/.m2/repository/org/springframework/boot/spring-boot/3.3.2/spring-boot-3.3.2.jar:/Users/ludovicsouplet/.m2/repository/org/springframework/boot/spring-boot-autoconfigure/3.3.2/spring-boot-autoconfigure-3.3.2.jar:/Users/ludovicsouplet/.m2/repository/org/springframework/boot/spring-boot-starter-logging/3.3.2/spring-boot-starter-logging-3.3.2.jar:/Users/ludovicsouplet/.m2/repository/ch/qos/logback/logback-classic/1.5.6/logback-classic-1.5.6.jar:/Users/ludovicsouplet/.m2/repository/ch/qos/logback/logback-core/1.5.6/logback-core-1.5.6.jar:/Users/ludovicsouplet/.m2/repository/org/apache/logging/log4j/log4j-to-slf4j/2.23.1/log4j-to-slf4j-2.23.1.jar:/Users/ludovicsouplet/.m2/repository/org/apache/logging/log4j/log4j-api/2.23.1/log4j-api-2.23.1.jar:/Users/ludovicsouplet/.m2/repository/org/slf4j/jul-to-slf4j/2.0.13/jul-to-slf4j-2.0.13.jar:/Users/ludovicsouplet/.m2/repository/org/yaml/snakeyaml/2.2/snakeyaml-2.2.jar:/Users/ludovicsouplet/.m2/repository/org/springframework/spring-aop/6.1.11/spring-aop-6.1.11.jar:/Users/ludovicsouplet/.m2/repository/org/springframework/security/spring-security-config/6.3.1/spring-security-config-6.3.1.jar:/Users/ludovicsouplet/.m2/repository/org/springframework/security/spring-security-web/6.3.1/spring-security-web-6.3.1.jar:/Users/ludovicsouplet/.m2/repository/org/springframework/spring-expression/6.1.11/spring-expression-6.1.11.jar:/Users/ludovicsouplet/.m2/repository/org/springframework/boot/spring-boot-starter-web/3.3.2/spring-boot-starter-web-3.3.2.jar:/Users/ludovicsouplet/.m2/repository/org/springframework/boot/spring-boot-starter-json/3.3.2/spring-boot-starter-json-3.3.2.jar:/Users/ludovicsouplet/.m2/repository/com/fasterxml/jackson/datatype/jackson-datatype-jdk8/2.17.2/jackson-datatype-jdk8-2.17.2.jar:/Users/ludovicsouplet/.m2/repository/com/fasterxml/jackson/datatype/jackson-datatype-jsr310/2.17.2/jackson-datatype-jsr310-2.17.2.jar:/Users/ludovicsouplet/.m2/repository/com/fasterxml/jackson/module/jackson-module-parameter-names/2.17.2/jackson-module-parameter-names-2.17.2.jar:/Users/ludovicsouplet/.m2/repository/org/springframework/boot/spring-boot-starter-tomcat/3.3.2/spring-boot-starter-tomcat-3.3.2.jar:/Users/ludovicsouplet/.m2/repository/org/apache/tomcat/embed/tomcat-embed-core/10.1.26/tomcat-embed-core-10.1.26.jar:/Users/ludovicsouplet/.m2/repository/org/apache/tomcat/embed/tomcat-embed-el/10.1.26/tomcat-embed-el-10.1.26.jar:/Users/ludovicsouplet/.m2/repository/org/apache/tomcat/embed/tomcat-embed-websocket/10.1.26/tomcat-embed-websocket-10.1.26.jar:/Users/ludovicsouplet/.m2/repository/org/springframework/spring-web/6.1.11/spring-web-6.1.11.jar:/Users/ludovicsouplet/.m2/repository/io/micrometer/micrometer-observation/1.13.2/micrometer-observation-1.13.2.jar:/Users/ludovicsouplet/.m2/repository/io/micrometer/micrometer-commons/1.13.2/micrometer-commons-1.13.2.jar:/Users/ludovicsouplet/.m2/repository/org/springframework/spring-webmvc/6.1.11/spring-webmvc-6.1.11.jar:/Users/ludovicsouplet/.m2/repository/org/postgresql/postgresql/42.7.3/postgresql-42.7.3.jar:/Users/ludovicsouplet/.m2/repository/org/checkerframework/checker-qual/3.42.0/checker-qual-3.42.0.jar:/Users/ludovicsouplet/.m2/repository/org/springframework/boot/spring-boot-starter-test/3.3.2/spring-boot-starter-test-3.3.2.jar:/Users/ludovicsouplet/.m2/repository/org/springframework/boot/spring-boot-test/3.3.2/spring-boot-test-3.3.2.jar:/Users/ludovicsouplet/.m2/repository/org/springframework/boot/spring-boot-test-autoconfigure/3.3.2/spring-boot-test-autoconfigure-3.3.2.jar:/Users/ludovicsouplet/.m2/repository/com/jayway/jsonpath/json-path/2.9.0/json-path-2.9.0.jar:/Users/ludovicsouplet/.m2/repository/jakarta/xml/bind/jakarta.xml.bind-api/4.0.2/jakarta.xml.bind-api-4.0.2.jar:/Users/ludovicsouplet/.m2/repository/jakarta/activation/jakarta.activation-api/2.1.3/jakarta.activation-api-2.1.3.jar:/Users/ludovicsouplet/.m2/repository/net/minidev/json-smart/2.5.1/json-smart-2.5.1.jar:/Users/ludovicsouplet/.m2/repository/net/minidev/accessors-smart/2.5.1/accessors-smart-2.5.1.jar:/Users/ludovicsouplet/.m2/repository/org/ow2/asm/asm/9.6/asm-9.6.jar:/Users/ludovicsouplet/.m2/repository/org/assertj/assertj-core/3.25.3/assertj-core-3.25.3.jar:/Users/ludovicsouplet/.m2/repository/org/awaitility/awaitility/4.2.1/awaitility-4.2.1.jar:/Users/ludovicsouplet/.m2/repository/org/hamcrest/hamcrest/2.2/hamcrest-2.2.jar:/Users/ludovicsouplet/.m2/repository/org/junit/jupiter/junit-jupiter/5.10.3/junit-jupiter-5.10.3.jar:/Users/ludovicsouplet/.m2/repository/org/junit/jupiter/junit-jupiter-api/5.10.3/junit-jupiter-api-5.10.3.jar:/Users/ludovicsouplet/.m2/repository/org/opentest4j/opentest4j/1.3.0/opentest4j-1.3.0.jar:/Users/ludovicsouplet/.m2/repository/org/junit/platform/junit-platform-commons/1.10.3/junit-platform-commons-1.10.3.jar:/Users/ludovicsouplet/.m2/repository/org/apiguardian/apiguardian-api/1.1.2/apiguardian-api-1.1.2.jar:/Users/ludovicsouplet/.m2/repository/org/junit/jupiter/junit-jupiter-params/5.10.3/junit-jupiter-params-5.10.3.jar:/Users/ludovicsouplet/.m2/repository/org/junit/jupiter/junit-jupiter-engine/5.10.3/junit-jupiter-engine-5.10.3.jar:/Users/ludovicsouplet/.m2/repository/org/junit/platform/junit-platform-engine/1.10.3/junit-platform-engine-1.10.3.jar:/Users/ludovicsouplet/.m2/repository/org/mockito/mockito-core/5.11.0/mockito-core-5.11.0.jar:/Users/ludovicsouplet/.m2/repository/net/bytebuddy/byte-buddy-agent/1.14.18/byte-buddy-agent-1.14.18.jar:/Users/ludovicsouplet/.m2/repository/org/objenesis/objenesis/3.3/objenesis-3.3.jar:/Users/ludovicsouplet/.m2/repository/org/mockito/mockito-junit-jupiter/5.11.0/mockito-junit-jupiter-5.11.0.jar:/Users/ludovicsouplet/.m2/repository/org/skyscreamer/jsonassert/1.5.3/jsonassert-1.5.3.jar:/Users/ludovicsouplet/.m2/repository/com/vaadin/external/google/android-json/0.0.20131108.vaadin1/android-json-0.0.20131108.vaadin1.jar:/Users/ludovicsouplet/.m2/repository/org/springframework/spring-core/6.1.11/spring-core-6.1.11.jar:/Users/ludovicsouplet/.m2/repository/org/springframework/spring-jcl/6.1.11/spring-jcl-6.1.11.jar:/Users/ludovicsouplet/.m2/repository/org/springframework/spring-test/6.1.11/spring-test-6.1.11.jar:/Users/ludovicsouplet/.m2/repository/org/xmlunit/xmlunit-core/2.9.1/xmlunit-core-2.9.1.jar:/Users/ludovicsouplet/.m2/repository/org/springframework/security/spring-security-test/6.3.1/spring-security-test-6.3.1.jar:/Users/ludovicsouplet/.m2/repository/org/springframework/security/spring-security-core/6.3.1/spring-security-core-6.3.1.jar:/Users/ludovicsouplet/.m2/repository/org/springframework/security/spring-security-crypto/6.3.1/spring-security-crypto-6.3.1.jar:/Users/ludovicsouplet/.m2/repository/io/jsonwebtoken/jjwt-api/0.11.5/jjwt-api-0.11.5.jar:/Users/ludovicsouplet/.m2/repository/io/jsonwebtoken/jjwt-impl/0.11.5/jjwt-impl-0.11.5.jar:/Users/ludovicsouplet/.m2/repository/io/jsonwebtoken/jjwt-jackson/0.11.5/jjwt-jackson-0.11.5.jar:/Users/ludovicsouplet/.m2/repository/com/fasterxml/jackson/core/jackson-databind/2.17.2/jackson-databind-2.17.2.jar:/Users/ludovicsouplet/.m2/repository/com/fasterxml/jackson/core/jackson-annotations/2.17.2/jackson-annotations-2.17.2.jar:/Users/ludovicsouplet/.m2/repository/com/fasterxml/jackson/core/jackson-core/2.17.2/jackson-core-2.17.2.jar:/Users/ludovicsouplet/.m2/repository/org/jetbrains/annotations/24.1.0/annotations-24.1.0.jar:, java.vm.vendor=Oracle Corporation, sun.arch.data.model=64, java.vendor.url=https://java.oracle.com/, user.timezone=Europe/Paris, jakarta.persistence.sharedCache.mode=UNSPECIFIED, org.jboss.logging.provider=slf4j, java.vm.specification.version=22, os.name=Mac OS X, jakarta.persistence.nonJtaDataSource=HikariDataSource (HikariPool-1), sun.java.launcher=SUN_STANDARD, user.country=FR, sun.boot.library.path=/Users/ludovicsouplet/Library/Java/JavaVirtualMachines/openjdk-22.0.1/Contents/Home/lib, sun.java.command=/Users/ludovicsouplet/Documents/POC_medhead_urgences_code/usersmicroservice/target/surefire/surefirebooter-20240721134949689_3.jar /Users/ludovicsouplet/Documents/POC_medhead_urgences_code/usersmicroservice/target/surefire 2024-07-21T13-49-49_657-jvmRun1 surefire-20240721134949689_1tmp surefire_0-20240721134949689_2tmp, javax.persistence.nonJtaDataSource=HikariDataSource (HikariPool-1), hibernate.transaction.jta.platform=org.hibernate.engine.transaction.jta.platform.internal.NoJtaPlatform@4e85dcb2, http.nonProxyHosts=local|*.local|169.254/16|*.169.254/16, jdk.debug=release, surefire.test.class.path=/Users/ludovicsouplet/Documents/POC_medhead_urgences_code/usersmicroservice/target/test-classes:/Users/ludovicsouplet/Documents/POC_medhead_urgences_code/usersmicroservice/target/classes:/Users/ludovicsouplet/.m2/repository/org/springframework/boot/spring-boot-starter-data-jpa/3.3.2/spring-boot-starter-data-jpa-3.3.2.jar:/Users/ludovicsouplet/.m2/repository/org/springframework/boot/spring-boot-starter-aop/3.3.2/spring-boot-starter-aop-3.3.2.jar:/Users/ludovicsouplet/.m2/repository/org/aspectj/aspectjweaver/1.9.22.1/aspectjweaver-1.9.22.1.jar:/Users/ludovicsouplet/.m2/repository/org/springframework/boot/spring-boot-starter-jdbc/3.3.2/spring-boot-starter-jdbc-3.3.2.jar:/Users/ludovicsouplet/.m2/repository/com/zaxxer/HikariCP/5.1.0/HikariCP-5.1.0.jar:/Users/ludovicsouplet/.m2/repository/org/springframework/spring-jdbc/6.1.11/spring-jdbc-6.1.11.jar:/Users/ludovicsouplet/.m2/repository/org/hibernate/orm/hibernate-core/6.5.2.Final/hibernate-core-6.5.2.Final.jar:/Users/ludovicsouplet/.m2/repository/jakarta/persistence/jakarta.persistence-api/3.1.0/jakarta.persistence-api-3.1.0.jar:/Users/ludovicsouplet/.m2/repository/jakarta/transaction/jakarta.transaction-api/2.0.1/jakarta.transaction-api-2.0.1.jar:/Users/ludovicsouplet/.m2/repository/org/jboss/logging/jboss-logging/3.5.3.Final/jboss-logging-3.5.3.Final.jar:/Users/ludovicsouplet/.m2/repository/org/hibernate/common/hibernate-commons-annotations/6.0.6.Final/hibernate-commons-annotations-6.0.6.Final.jar:/Users/ludovicsouplet/.m2/repository/io/smallrye/jandex/3.1.2/jandex-3.1.2.jar:/Users/ludovicsouplet/.m2/repository/com/fasterxml/classmate/1.7.0/classmate-1.7.0.jar:/Users/ludovicsouplet/.m2/repository/net/bytebuddy/byte-buddy/1.14.18/byte-buddy-1.14.18.jar:/Users/ludovicsouplet/.m2/repository/org/glassfish/jaxb/jaxb-runtime/4.0.5/jaxb-runtime-4.0.5.jar:/Users/ludovicsouplet/.m2/repository/org/glassfish/jaxb/jaxb-core/4.0.5/jaxb-core-4.0.5.jar:/Users/ludovicsouplet/.m2/repository/org/eclipse/angus/angus-activation/2.0.2/angus-activation-2.0.2.jar:/Users/ludovicsouplet/.m2/repository/org/glassfish/jaxb/txw2/4.0.5/txw2-4.0.5.jar:/Users/ludovicsouplet/.m2/repository/com/sun/istack/istack-commons-runtime/4.1.2/istack-commons-runtime-4.1.2.jar:/Users/ludovicsouplet/.m2/repository/jakarta/inject/jakarta.inject-api/2.0.1/jakarta.inject-api-2.0.1.jar:/Users/ludovicsouplet/.m2/repository/org/antlr/antlr4-runtime/4.13.0/antlr4-runtime-4.13.0.jar:/Users/ludovicsouplet/.m2/repository/org/springframework/data/spring-data-jpa/3.3.2/spring-data-jpa-3.3.2.jar:/Users/ludovicsouplet/.m2/repository/org/springframework/data/spring-data-commons/3.3.2/spring-data-commons-3.3.2.jar:/Users/ludovicsouplet/.m2/repository/org/springframework/spring-orm/6.1.11/spring-orm-6.1.11.jar:/Users/ludovicsouplet/.m2/repository/org/springframework/spring-context/6.1.11/spring-context-6.1.11.jar:/Users/ludovicsouplet/.m2/repository/org/springframework/spring-tx/6.1.11/spring-tx-6.1.11.jar:/Users/ludovicsouplet/.m2/repository/org/springframework/spring-beans/6.1.11/spring-beans-6.1.11.jar:/Users/ludovicsouplet/.m2/repository/jakarta/annotation/jakarta.annotation-api/2.1.1/jakarta.annotation-api-2.1.1.jar:/Users/ludovicsouplet/.m2/repository/org/slf4j/slf4j-api/2.0.13/slf4j-api-2.0.13.jar:/Users/ludovicsouplet/.m2/repository/org/springframework/spring-aspects/6.1.11/spring-aspects-6.1.11.jar:/Users/ludovicsouplet/.m2/repository/org/springframework/boot/spring-boot-starter-security/3.3.2/spring-boot-starter-security-3.3.2.jar:/Users/ludovicsouplet/.m2/repository/org/springframework/boot/spring-boot-starter/3.3.2/spring-boot-starter-3.3.2.jar:/Users/ludovicsouplet/.m2/repository/org/springframework/boot/spring-boot/3.3.2/spring-boot-3.3.2.jar:/Users/ludovicsouplet/.m2/repository/org/springframework/boot/spring-boot-autoconfigure/3.3.2/spring-boot-autoconfigure-3.3.2.jar:/Users/ludovicsouplet/.m2/repository/org/springframework/boot/spring-boot-starter-logging/3.3.2/spring-boot-starter-logging-3.3.2.jar:/Users/ludovicsouplet/.m2/repository/ch/qos/logback/logback-classic/1.5.6/logback-classic-1.5.6.jar:/Users/ludovicsouplet/.m2/repository/ch/qos/logback/logback-core/1.5.6/logback-core-1.5.6.jar:/Users/ludovicsouplet/.m2/repository/org/apache/logging/log4j/log4j-to-slf4j/2.23.1/log4j-to-slf4j-2.23.1.jar:/Users/ludovicsouplet/.m2/repository/org/apache/logging/log4j/log4j-api/2.23.1/log4j-api-2.23.1.jar:/Users/ludovicsouplet/.m2/repository/org/slf4j/jul-to-slf4j/2.0.13/jul-to-slf4j-2.0.13.jar:/Users/ludovicsouplet/.m2/repository/org/yaml/snakeyaml/2.2/snakeyaml-2.2.jar:/Users/ludovicsouplet/.m2/repository/org/springframework/spring-aop/6.1.11/spring-aop-6.1.11.jar:/Users/ludovicsouplet/.m2/repository/org/springframework/security/spring-security-config/6.3.1/spring-security-config-6.3.1.jar:/Users/ludovicsouplet/.m2/repository/org/springframework/security/spring-security-web/6.3.1/spring-security-web-6.3.1.jar:/Users/ludovicsouplet/.m2/repository/org/springframework/spring-expression/6.1.11/spring-expression-6.1.11.jar:/Users/ludovicsouplet/.m2/repository/org/springframework/boot/spring-boot-starter-web/3.3.2/spring-boot-starter-web-3.3.2.jar:/Users/ludovicsouplet/.m2/repository/org/springframework/boot/spring-boot-starter-json/3.3.2/spring-boot-starter-json-3.3.2.jar:/Users/ludovicsouplet/.m2/repository/com/fasterxml/jackson/datatype/jackson-datatype-jdk8/2.17.2/jackson-datatype-jdk8-2.17.2.jar:/Users/ludovicsouplet/.m2/repository/com/fasterxml/jackson/datatype/jackson-datatype-jsr310/2.17.2/jackson-datatype-jsr310-2.17.2.jar:/Users/ludovicsouplet/.m2/repository/com/fasterxml/jackson/module/jackson-module-parameter-names/2.17.2/jackson-module-parameter-names-2.17.2.jar:/Users/ludovicsouplet/.m2/repository/org/springframework/boot/spring-boot-starter-tomcat/3.3.2/spring-boot-starter-tomcat-3.3.2.jar:/Users/ludovicsouplet/.m2/repository/org/apache/tomcat/embed/tomcat-embed-core/10.1.26/tomcat-embed-core-10.1.26.jar:/Users/ludovicsouplet/.m2/repository/org/apache/tomcat/embed/tomcat-embed-el/10.1.26/tomcat-embed-el-10.1.26.jar:/Users/ludovicsouplet/.m2/repository/org/apache/tomcat/embed/tomcat-embed-websocket/10.1.26/tomcat-embed-websocket-10.1.26.jar:/Users/ludovicsouplet/.m2/repository/org/springframework/spring-web/6.1.11/spring-web-6.1.11.jar:/Users/ludovicsouplet/.m2/repository/io/micrometer/micrometer-observation/1.13.2/micrometer-observation-1.13.2.jar:/Users/ludovicsouplet/.m2/repository/io/micrometer/micrometer-commons/1.13.2/micrometer-commons-1.13.2.jar:/Users/ludovicsouplet/.m2/repository/org/springframework/spring-webmvc/6.1.11/spring-webmvc-6.1.11.jar:/Users/ludovicsouplet/.m2/repository/org/postgresql/postgresql/42.7.3/postgresql-42.7.3.jar:/Users/ludovicsouplet/.m2/repository/org/checkerframework/checker-qual/3.42.0/checker-qual-3.42.0.jar:/Users/ludovicsouplet/.m2/repository/org/springframework/boot/spring-boot-starter-test/3.3.2/spring-boot-starter-test-3.3.2.jar:/Users/ludovicsouplet/.m2/repository/org/springframework/boot/spring-boot-test/3.3.2/spring-boot-test-3.3.2.jar:/Users/ludovicsouplet/.m2/repository/org/springframework/boot/spring-boot-test-autoconfigure/3.3.2/spring-boot-test-autoconfigure-3.3.2.jar:/Users/ludovicsouplet/.m2/repository/com/jayway/jsonpath/json-path/2.9.0/json-path-2.9.0.jar:/Users/ludovicsouplet/.m2/repository/jakarta/xml/bind/jakarta.xml.bind-api/4.0.2/jakarta.xml.bind-api-4.0.2.jar:/Users/ludovicsouplet/.m2/repository/jakarta/activation/jakarta.activation-api/2.1.3/jakarta.activation-api-2.1.3.jar:/Users/ludovicsouplet/.m2/repository/net/minidev/json-smart/2.5.1/json-smart-2.5.1.jar:/Users/ludovicsouplet/.m2/repository/net/minidev/accessors-smart/2.5.1/accessors-smart-2.5.1.jar:/Users/ludovicsouplet/.m2/repository/org/ow2/asm/asm/9.6/asm-9.6.jar:/Users/ludovicsouplet/.m2/repository/org/assertj/assertj-core/3.25.3/assertj-core-3.25.3.jar:/Users/ludovicsouplet/.m2/repository/org/awaitility/awaitility/4.2.1/awaitility-4.2.1.jar:/Users/ludovicsouplet/.m2/repository/org/hamcrest/hamcrest/2.2/hamcrest-2.2.jar:/Users/ludovicsouplet/.m2/repository/org/junit/jupiter/junit-jupiter/5.10.3/junit-jupiter-5.10.3.jar:/Users/ludovicsouplet/.m2/repository/org/junit/jupiter/junit-jupiter-api/5.10.3/junit-jupiter-api-5.10.3.jar:/Users/ludovicsouplet/.m2/repository/org/opentest4j/opentest4j/1.3.0/opentest4j-1.3.0.jar:/Users/ludovicsouplet/.m2/repository/org/junit/platform/junit-platform-commons/1.10.3/junit-platform-commons-1.10.3.jar:/Users/ludovicsouplet/.m2/repository/org/apiguardian/apiguardian-api/1.1.2/apiguardian-api-1.1.2.jar:/Users/ludovicsouplet/.m2/repository/org/junit/jupiter/junit-jupiter-params/5.10.3/junit-jupiter-params-5.10.3.jar:/Users/ludovicsouplet/.m2/repository/org/junit/jupiter/junit-jupiter-engine/5.10.3/junit-jupiter-engine-5.10.3.jar:/Users/ludovicsouplet/.m2/repository/org/junit/platform/junit-platform-engine/1.10.3/junit-platform-engine-1.10.3.jar:/Users/ludovicsouplet/.m2/repository/org/mockito/mockito-core/5.11.0/mockito-core-5.11.0.jar:/Users/ludovicsouplet/.m2/repository/net/bytebuddy/byte-buddy-agent/1.14.18/byte-buddy-agent-1.14.18.jar:/Users/ludovicsouplet/.m2/repository/org/objenesis/objenesis/3.3/objenesis-3.3.jar:/Users/ludovicsouplet/.m2/repository/org/mockito/mockito-junit-jupiter/5.11.0/mockito-junit-jupiter-5.11.0.jar:/Users/ludovicsouplet/.m2/repository/org/skyscreamer/jsonassert/1.5.3/jsonassert-1.5.3.jar:/Users/ludovicsouplet/.m2/repository/com/vaadin/external/google/android-json/0.0.20131108.vaadin1/android-json-0.0.20131108.vaadin1.jar:/Users/ludovicsouplet/.m2/repository/org/springframework/spring-core/6.1.11/spring-core-6.1.11.jar:/Users/ludovicsouplet/.m2/repository/org/springframework/spring-jcl/6.1.11/spring-jcl-6.1.11.jar:/Users/ludovicsouplet/.m2/repository/org/springframework/spring-test/6.1.11/spring-test-6.1.11.jar:/Users/ludovicsouplet/.m2/repository/org/xmlunit/xmlunit-core/2.9.1/xmlunit-core-2.9.1.jar:/Users/ludovicsouplet/.m2/repository/org/springframework/security/spring-security-test/6.3.1/spring-security-test-6.3.1.jar:/Users/ludovicsouplet/.m2/repository/org/springframework/security/spring-security-core/6.3.1/spring-security-core-6.3.1.jar:/Users/ludovicsouplet/.m2/repository/org/springframework/security/spring-security-crypto/6.3.1/spring-security-crypto-6.3.1.jar:/Users/ludovicsouplet/.m2/repository/io/jsonwebtoken/jjwt-api/0.11.5/jjwt-api-0.11.5.jar:/Users/ludovicsouplet/.m2/repository/io/jsonwebtoken/jjwt-impl/0.11.5/jjwt-impl-0.11.5.jar:/Users/ludovicsouplet/.m2/repository/io/jsonwebtoken/jjwt-jackson/0.11.5/jjwt-jackson-0.11.5.jar:/Users/ludovicsouplet/.m2/repository/com/fasterxml/jackson/core/jackson-databind/2.17.2/jackson-databind-2.17.2.jar:/Users/ludovicsouplet/.m2/repository/com/fasterxml/jackson/core/jackson-annotations/2.17.2/jackson-annotations-2.17.2.jar:/Users/ludovicsouplet/.m2/repository/com/fasterxml/jackson/core/jackson-core/2.17.2/jackson-core-2.17.2.jar:/Users/ludovicsouplet/.m2/repository/org/jetbrains/annotations/24.1.0/annotations-24.1.0.jar:, sun.cpu.endian=little, hibernate.cdi.extensions=true, user.home=/Users/ludovicsouplet, user.language=fr, java.specification.vendor=Oracle Corporation, java.version.date=2024-04-16, java.home=/Users/ludovicsouplet/Library/Java/JavaVirtualMachines/openjdk-22.0.1/Contents/Home, file.separator=/, basedir=/Users/ludovicsouplet/Documents/POC_medhead_urgences_code/usersmicroservice, java.vm.compressedOopsMode=Zero based, line.separator=
, hibernate.persistenceUnitName=default, java.vm.specification.vendor=Oracle Corporation, java.specification.name=Java Platform API Specification, FILE_LOG_CHARSET=UTF-8, hibernate.transaction.coordinator_class=class org.hibernate.resource.transaction.backend.jdbc.internal.JdbcResourceLocalTransactionCoordinatorBuilderImpl, java.awt.headless=true, apple.awt.application.name=ForkedBooter, surefire.real.class.path=/Users/ludovicsouplet/Documents/POC_medhead_urgences_code/usersmicroservice/target/surefire/surefirebooter-20240721134949689_3.jar, jakarta.persistence.validation.mode=AUTO, hibernate.hbm2ddl.auto=update, sun.management.compiler=HotSpot 64-Bit Tiered Compilers, ftp.nonProxyHosts=local|*.local|169.254/16|*.169.254/16, java.runtime.version=22.0.1+8-16, user.name=ludovicsouplet, stdout.encoding=UTF-8, path.separator=:, os.version=14.3, java.runtime.name=OpenJDK Runtime Environment, file.encoding=UTF-8, java.vm.name=OpenJDK 64-Bit Server VM, localRepository=/Users/ludovicsouplet/.m2/repository, java.vendor.url.bug=https://bugreport.java.com/bugreport/, java.io.tmpdir=/var/folders/1b/rkp_ppdn347d493_96_k5y_m0000gn/T/, idea.version=2024.1.4, java.version=22.0.1, hibernate.physical_naming_strategy=org.hibernate.boot.model.naming.CamelCaseToUnderscoresNamingStrategy, user.dir=/Users/ludovicsouplet/Documents/POC_medhead_urgences_code/usersmicroservice, os.arch=aarch64, java.vm.specification.name=Java Virtual Machine Specification, PID=13839, CONSOLE_LOG_CHARSET=UTF-8, hibernate.boot.CfgXmlAccessService.key=org.hibernate.boot.registry.StandardServiceRegistryBuilder$1@1b28cff, native.encoding=UTF-8, java.library.path=/Users/ludovicsouplet/Library/Java/Extensions:/Library/Java/Extensions:/Network/Library/Java/Extensions:/System/Library/Java/Extensions:/usr/lib/java:., stderr.encoding=UTF-8, java.vendor=Oracle Corporation, java.vm.info=mixed mode, sharing, java.vm.version=22.0.1+8-16, sun.io.unicode.encoding=UnicodeBig, hibernate.archive.scanner=org.hibernate.boot.archive.scan.internal.DisabledScanner, hibernate.connection.datasource=HikariDataSource (HikariPool-1), socksNonProxyHosts=local|*.local|169.254/16|*.169.254/16, java.class.version=66.0, LOGGED_APPLICATION_NAME=[usersmicroservice] }
2024-07-21T13:49:50.986+02:00 DEBUG 13839 --- [usersmicroservice] [           main] o.hibernate.internal.SessionFactoryImpl  : Session factory constructed with filter configurations : {}
2024-07-21T13:49:50.999+02:00 DEBUG 13839 --- [usersmicroservice] [           main] o.h.q.sqm.function.SqmFunctionRegistry   : Registered SqmFunctionTemplate [NamedSqmFunctionTemplate(max)] under max; prior registration was null
2024-07-21T13:49:50.999+02:00 DEBUG 13839 --- [usersmicroservice] [           main] o.h.q.sqm.function.SqmFunctionRegistry   : Registered SqmFunctionTemplate [NamedSqmFunctionTemplate(min)] under min; prior registration was null
2024-07-21T13:49:50.999+02:00 DEBUG 13839 --- [usersmicroservice] [           main] o.h.q.sqm.function.SqmFunctionRegistry   : Registered SqmFunctionTemplate [NamedSqmFunctionTemplate(sum)] under sum; prior registration was null
2024-07-21T13:49:51.000+02:00 DEBUG 13839 --- [usersmicroservice] [           main] o.h.q.sqm.function.SqmFunctionRegistry   : Registered SqmFunctionTemplate [NamedSqmFunctionTemplate(avg)] under avg; prior registration was null
2024-07-21T13:49:51.000+02:00 DEBUG 13839 --- [usersmicroservice] [           main] o.h.q.sqm.function.SqmFunctionRegistry   : Registered SqmFunctionTemplate [org.hibernate.dialect.function.CountFunction@56b66a26] under count; prior registration was null
2024-07-21T13:49:51.000+02:00 DEBUG 13839 --- [usersmicroservice] [           main] o.h.q.sqm.function.SqmFunctionRegistry   : Registered SqmFunctionTemplate [org.hibernate.dialect.function.EveryAnyEmulation@acd3460] under every; prior registration was null
2024-07-21T13:49:51.000+02:00 DEBUG 13839 --- [usersmicroservice] [           main] o.h.q.sqm.function.SqmFunctionRegistry   : Registered SqmFunctionTemplate [org.hibernate.dialect.function.EveryAnyEmulation@3ea9a091] under any; prior registration was null
2024-07-21T13:49:51.000+02:00 DEBUG 13839 --- [usersmicroservice] [           main] o.h.q.sqm.function.SqmFunctionRegistry   : Registered SqmFunctionTemplate [NamedSqmFunctionTemplate(floor)] under floor; prior registration was null
2024-07-21T13:49:51.001+02:00 DEBUG 13839 --- [usersmicroservice] [           main] o.h.q.sqm.function.SqmFunctionRegistry   : Registered SqmFunctionTemplate [NamedSqmFunctionTemplate(ceiling)] under ceiling; prior registration was null
2024-07-21T13:49:51.001+02:00 DEBUG 13839 --- [usersmicroservice] [           main] o.h.q.sqm.function.SqmFunctionRegistry   : Registered SqmFunctionTemplate [NamedSqmFunctionTemplate(mod)] under mod; prior registration was null
2024-07-21T13:49:51.001+02:00 DEBUG 13839 --- [usersmicroservice] [           main] o.h.q.sqm.function.SqmFunctionRegistry   : Registered SqmFunctionTemplate [NamedSqmFunctionTemplate(abs)] under abs; prior registration was null
2024-07-21T13:49:51.001+02:00 DEBUG 13839 --- [usersmicroservice] [           main] o.h.q.sqm.function.SqmFunctionRegistry   : Registered SqmFunctionTemplate [NamedSqmFunctionTemplate(sign)] under sign; prior registration was null
2024-07-21T13:49:51.001+02:00 DEBUG 13839 --- [usersmicroservice] [           main] o.h.q.sqm.function.SqmFunctionRegistry   : Registered SqmFunctionTemplate [NamedSqmFunctionTemplate(sqrt)] under sqrt; prior registration was null
2024-07-21T13:49:51.001+02:00 DEBUG 13839 --- [usersmicroservice] [           main] o.h.q.sqm.function.SqmFunctionRegistry   : Registered SqmFunctionTemplate [NamedSqmFunctionTemplate(ln)] under ln; prior registration was null
2024-07-21T13:49:51.001+02:00 DEBUG 13839 --- [usersmicroservice] [           main] o.h.q.sqm.function.SqmFunctionRegistry   : Registered SqmFunctionTemplate [NamedSqmFunctionTemplate(exp)] under exp; prior registration was null
2024-07-21T13:49:51.001+02:00 DEBUG 13839 --- [usersmicroservice] [           main] o.h.q.sqm.function.SqmFunctionRegistry   : Registered SqmFunctionTemplate [NamedSqmFunctionTemplate(power)] under power; prior registration was null
2024-07-21T13:49:51.001+02:00 DEBUG 13839 --- [usersmicroservice] [           main] o.h.q.sqm.function.SqmFunctionRegistry   : Registered SqmFunctionTemplate [NamedSqmFunctionTemplate(round)] under round; prior registration was null
2024-07-21T13:49:51.001+02:00 DEBUG 13839 --- [usersmicroservice] [           main] o.h.q.sqm.function.SqmFunctionRegistry   : Registered SqmFunctionTemplate [NamedSqmFunctionTemplate(sin)] under sin; prior registration was null
2024-07-21T13:49:51.001+02:00 DEBUG 13839 --- [usersmicroservice] [           main] o.h.q.sqm.function.SqmFunctionRegistry   : Registered SqmFunctionTemplate [NamedSqmFunctionTemplate(cos)] under cos; prior registration was null
2024-07-21T13:49:51.001+02:00 DEBUG 13839 --- [usersmicroservice] [           main] o.h.q.sqm.function.SqmFunctionRegistry   : Registered SqmFunctionTemplate [NamedSqmFunctionTemplate(tan)] under tan; prior registration was null
2024-07-21T13:49:51.001+02:00 DEBUG 13839 --- [usersmicroservice] [           main] o.h.q.sqm.function.SqmFunctionRegistry   : Registered SqmFunctionTemplate [NamedSqmFunctionTemplate(asin)] under asin; prior registration was null
2024-07-21T13:49:51.001+02:00 DEBUG 13839 --- [usersmicroservice] [           main] o.h.q.sqm.function.SqmFunctionRegistry   : Registered SqmFunctionTemplate [NamedSqmFunctionTemplate(acos)] under acos; prior registration was null
2024-07-21T13:49:51.001+02:00 DEBUG 13839 --- [usersmicroservice] [           main] o.h.q.sqm.function.SqmFunctionRegistry   : Registered SqmFunctionTemplate [NamedSqmFunctionTemplate(atan)] under atan; prior registration was null
2024-07-21T13:49:51.001+02:00 DEBUG 13839 --- [usersmicroservice] [           main] o.h.q.sqm.function.SqmFunctionRegistry   : Registered SqmFunctionTemplate [NamedSqmFunctionTemplate(atan2)] under atan2; prior registration was null
2024-07-21T13:49:51.001+02:00 DEBUG 13839 --- [usersmicroservice] [           main] o.h.q.sqm.function.SqmFunctionRegistry   : Registered SqmFunctionTemplate [org.hibernate.query.sqm.function.PatternBasedSqmFunctionDescriptor@54496c2d] under sinh; prior registration was null
2024-07-21T13:49:51.001+02:00 DEBUG 13839 --- [usersmicroservice] [           main] o.h.q.sqm.function.SqmFunctionRegistry   : Registered SqmFunctionTemplate [org.hibernate.query.sqm.function.PatternBasedSqmFunctionDescriptor@4e1a3d5a] under cosh; prior registration was null
2024-07-21T13:49:51.001+02:00 DEBUG 13839 --- [usersmicroservice] [           main] o.h.q.sqm.function.SqmFunctionRegistry   : Registered SqmFunctionTemplate [org.hibernate.query.sqm.function.PatternBasedSqmFunctionDescriptor@236b4a44] under tanh; prior registration was null
2024-07-21T13:49:51.001+02:00 DEBUG 13839 --- [usersmicroservice] [           main] o.h.q.sqm.function.SqmFunctionRegistry   : Registered SqmFunctionTemplate [org.hibernate.query.sqm.function.PatternBasedSqmFunctionDescriptor@35f760a4] under pi; prior registration was null
2024-07-21T13:49:51.001+02:00 DEBUG 13839 --- [usersmicroservice] [           main] o.h.q.sqm.function.SqmFunctionRegistry   : Registered SqmFunctionTemplate [org.hibernate.query.sqm.function.PatternBasedSqmFunctionDescriptor@2ac05a33] under log; prior registration was null
2024-07-21T13:49:51.002+02:00 DEBUG 13839 --- [usersmicroservice] [           main] o.h.q.sqm.function.SqmFunctionRegistry   : Registered SqmFunctionTemplate [NamedSqmFunctionTemplate(coalesce)] under coalesce; prior registration was null
2024-07-21T13:49:51.002+02:00 DEBUG 13839 --- [usersmicroservice] [           main] o.h.q.sqm.function.SqmFunctionRegistry   : Registered SqmFunctionTemplate [NamedSqmFunctionTemplate(nullif)] under nullif; prior registration was null
2024-07-21T13:49:51.002+02:00 DEBUG 13839 --- [usersmicroservice] [           main] o.h.q.sqm.function.SqmFunctionRegistry   : Registered SqmFunctionTemplate [NamedSqmFunctionTemplate(left)] under left; prior registration was null
2024-07-21T13:49:51.002+02:00 DEBUG 13839 --- [usersmicroservice] [           main] o.h.q.sqm.function.SqmFunctionRegistry   : Registered SqmFunctionTemplate [NamedSqmFunctionTemplate(right)] under right; prior registration was null
2024-07-21T13:49:51.002+02:00 DEBUG 13839 --- [usersmicroservice] [           main] o.h.q.sqm.function.SqmFunctionRegistry   : Registered SqmFunctionTemplate [NamedSqmFunctionTemplate(replace)] under replace; prior registration was null
2024-07-21T13:49:51.002+02:00 DEBUG 13839 --- [usersmicroservice] [           main] o.h.q.sqm.function.SqmFunctionRegistry   : Registered SqmFunctionTemplate [NamedSqmFunctionTemplate(concat)] under concat; prior registration was null
2024-07-21T13:49:51.002+02:00 DEBUG 13839 --- [usersmicroservice] [           main] o.h.q.sqm.function.SqmFunctionRegistry   : Registered SqmFunctionTemplate [NamedSqmFunctionTemplate(lower)] under lower; prior registration was null
2024-07-21T13:49:51.002+02:00 DEBUG 13839 --- [usersmicroservice] [           main] o.h.q.sqm.function.SqmFunctionRegistry   : Registered SqmFunctionTemplate [NamedSqmFunctionTemplate(upper)] under upper; prior registration was null
2024-07-21T13:49:51.002+02:00 DEBUG 13839 --- [usersmicroservice] [           main] o.h.q.sqm.function.SqmFunctionRegistry   : Registered SqmFunctionTemplate [NamedSqmFunctionTemplate(substring)] under substring; prior registration was null
2024-07-21T13:49:51.002+02:00 DEBUG 13839 --- [usersmicroservice] [           main] o.h.q.sqm.function.SqmFunctionRegistry   : Registered SqmFunctionTemplate [NamedSqmFunctionTemplate(locate)] under locate; prior registration was null
2024-07-21T13:49:51.002+02:00 DEBUG 13839 --- [usersmicroservice] [           main] o.h.q.sqm.function.SqmFunctionRegistry   : Registered SqmFunctionTemplate [NamedSqmFunctionTemplate(character_length)] under character_length; prior registration was null
2024-07-21T13:49:51.002+02:00 DEBUG 13839 --- [usersmicroservice] [           main] o.h.q.sqm.function.SqmFunctionRegistry   : Registering alternate key : length -> character_length
2024-07-21T13:49:51.002+02:00 DEBUG 13839 --- [usersmicroservice] [           main] o.h.q.sqm.function.SqmFunctionRegistry   : Registered SqmFunctionTemplate [org.hibernate.dialect.function.LocatePositionEmulation@4c13ca07] under position; prior registration was null
2024-07-21T13:49:51.002+02:00 DEBUG 13839 --- [usersmicroservice] [           main] o.h.q.sqm.function.SqmFunctionRegistry   : Registered SqmFunctionTemplate [org.hibernate.dialect.function.InsertSubstringOverlayEmulation@18a0721b] under overlay; prior registration was null
2024-07-21T13:49:51.003+02:00 DEBUG 13839 --- [usersmicroservice] [           main] o.h.q.sqm.function.SqmFunctionRegistry   : Registered SqmFunctionTemplate [org.hibernate.dialect.function.TrimFunction@1f6f0fe2] under trim; prior registration was null
2024-07-21T13:49:51.003+02:00 DEBUG 13839 --- [usersmicroservice] [           main] o.h.q.sqm.function.SqmFunctionRegistry   : Registered SqmFunctionTemplate [org.hibernate.dialect.function.CastFunction@5b5b9521] under cast; prior registration was null
2024-07-21T13:49:51.003+02:00 DEBUG 13839 --- [usersmicroservice] [           main] o.h.q.sqm.function.SqmFunctionRegistry   : Registered SqmFunctionTemplate [org.hibernate.query.sqm.function.PatternBasedSqmFunctionDescriptor@41f7c02d] under collate; prior registration was null
2024-07-21T13:49:51.003+02:00 DEBUG 13839 --- [usersmicroservice] [           main] o.h.q.sqm.function.SqmFunctionRegistry   : Registered SqmFunctionTemplate [org.hibernate.dialect.function.ExtractFunction@6cc90398] under extract; prior registration was null
2024-07-21T13:49:51.003+02:00 DEBUG 13839 --- [usersmicroservice] [           main] o.h.q.sqm.function.SqmFunctionRegistry   : Registered SqmFunctionTemplate [NamedSqmFunctionTemplate(least)] under least; prior registration was null
2024-07-21T13:49:51.003+02:00 DEBUG 13839 --- [usersmicroservice] [           main] o.h.q.sqm.function.SqmFunctionRegistry   : Registered SqmFunctionTemplate [NamedSqmFunctionTemplate(greatest)] under greatest; prior registration was null
2024-07-21T13:49:51.003+02:00 DEBUG 13839 --- [usersmicroservice] [           main] o.h.q.sqm.function.SqmFunctionRegistry   : Registered SqmFunctionTemplate [org.hibernate.dialect.function.CoalesceIfnullEmulation@8aa5ab4] under ifnull; prior registration was null
2024-07-21T13:49:51.003+02:00 DEBUG 13839 --- [usersmicroservice] [           main] o.h.q.sqm.function.SqmFunctionRegistry   : Registered SqmFunctionTemplate [NamedSqmFunctionTemplate(lpad)] under lpad; prior registration was null
2024-07-21T13:49:51.003+02:00 DEBUG 13839 --- [usersmicroservice] [           main] o.h.q.sqm.function.SqmFunctionRegistry   : Registered SqmFunctionTemplate [NamedSqmFunctionTemplate(rpad)] under rpad; prior registration was null
2024-07-21T13:49:51.003+02:00 DEBUG 13839 --- [usersmicroservice] [           main] o.h.q.sqm.function.SqmFunctionRegistry   : Registered SqmFunctionTemplate [org.hibernate.dialect.function.LpadRpadPadEmulation@4e756867] under pad; prior registration was null
2024-07-21T13:49:51.003+02:00 DEBUG 13839 --- [usersmicroservice] [           main] o.h.q.sqm.function.SqmFunctionRegistry   : Registered SqmFunctionTemplate [org.hibernate.dialect.function.CastStrEmulation@1c31de5d] under str; prior registration was null
2024-07-21T13:49:51.004+02:00 DEBUG 13839 --- [usersmicroservice] [           main] o.h.q.sqm.function.SqmFunctionRegistry   : Registered SqmFunctionTemplate [org.hibernate.dialect.function.FormatFunction@30bd39d5] under format; prior registration was null
2024-07-21T13:49:51.004+02:00 DEBUG 13839 --- [usersmicroservice] [           main] o.h.q.sqm.function.SqmFunctionRegistry   : Registered SqmFunctionTemplate [org.hibernate.dialect.function.TimestampaddFunction@380e33c2] under timestampadd; prior registration was null
2024-07-21T13:49:51.004+02:00 DEBUG 13839 --- [usersmicroservice] [           main] o.h.q.sqm.function.SqmFunctionRegistry   : Registered SqmFunctionTemplate [org.hibernate.dialect.function.TimestampdiffFunction@26a33cf] under timestampdiff; prior registration was null
2024-07-21T13:49:51.004+02:00 DEBUG 13839 --- [usersmicroservice] [           main] o.h.q.sqm.function.SqmFunctionRegistry   : Registering alternate key : dateadd -> timestampadd
2024-07-21T13:49:51.005+02:00 DEBUG 13839 --- [usersmicroservice] [           main] o.h.q.sqm.function.SqmFunctionRegistry   : Registering alternate key : datediff -> timestampdiff
2024-07-21T13:49:51.005+02:00 DEBUG 13839 --- [usersmicroservice] [           main] o.h.q.sqm.function.SqmFunctionRegistry   : Registered SqmFunctionTemplate [org.hibernate.dialect.function.CurrentFunction@8d29719] under current_date; prior registration was null
2024-07-21T13:49:51.005+02:00 DEBUG 13839 --- [usersmicroservice] [           main] o.h.q.sqm.function.SqmFunctionRegistry   : Registered SqmFunctionTemplate [org.hibernate.dialect.function.CurrentFunction@65259c53] under current_time; prior registration was null
2024-07-21T13:49:51.005+02:00 DEBUG 13839 --- [usersmicroservice] [           main] o.h.q.sqm.function.SqmFunctionRegistry   : Registered SqmFunctionTemplate [org.hibernate.dialect.function.CurrentFunction@4bff28e7] under current_timestamp; prior registration was null
2024-07-21T13:49:51.005+02:00 DEBUG 13839 --- [usersmicroservice] [           main] o.h.q.sqm.function.SqmFunctionRegistry   : Registering alternate key : current date -> current_date
2024-07-21T13:49:51.005+02:00 DEBUG 13839 --- [usersmicroservice] [           main] o.h.q.sqm.function.SqmFunctionRegistry   : Registering alternate key : current time -> current_time
2024-07-21T13:49:51.005+02:00 DEBUG 13839 --- [usersmicroservice] [           main] o.h.q.sqm.function.SqmFunctionRegistry   : Registering alternate key : current timestamp -> current_timestamp
2024-07-21T13:49:51.005+02:00 DEBUG 13839 --- [usersmicroservice] [           main] o.h.q.sqm.function.SqmFunctionRegistry   : Registered SqmFunctionTemplate [org.hibernate.dialect.function.CurrentFunction@39e7e040] under local_date; prior registration was null
2024-07-21T13:49:51.005+02:00 DEBUG 13839 --- [usersmicroservice] [           main] o.h.q.sqm.function.SqmFunctionRegistry   : Registered SqmFunctionTemplate [org.hibernate.dialect.function.CurrentFunction@2591d23a] under local_time; prior registration was null
2024-07-21T13:49:51.005+02:00 DEBUG 13839 --- [usersmicroservice] [           main] o.h.q.sqm.function.SqmFunctionRegistry   : Registered SqmFunctionTemplate [org.hibernate.dialect.function.CurrentFunction@6c1f15df] under local_datetime; prior registration was null
2024-07-21T13:49:51.005+02:00 DEBUG 13839 --- [usersmicroservice] [           main] o.h.q.sqm.function.SqmFunctionRegistry   : Registered SqmFunctionTemplate [org.hibernate.dialect.function.CurrentFunction@5e95b0ab] under offset_datetime; prior registration was null
2024-07-21T13:49:51.005+02:00 DEBUG 13839 --- [usersmicroservice] [           main] o.h.q.sqm.function.SqmFunctionRegistry   : Registering alternate key : local date -> local_date
2024-07-21T13:49:51.005+02:00 DEBUG 13839 --- [usersmicroservice] [           main] o.h.q.sqm.function.SqmFunctionRegistry   : Registering alternate key : local time -> local_time
2024-07-21T13:49:51.005+02:00 DEBUG 13839 --- [usersmicroservice] [           main] o.h.q.sqm.function.SqmFunctionRegistry   : Registering alternate key : local datetime -> local_datetime
2024-07-21T13:49:51.005+02:00 DEBUG 13839 --- [usersmicroservice] [           main] o.h.q.sqm.function.SqmFunctionRegistry   : Registering alternate key : offset datetime -> offset_datetime
2024-07-21T13:49:51.005+02:00 DEBUG 13839 --- [usersmicroservice] [           main] o.h.q.sqm.function.SqmFunctionRegistry   : Registered SqmFunctionTemplate [org.hibernate.dialect.function.CurrentFunction@5876bed9] under instant; prior registration was null
2024-07-21T13:49:51.005+02:00 DEBUG 13839 --- [usersmicroservice] [           main] o.h.q.sqm.function.SqmFunctionRegistry   : Registering alternate key : current_instant -> instant
2024-07-21T13:49:51.005+02:00 DEBUG 13839 --- [usersmicroservice] [           main] o.h.q.sqm.function.SqmFunctionRegistry   : Registered SqmFunctionTemplate [org.hibernate.dialect.function.SqlFunction@7976e536] under sql; prior registration was null
2024-07-21T13:49:51.005+02:00 DEBUG 13839 --- [usersmicroservice] [           main] o.h.q.sqm.function.SqmFunctionRegistry   : Registered SqmFunctionTemplate [NamedSqmFunctionTemplate(cot)] under cot; prior registration was null
2024-07-21T13:49:51.005+02:00 DEBUG 13839 --- [usersmicroservice] [           main] o.h.q.sqm.function.SqmFunctionRegistry   : Registered SqmFunctionTemplate [NamedSqmFunctionTemplate(radians)] under radians; prior registration was null
2024-07-21T13:49:51.005+02:00 DEBUG 13839 --- [usersmicroservice] [           main] o.h.q.sqm.function.SqmFunctionRegistry   : Registered SqmFunctionTemplate [NamedSqmFunctionTemplate(degrees)] under degrees; prior registration was null
2024-07-21T13:49:51.005+02:00 DEBUG 13839 --- [usersmicroservice] [           main] o.h.q.sqm.function.SqmFunctionRegistry   : Registered SqmFunctionTemplate [NamedSqmFunctionTemplate(log)] under log; prior registration was org.hibernate.query.sqm.function.PatternBasedSqmFunctionDescriptor@2ac05a33
2024-07-21T13:49:51.005+02:00 DEBUG 13839 --- [usersmicroservice] [           main] o.h.q.sqm.function.SqmFunctionRegistry   : Registered SqmFunctionTemplate [org.hibernate.query.sqm.function.PatternBasedSqmFunctionDescriptor@670a4738] under mod; prior registration was NamedSqmFunctionTemplate(mod)
2024-07-21T13:49:51.005+02:00 DEBUG 13839 --- [usersmicroservice] [           main] o.h.q.sqm.function.SqmFunctionRegistry   : Registered SqmFunctionTemplate [NamedSqmFunctionTemplate(log10)] under log10; prior registration was null
2024-07-21T13:49:51.005+02:00 DEBUG 13839 --- [usersmicroservice] [           main] o.h.q.sqm.function.SqmFunctionRegistry   : Registered SqmFunctionTemplate [NamedSqmFunctionTemplate(tanh)] under tanh; prior registration was org.hibernate.query.sqm.function.PatternBasedSqmFunctionDescriptor@236b4a44
2024-07-21T13:49:51.005+02:00 DEBUG 13839 --- [usersmicroservice] [           main] o.h.q.sqm.function.SqmFunctionRegistry   : Registered SqmFunctionTemplate [NamedSqmFunctionTemplate(sinh)] under sinh; prior registration was org.hibernate.query.sqm.function.PatternBasedSqmFunctionDescriptor@54496c2d
2024-07-21T13:49:51.005+02:00 DEBUG 13839 --- [usersmicroservice] [           main] o.h.q.sqm.function.SqmFunctionRegistry   : Registered SqmFunctionTemplate [NamedSqmFunctionTemplate(cosh)] under cosh; prior registration was org.hibernate.query.sqm.function.PatternBasedSqmFunctionDescriptor@4e1a3d5a
2024-07-21T13:49:51.005+02:00 DEBUG 13839 --- [usersmicroservice] [           main] o.h.q.sqm.function.SqmFunctionRegistry   : Registered SqmFunctionTemplate [NamedSqmFunctionTemplate(acosh)] under acosh; prior registration was null
2024-07-21T13:49:51.005+02:00 DEBUG 13839 --- [usersmicroservice] [           main] o.h.q.sqm.function.SqmFunctionRegistry   : Registered SqmFunctionTemplate [NamedSqmFunctionTemplate(asinh)] under asinh; prior registration was null
2024-07-21T13:49:51.005+02:00 DEBUG 13839 --- [usersmicroservice] [           main] o.h.q.sqm.function.SqmFunctionRegistry   : Registered SqmFunctionTemplate [NamedSqmFunctionTemplate(atanh)] under atanh; prior registration was null
2024-07-21T13:49:51.005+02:00 DEBUG 13839 --- [usersmicroservice] [           main] o.h.q.sqm.function.SqmFunctionRegistry   : Registered SqmFunctionTemplate [NamedSqmFunctionTemplate(cbrt)] under cbrt; prior registration was null
2024-07-21T13:49:51.005+02:00 DEBUG 13839 --- [usersmicroservice] [           main] o.h.q.sqm.function.SqmFunctionRegistry   : Registered SqmFunctionTemplate [NamedSqmFunctionTemplate(pi)] under pi; prior registration was org.hibernate.query.sqm.function.PatternBasedSqmFunctionDescriptor@35f760a4
2024-07-21T13:49:51.005+02:00 DEBUG 13839 --- [usersmicroservice] [           main] o.h.q.sqm.function.SqmFunctionRegistry   : Registered SqmFunctionTemplate [NamedSqmFunctionTemplate(ltrim)] under ltrim; prior registration was null
2024-07-21T13:49:51.005+02:00 DEBUG 13839 --- [usersmicroservice] [           main] o.h.q.sqm.function.SqmFunctionRegistry   : Registered SqmFunctionTemplate [NamedSqmFunctionTemplate(rtrim)] under rtrim; prior registration was null
2024-07-21T13:49:51.005+02:00 DEBUG 13839 --- [usersmicroservice] [           main] o.h.q.sqm.function.SqmFunctionRegistry   : Registered SqmFunctionTemplate [NamedSqmFunctionTemplate(repeat)] under repeat; prior registration was null
2024-07-21T13:49:51.005+02:00 DEBUG 13839 --- [usersmicroservice] [           main] o.h.q.sqm.function.SqmFunctionRegistry   : Registered SqmFunctionTemplate [NamedSqmFunctionTemplate(md5)] under md5; prior registration was null
2024-07-21T13:49:51.005+02:00 DEBUG 13839 --- [usersmicroservice] [           main] o.h.q.sqm.function.SqmFunctionRegistry   : Registered SqmFunctionTemplate [NamedSqmFunctionTemplate(initcap)] under initcap; prior registration was null
2024-07-21T13:49:51.005+02:00 DEBUG 13839 --- [usersmicroservice] [           main] o.h.q.sqm.function.SqmFunctionRegistry   : Registered SqmFunctionTemplate [NamedSqmFunctionTemplate(substr)] under substr; prior registration was null
2024-07-21T13:49:51.005+02:00 DEBUG 13839 --- [usersmicroservice] [           main] o.h.q.sqm.function.SqmFunctionRegistry   : Registered SqmFunctionTemplate [NamedSqmFunctionTemplate(substr)] under substring; prior registration was NamedSqmFunctionTemplate(substring)
2024-07-21T13:49:51.005+02:00 DEBUG 13839 --- [usersmicroservice] [           main] o.h.q.sqm.function.SqmFunctionRegistry   : Registered SqmFunctionTemplate [NamedSqmFunctionTemplate(translate)] under translate; prior registration was null
2024-07-21T13:49:51.005+02:00 DEBUG 13839 --- [usersmicroservice] [           main] o.h.q.sqm.function.SqmFunctionRegistry   : Registered SqmFunctionTemplate [NamedSqmFunctionTemplate(to_number)] under to_number; prior registration was null
2024-07-21T13:49:51.005+02:00 DEBUG 13839 --- [usersmicroservice] [           main] o.h.q.sqm.function.SqmFunctionRegistry   : Registered SqmFunctionTemplate [NamedSqmFunctionTemplate(to_char)] under to_char; prior registration was null
2024-07-21T13:49:51.006+02:00 DEBUG 13839 --- [usersmicroservice] [           main] o.h.q.sqm.function.SqmFunctionRegistry   : Registered SqmFunctionTemplate [NamedSqmFunctionTemplate(to_date)] under to_date; prior registration was null
2024-07-21T13:49:51.006+02:00 DEBUG 13839 --- [usersmicroservice] [           main] o.h.q.sqm.function.SqmFunctionRegistry   : Registered SqmFunctionTemplate [NamedSqmFunctionTemplate(to_timestamp)] under to_timestamp; prior registration was null
2024-07-21T13:49:51.006+02:00 DEBUG 13839 --- [usersmicroservice] [           main] o.h.q.sqm.function.SqmFunctionRegistry   : Registered SqmFunctionTemplate [org.hibernate.dialect.function.ConcatPipeFunction@7037a680] under concat; prior registration was NamedSqmFunctionTemplate(concat)
2024-07-21T13:49:51.006+02:00 DEBUG 13839 --- [usersmicroservice] [           main] o.h.q.sqm.function.SqmFunctionRegistry   : Registered SqmFunctionTemplate [NamedSqmFunctionTemplate(localtime)] under localtime; prior registration was null
2024-07-21T13:49:51.006+02:00 DEBUG 13839 --- [usersmicroservice] [           main] o.h.q.sqm.function.SqmFunctionRegistry   : Registered SqmFunctionTemplate [NamedSqmFunctionTemplate(localtimestamp)] under localtimestamp; prior registration was null
2024-07-21T13:49:51.006+02:00 DEBUG 13839 --- [usersmicroservice] [           main] o.h.q.sqm.function.SqmFunctionRegistry   : Registered SqmFunctionTemplate [NamedSqmFunctionTemplate(localtime)] under local_time; prior registration was org.hibernate.dialect.function.CurrentFunction@2591d23a
2024-07-21T13:49:51.006+02:00 DEBUG 13839 --- [usersmicroservice] [           main] o.h.q.sqm.function.SqmFunctionRegistry   : Registered SqmFunctionTemplate [NamedSqmFunctionTemplate(localtimestamp)] under local_datetime; prior registration was org.hibernate.dialect.function.CurrentFunction@6c1f15df
2024-07-21T13:49:51.006+02:00 DEBUG 13839 --- [usersmicroservice] [           main] o.h.q.sqm.function.SqmFunctionRegistry   : Registered SqmFunctionTemplate [org.hibernate.dialect.function.LengthFunction@42edde25] under character_length; prior registration was NamedSqmFunctionTemplate(character_length)
2024-07-21T13:49:51.006+02:00 DEBUG 13839 --- [usersmicroservice] [           main] o.h.q.sqm.function.SqmFunctionRegistry   : Registering alternate key : length -> character_length
2024-07-21T13:49:51.006+02:00 DEBUG 13839 --- [usersmicroservice] [           main] o.h.q.sqm.function.SqmFunctionRegistry   : Registered SqmFunctionTemplate [org.hibernate.dialect.function.LengthFunction@6fe5da76] under bit_length; prior registration was null
2024-07-21T13:49:51.006+02:00 DEBUG 13839 --- [usersmicroservice] [           main] o.h.q.sqm.function.SqmFunctionRegistry   : Registered SqmFunctionTemplate [org.hibernate.dialect.function.LengthFunction@77d95e5a] under octet_length; prior registration was null
2024-07-21T13:49:51.006+02:00 DEBUG 13839 --- [usersmicroservice] [           main] o.h.q.sqm.function.SqmFunctionRegistry   : Registered SqmFunctionTemplate [NamedSqmFunctionTemplate(ascii)] under ascii; prior registration was null
2024-07-21T13:49:51.006+02:00 DEBUG 13839 --- [usersmicroservice] [           main] o.h.q.sqm.function.SqmFunctionRegistry   : Registered SqmFunctionTemplate [NamedSqmFunctionTemplate(chr)] under chr; prior registration was null
2024-07-21T13:49:51.006+02:00 DEBUG 13839 --- [usersmicroservice] [           main] o.h.q.sqm.function.SqmFunctionRegistry   : Registering alternate key : char -> chr
2024-07-21T13:49:51.006+02:00 DEBUG 13839 --- [usersmicroservice] [           main] o.h.q.sqm.function.SqmFunctionRegistry   : Registered SqmFunctionTemplate [org.hibernate.query.sqm.function.PatternBasedSqmFunctionDescriptor@6339e604] under position; prior registration was org.hibernate.dialect.function.LocatePositionEmulation@4c13ca07
2024-07-21T13:49:51.006+02:00 DEBUG 13839 --- [usersmicroservice] [           main] o.h.q.sqm.function.SqmFunctionRegistry   : Registered SqmFunctionTemplate [org.hibernate.query.sqm.function.PatternBasedSqmFunctionDescriptor@4f8900b0] under bitand; prior registration was null
2024-07-21T13:49:51.006+02:00 DEBUG 13839 --- [usersmicroservice] [           main] o.h.q.sqm.function.SqmFunctionRegistry   : Registered SqmFunctionTemplate [org.hibernate.query.sqm.function.PatternBasedSqmFunctionDescriptor@e7e455d] under bitor; prior registration was null
2024-07-21T13:49:51.006+02:00 DEBUG 13839 --- [usersmicroservice] [           main] o.h.q.sqm.function.SqmFunctionRegistry   : Registered SqmFunctionTemplate [org.hibernate.query.sqm.function.PatternBasedSqmFunctionDescriptor@33e8e146] under bitxor; prior registration was null
2024-07-21T13:49:51.006+02:00 DEBUG 13839 --- [usersmicroservice] [           main] o.h.q.sqm.function.SqmFunctionRegistry   : Registered SqmFunctionTemplate [org.hibernate.query.sqm.function.PatternBasedSqmFunctionDescriptor@1f4d38f9] under bitnot; prior registration was null
2024-07-21T13:49:51.006+02:00 DEBUG 13839 --- [usersmicroservice] [           main] o.h.q.sqm.function.SqmFunctionRegistry   : Registered SqmFunctionTemplate [NamedSqmFunctionTemplate(bit_and)] under bit_and; prior registration was null
2024-07-21T13:49:51.006+02:00 DEBUG 13839 --- [usersmicroservice] [           main] o.h.q.sqm.function.SqmFunctionRegistry   : Registered SqmFunctionTemplate [NamedSqmFunctionTemplate(bit_or)] under bit_or; prior registration was null
2024-07-21T13:49:51.006+02:00 DEBUG 13839 --- [usersmicroservice] [           main] o.h.q.sqm.function.SqmFunctionRegistry   : Registered SqmFunctionTemplate [NamedSqmFunctionTemplate(bool_and)] under bool_and; prior registration was null
2024-07-21T13:49:51.006+02:00 DEBUG 13839 --- [usersmicroservice] [           main] o.h.q.sqm.function.SqmFunctionRegistry   : Registering alternate key : every -> bool_and
2024-07-21T13:49:51.006+02:00 DEBUG 13839 --- [usersmicroservice] [           main] o.h.q.sqm.function.SqmFunctionRegistry   : Registered SqmFunctionTemplate [NamedSqmFunctionTemplate(bool_or)] under bool_or; prior registration was null
2024-07-21T13:49:51.006+02:00 DEBUG 13839 --- [usersmicroservice] [           main] o.h.q.sqm.function.SqmFunctionRegistry   : Registering alternate key : any -> bool_or
2024-07-21T13:49:51.006+02:00 DEBUG 13839 --- [usersmicroservice] [           main] o.h.q.sqm.function.SqmFunctionRegistry   : Registered SqmFunctionTemplate [org.hibernate.query.sqm.function.PatternBasedSqmFunctionDescriptor@18463720] under median; prior registration was null
2024-07-21T13:49:51.006+02:00 DEBUG 13839 --- [usersmicroservice] [           main] o.h.q.sqm.function.SqmFunctionRegistry   : Registered SqmFunctionTemplate [NamedSqmFunctionTemplate(stddev)] under stddev; prior registration was null
2024-07-21T13:49:51.006+02:00 DEBUG 13839 --- [usersmicroservice] [           main] o.h.q.sqm.function.SqmFunctionRegistry   : Registered SqmFunctionTemplate [NamedSqmFunctionTemplate(stddev_pop)] under stddev_pop; prior registration was null
2024-07-21T13:49:51.006+02:00 DEBUG 13839 --- [usersmicroservice] [           main] o.h.q.sqm.function.SqmFunctionRegistry   : Registered SqmFunctionTemplate [NamedSqmFunctionTemplate(stddev_samp)] under stddev_samp; prior registration was null
2024-07-21T13:49:51.006+02:00 DEBUG 13839 --- [usersmicroservice] [           main] o.h.q.sqm.function.SqmFunctionRegistry   : Registered SqmFunctionTemplate [NamedSqmFunctionTemplate(variance)] under variance; prior registration was null
2024-07-21T13:49:51.006+02:00 DEBUG 13839 --- [usersmicroservice] [           main] o.h.q.sqm.function.SqmFunctionRegistry   : Registered SqmFunctionTemplate [NamedSqmFunctionTemplate(var_pop)] under var_pop; prior registration was null
2024-07-21T13:49:51.006+02:00 DEBUG 13839 --- [usersmicroservice] [           main] o.h.q.sqm.function.SqmFunctionRegistry   : Registered SqmFunctionTemplate [NamedSqmFunctionTemplate(var_samp)] under var_samp; prior registration was null
2024-07-21T13:49:51.006+02:00 DEBUG 13839 --- [usersmicroservice] [           main] o.h.q.sqm.function.SqmFunctionRegistry   : Registered SqmFunctionTemplate [NamedSqmFunctionTemplate(covar_pop)] under covar_pop; prior registration was null
2024-07-21T13:49:51.007+02:00 DEBUG 13839 --- [usersmicroservice] [           main] o.h.q.sqm.function.SqmFunctionRegistry   : Registered SqmFunctionTemplate [NamedSqmFunctionTemplate(covar_samp)] under covar_samp; prior registration was null
2024-07-21T13:49:51.007+02:00 DEBUG 13839 --- [usersmicroservice] [           main] o.h.q.sqm.function.SqmFunctionRegistry   : Registered SqmFunctionTemplate [NamedSqmFunctionTemplate(corr)] under corr; prior registration was null
2024-07-21T13:49:51.007+02:00 DEBUG 13839 --- [usersmicroservice] [           main] o.h.q.sqm.function.SqmFunctionRegistry   : Registered SqmFunctionTemplate [NamedSqmFunctionTemplate(regr_avgx)] under regr_avgx; prior registration was null
2024-07-21T13:49:51.007+02:00 DEBUG 13839 --- [usersmicroservice] [           main] o.h.q.sqm.function.SqmFunctionRegistry   : Registered SqmFunctionTemplate [NamedSqmFunctionTemplate(regr_avgy)] under regr_avgy; prior registration was null
2024-07-21T13:49:51.007+02:00 DEBUG 13839 --- [usersmicroservice] [           main] o.h.q.sqm.function.SqmFunctionRegistry   : Registered SqmFunctionTemplate [NamedSqmFunctionTemplate(regr_count)] under regr_count; prior registration was null
2024-07-21T13:49:51.007+02:00 DEBUG 13839 --- [usersmicroservice] [           main] o.h.q.sqm.function.SqmFunctionRegistry   : Registered SqmFunctionTemplate [NamedSqmFunctionTemplate(regr_intercept)] under regr_intercept; prior registration was null
2024-07-21T13:49:51.007+02:00 DEBUG 13839 --- [usersmicroservice] [           main] o.h.q.sqm.function.SqmFunctionRegistry   : Registered SqmFunctionTemplate [NamedSqmFunctionTemplate(regr_r2)] under regr_r2; prior registration was null
2024-07-21T13:49:51.007+02:00 DEBUG 13839 --- [usersmicroservice] [           main] o.h.q.sqm.function.SqmFunctionRegistry   : Registered SqmFunctionTemplate [NamedSqmFunctionTemplate(regr_slope)] under regr_slope; prior registration was null
2024-07-21T13:49:51.007+02:00 DEBUG 13839 --- [usersmicroservice] [           main] o.h.q.sqm.function.SqmFunctionRegistry   : Registered SqmFunctionTemplate [NamedSqmFunctionTemplate(regr_sxx)] under regr_sxx; prior registration was null
2024-07-21T13:49:51.007+02:00 DEBUG 13839 --- [usersmicroservice] [           main] o.h.q.sqm.function.SqmFunctionRegistry   : Registered SqmFunctionTemplate [NamedSqmFunctionTemplate(regr_sxy)] under regr_sxy; prior registration was null
2024-07-21T13:49:51.007+02:00 DEBUG 13839 --- [usersmicroservice] [           main] o.h.q.sqm.function.SqmFunctionRegistry   : Registered SqmFunctionTemplate [NamedSqmFunctionTemplate(regr_syy)] under regr_syy; prior registration was null
2024-07-21T13:49:51.007+02:00 DEBUG 13839 --- [usersmicroservice] [           main] o.h.q.sqm.function.SqmFunctionRegistry   : Registered SqmFunctionTemplate [org.hibernate.query.sqm.function.PatternBasedSqmFunctionDescriptor@10f8e2d2] under insert; prior registration was null
2024-07-21T13:49:51.007+02:00 DEBUG 13839 --- [usersmicroservice] [           main] o.h.q.sqm.function.SqmFunctionRegistry   : Registered SqmFunctionTemplate [org.hibernate.query.sqm.function.MultipatternSqmFunctionDescriptor@af9dd34] under overlay; prior registration was org.hibernate.dialect.function.InsertSubstringOverlayEmulation@18a0721b
2024-07-21T13:49:51.007+02:00 DEBUG 13839 --- [usersmicroservice] [           main] o.h.q.sqm.function.SqmFunctionRegistry   : Registered SqmFunctionTemplate [NamedSqmFunctionTemplate(soundex)] under soundex; prior registration was null
2024-07-21T13:49:51.007+02:00 DEBUG 13839 --- [usersmicroservice] [           main] o.h.q.sqm.function.SqmFunctionRegistry   : Registered SqmFunctionTemplate [org.hibernate.query.sqm.function.MultipatternSqmFunctionDescriptor@48692405] under locate; prior registration was NamedSqmFunctionTemplate(locate)
2024-07-21T13:49:51.007+02:00 DEBUG 13839 --- [usersmicroservice] [           main] o.h.q.sqm.function.SqmFunctionRegistry   : Registered SqmFunctionTemplate [NamedSqmFunctionTemplate(row_number)] under row_number; prior registration was null
2024-07-21T13:49:51.007+02:00 DEBUG 13839 --- [usersmicroservice] [           main] o.h.q.sqm.function.SqmFunctionRegistry   : Registered SqmFunctionTemplate [NamedSqmFunctionTemplate(lag)] under lag; prior registration was null
2024-07-21T13:49:51.007+02:00 DEBUG 13839 --- [usersmicroservice] [           main] o.h.q.sqm.function.SqmFunctionRegistry   : Registered SqmFunctionTemplate [NamedSqmFunctionTemplate(lead)] under lead; prior registration was null
2024-07-21T13:49:51.007+02:00 DEBUG 13839 --- [usersmicroservice] [           main] o.h.q.sqm.function.SqmFunctionRegistry   : Registered SqmFunctionTemplate [NamedSqmFunctionTemplate(first_value)] under first_value; prior registration was null
2024-07-21T13:49:51.007+02:00 DEBUG 13839 --- [usersmicroservice] [           main] o.h.q.sqm.function.SqmFunctionRegistry   : Registered SqmFunctionTemplate [NamedSqmFunctionTemplate(last_value)] under last_value; prior registration was null
2024-07-21T13:49:51.007+02:00 DEBUG 13839 --- [usersmicroservice] [           main] o.h.q.sqm.function.SqmFunctionRegistry   : Registered SqmFunctionTemplate [NamedSqmFunctionTemplate(nth_value)] under nth_value; prior registration was null
2024-07-21T13:49:51.007+02:00 DEBUG 13839 --- [usersmicroservice] [           main] o.h.q.sqm.function.SqmFunctionRegistry   : Registered SqmFunctionTemplate [org.hibernate.dialect.function.ListaggStringAggEmulation@4fa8297b] under listagg; prior registration was null
2024-07-21T13:49:51.008+02:00 DEBUG 13839 --- [usersmicroservice] [           main] o.h.q.sqm.function.SqmFunctionRegistry   : Registered SqmFunctionTemplate [org.hibernate.dialect.function.array.PostgreSQLArrayConstructorFunction@7497a554] under array; prior registration was null
2024-07-21T13:49:51.008+02:00 DEBUG 13839 --- [usersmicroservice] [           main] o.h.q.sqm.function.SqmFunctionRegistry   : Registered SqmFunctionTemplate [org.hibernate.dialect.function.array.PostgreSQLArrayConstructorFunction@5dd23809] under array_list; prior registration was null
2024-07-21T13:49:51.008+02:00 DEBUG 13839 --- [usersmicroservice] [           main] o.h.q.sqm.function.SqmFunctionRegistry   : Registered SqmFunctionTemplate [org.hibernate.dialect.function.array.ArrayAggFunction@65015a49] under array_agg; prior registration was null
2024-07-21T13:49:51.009+02:00 DEBUG 13839 --- [usersmicroservice] [           main] o.h.q.sqm.function.SqmFunctionRegistry   : Registered SqmFunctionTemplate [org.hibernate.dialect.function.array.PostgreSQLArrayPositionFunction@3e5ebdfe] under array_position; prior registration was null
2024-07-21T13:49:51.010+02:00 DEBUG 13839 --- [usersmicroservice] [           main] o.h.q.sqm.function.SqmFunctionRegistry   : Registered SqmFunctionTemplate [org.hibernate.dialect.function.array.PostgreSQLArrayPositionsFunction@15a484a9] under array_positions; prior registration was null
2024-07-21T13:49:51.010+02:00 DEBUG 13839 --- [usersmicroservice] [           main] o.h.q.sqm.function.SqmFunctionRegistry   : Registered SqmFunctionTemplate [org.hibernate.dialect.function.array.PostgreSQLArrayPositionsFunction@2c0fefac] under array_positions_list; prior registration was null
2024-07-21T13:49:51.010+02:00 DEBUG 13839 --- [usersmicroservice] [           main] o.h.q.sqm.function.SqmFunctionRegistry   : Registered SqmFunctionTemplate [org.hibernate.query.sqm.function.PatternBasedSqmFunctionDescriptor@6fbc7853] under array_length; prior registration was null
2024-07-21T13:49:51.010+02:00 DEBUG 13839 --- [usersmicroservice] [           main] o.h.q.sqm.function.SqmFunctionRegistry   : Registered SqmFunctionTemplate [org.hibernate.dialect.function.array.PostgreSQLArrayConcatFunction@1b632442] under array_concat; prior registration was null
2024-07-21T13:49:51.011+02:00 DEBUG 13839 --- [usersmicroservice] [           main] o.h.q.sqm.function.SqmFunctionRegistry   : Registered SqmFunctionTemplate [org.hibernate.dialect.function.array.PostgreSQLArrayConcatElementFunction@50f05307] under array_prepend; prior registration was null
2024-07-21T13:49:51.011+02:00 DEBUG 13839 --- [usersmicroservice] [           main] o.h.q.sqm.function.SqmFunctionRegistry   : Registered SqmFunctionTemplate [org.hibernate.dialect.function.array.PostgreSQLArrayConcatElementFunction@9cc0505] under array_append; prior registration was null
2024-07-21T13:49:51.011+02:00 DEBUG 13839 --- [usersmicroservice] [           main] o.h.q.sqm.function.SqmFunctionRegistry   : Registered SqmFunctionTemplate [org.hibernate.dialect.function.array.ArrayContainsOperatorFunction@42cfd794] under array_contains; prior registration was null
2024-07-21T13:49:51.011+02:00 DEBUG 13839 --- [usersmicroservice] [           main] o.h.q.sqm.function.SqmFunctionRegistry   : Registered SqmFunctionTemplate [org.hibernate.dialect.function.array.ArrayContainsOperatorFunction@43778371] under array_contains_nullable; prior registration was null
2024-07-21T13:49:51.011+02:00 DEBUG 13839 --- [usersmicroservice] [           main] o.h.q.sqm.function.SqmFunctionRegistry   : Registered SqmFunctionTemplate [org.hibernate.dialect.function.array.ArrayOverlapsOperatorFunction@60bc308b] under array_overlaps; prior registration was null
2024-07-21T13:49:51.011+02:00 DEBUG 13839 --- [usersmicroservice] [           main] o.h.q.sqm.function.SqmFunctionRegistry   : Registered SqmFunctionTemplate [org.hibernate.dialect.function.array.ArrayOverlapsOperatorFunction@56499781] under array_overlaps_nullable; prior registration was null
2024-07-21T13:49:51.011+02:00 DEBUG 13839 --- [usersmicroservice] [           main] o.h.q.sqm.function.SqmFunctionRegistry   : Registered SqmFunctionTemplate [org.hibernate.query.sqm.function.PatternBasedSqmFunctionDescriptor@31f1b268] under array_get; prior registration was null
2024-07-21T13:49:51.011+02:00 DEBUG 13839 --- [usersmicroservice] [           main] o.h.q.sqm.function.SqmFunctionRegistry   : Registered SqmFunctionTemplate [org.hibernate.dialect.function.array.ArraySetUnnestFunction@4ae958b0] under array_set; prior registration was null
2024-07-21T13:49:51.012+02:00 DEBUG 13839 --- [usersmicroservice] [           main] o.h.q.sqm.function.SqmFunctionRegistry   : Registered SqmFunctionTemplate [NamedSqmFunctionTemplate(array_remove)] under array_remove; prior registration was null
2024-07-21T13:49:51.012+02:00 DEBUG 13839 --- [usersmicroservice] [           main] o.h.q.sqm.function.SqmFunctionRegistry   : Registered SqmFunctionTemplate [org.hibernate.dialect.function.array.ArrayRemoveIndexUnnestFunction@34a33343] under array_remove_index; prior registration was null
2024-07-21T13:49:51.012+02:00 DEBUG 13839 --- [usersmicroservice] [           main] o.h.q.sqm.function.SqmFunctionRegistry   : Registered SqmFunctionTemplate [org.hibernate.query.sqm.function.PatternBasedSqmFunctionDescriptor@98722ef] under array_slice; prior registration was null
2024-07-21T13:49:51.012+02:00 DEBUG 13839 --- [usersmicroservice] [           main] o.h.q.sqm.function.SqmFunctionRegistry   : Registered SqmFunctionTemplate [NamedSqmFunctionTemplate(array_replace)] under array_replace; prior registration was null
2024-07-21T13:49:51.012+02:00 DEBUG 13839 --- [usersmicroservice] [           main] o.h.q.sqm.function.SqmFunctionRegistry   : Registered SqmFunctionTemplate [org.hibernate.query.sqm.function.PatternBasedSqmFunctionDescriptor@459e120b] under array_trim; prior registration was null
2024-07-21T13:49:51.012+02:00 DEBUG 13839 --- [usersmicroservice] [           main] o.h.q.sqm.function.SqmFunctionRegistry   : Registered SqmFunctionTemplate [org.hibernate.dialect.function.array.PostgreSQLArrayFillFunction@57927bc9] under array_fill; prior registration was null
2024-07-21T13:49:51.012+02:00 DEBUG 13839 --- [usersmicroservice] [           main] o.h.q.sqm.function.SqmFunctionRegistry   : Registered SqmFunctionTemplate [org.hibernate.dialect.function.array.PostgreSQLArrayFillFunction@323efafe] under array_fill_list; prior registration was null
2024-07-21T13:49:51.012+02:00 DEBUG 13839 --- [usersmicroservice] [           main] o.h.q.sqm.function.SqmFunctionRegistry   : Registered SqmFunctionTemplate [org.hibernate.dialect.function.array.ArrayToStringFunction@2de7c84a] under array_to_string; prior registration was null
2024-07-21T13:49:51.012+02:00 DEBUG 13839 --- [usersmicroservice] [           main] o.h.q.sqm.function.SqmFunctionRegistry   : Registered SqmFunctionTemplate [NamedSqmFunctionTemplate(make_date)] under make_date; prior registration was null
2024-07-21T13:49:51.012+02:00 DEBUG 13839 --- [usersmicroservice] [           main] o.h.q.sqm.function.SqmFunctionRegistry   : Registered SqmFunctionTemplate [NamedSqmFunctionTemplate(make_time)] under make_time; prior registration was null
2024-07-21T13:49:51.012+02:00 DEBUG 13839 --- [usersmicroservice] [           main] o.h.q.sqm.function.SqmFunctionRegistry   : Registered SqmFunctionTemplate [NamedSqmFunctionTemplate(make_timestamp)] under make_timestamp; prior registration was null
2024-07-21T13:49:51.012+02:00 DEBUG 13839 --- [usersmicroservice] [           main] o.h.q.sqm.function.SqmFunctionRegistry   : Registered SqmFunctionTemplate [NamedSqmFunctionTemplate(make_timestamptz)] under make_timestamptz; prior registration was null
2024-07-21T13:49:51.012+02:00 DEBUG 13839 --- [usersmicroservice] [           main] o.h.q.sqm.function.SqmFunctionRegistry   : Registered SqmFunctionTemplate [org.hibernate.dialect.function.InverseDistributionFunction@799fb45e] under mode; prior registration was null
2024-07-21T13:49:51.012+02:00 DEBUG 13839 --- [usersmicroservice] [           main] o.h.q.sqm.function.SqmFunctionRegistry   : Registered SqmFunctionTemplate [org.hibernate.dialect.function.InverseDistributionFunction@4f7ba0af] under percentile_cont; prior registration was null
2024-07-21T13:49:51.012+02:00 DEBUG 13839 --- [usersmicroservice] [           main] o.h.q.sqm.function.SqmFunctionRegistry   : Registered SqmFunctionTemplate [org.hibernate.dialect.function.InverseDistributionFunction@5b23c1f6] under percentile_disc; prior registration was null
2024-07-21T13:49:51.012+02:00 DEBUG 13839 --- [usersmicroservice] [           main] o.h.q.sqm.function.SqmFunctionRegistry   : Registered SqmFunctionTemplate [org.hibernate.dialect.function.HypotheticalSetFunction@6c75e3bc] under rank; prior registration was null
2024-07-21T13:49:51.012+02:00 DEBUG 13839 --- [usersmicroservice] [           main] o.h.q.sqm.function.SqmFunctionRegistry   : Registered SqmFunctionTemplate [org.hibernate.dialect.function.HypotheticalSetFunction@186f7434] under dense_rank; prior registration was null
2024-07-21T13:49:51.012+02:00 DEBUG 13839 --- [usersmicroservice] [           main] o.h.q.sqm.function.SqmFunctionRegistry   : Registered SqmFunctionTemplate [org.hibernate.dialect.function.HypotheticalSetFunction@2374452a] under percent_rank; prior registration was null
2024-07-21T13:49:51.012+02:00 DEBUG 13839 --- [usersmicroservice] [           main] o.h.q.sqm.function.SqmFunctionRegistry   : Registered SqmFunctionTemplate [org.hibernate.dialect.function.HypotheticalSetFunction@6ffc6ea7] under cume_dist; prior registration was null
2024-07-21T13:49:51.013+02:00 DEBUG 13839 --- [usersmicroservice] [           main] o.h.q.sqm.function.SqmFunctionRegistry   : Registered SqmFunctionTemplate [org.hibernate.dialect.function.PostgreSQLMinMaxFunction@42238078] under min; prior registration was NamedSqmFunctionTemplate(min)
2024-07-21T13:49:51.013+02:00 DEBUG 13839 --- [usersmicroservice] [           main] o.h.q.sqm.function.SqmFunctionRegistry   : Registered SqmFunctionTemplate [org.hibernate.dialect.function.PostgreSQLMinMaxFunction@5627b8eb] under max; prior registration was NamedSqmFunctionTemplate(max)
2024-07-21T13:49:51.013+02:00 DEBUG 13839 --- [usersmicroservice] [           main] o.h.q.sqm.function.SqmFunctionRegistry   : Registered SqmFunctionTemplate [org.hibernate.query.sqm.function.PatternBasedSqmFunctionDescriptor@49fe0bcd] under bitxor; prior registration was org.hibernate.query.sqm.function.PatternBasedSqmFunctionDescriptor@33e8e146
2024-07-21T13:49:51.013+02:00 DEBUG 13839 --- [usersmicroservice] [           main] o.h.q.sqm.function.SqmFunctionRegistry   : Registered SqmFunctionTemplate [org.hibernate.dialect.function.PostgreSQLTruncRoundFunction@397a10df] under round; prior registration was NamedSqmFunctionTemplate(round)
2024-07-21T13:49:51.013+02:00 DEBUG 13839 --- [usersmicroservice] [           main] o.h.q.sqm.function.SqmFunctionRegistry   : Registered SqmFunctionTemplate [org.hibernate.dialect.function.PostgreSQLTruncFunction@520c3dcb] under trunc; prior registration was null
2024-07-21T13:49:51.013+02:00 DEBUG 13839 --- [usersmicroservice] [           main] o.h.q.sqm.function.SqmFunctionRegistry   : Registering alternate key : truncate -> trunc
2024-07-21T13:49:51.013+02:00 DEBUG 13839 --- [usersmicroservice] [           main] o.h.q.sqm.function.SqmFunctionRegistry   : Registered SqmFunctionTemplate [org.hibernate.query.sqm.function.PatternBasedSqmFunctionDescriptor@145fe8ab] under date_trunc; prior registration was null
2024-07-21T13:49:51.014+02:00 DEBUG 13839 --- [usersmicroservice] [           main] org.hibernate.HQL_FUNCTIONS              : abs(NUMERIC arg)
2024-07-21T13:49:51.014+02:00 DEBUG 13839 --- [usersmicroservice] [           main] org.hibernate.HQL_FUNCTIONS              : Double acos(NUMERIC arg)
2024-07-21T13:49:51.014+02:00 DEBUG 13839 --- [usersmicroservice] [           main] org.hibernate.HQL_FUNCTIONS              : Double acosh(NUMERIC arg)
2024-07-21T13:49:51.014+02:00 DEBUG 13839 --- [usersmicroservice] [           main] org.hibernate.HQL_FUNCTIONS              : Boolean any(BOOLEAN predicate)
2024-07-21T13:49:51.014+02:00 DEBUG 13839 --- [usersmicroservice] [           main] org.hibernate.HQL_FUNCTIONS              : array( ... )
2024-07-21T13:49:51.014+02:00 DEBUG 13839 --- [usersmicroservice] [           main] org.hibernate.HQL_FUNCTIONS              : array_agg(arg)
2024-07-21T13:49:51.014+02:00 DEBUG 13839 --- [usersmicroservice] [           main] org.hibernate.HQL_FUNCTIONS              : array_append( ... )
2024-07-21T13:49:51.014+02:00 DEBUG 13839 --- [usersmicroservice] [           main] org.hibernate.HQL_FUNCTIONS              : array_concat( ... )
2024-07-21T13:49:51.014+02:00 DEBUG 13839 --- [usersmicroservice] [           main] org.hibernate.HQL_FUNCTIONS              : Boolean array_contains(ARRAY haystackArray, OBJECT needleElementOrArray)
2024-07-21T13:49:51.014+02:00 DEBUG 13839 --- [usersmicroservice] [           main] org.hibernate.HQL_FUNCTIONS              : Boolean array_contains_nullable(ARRAY haystackArray, OBJECT needleElementOrArray)
2024-07-21T13:49:51.014+02:00 DEBUG 13839 --- [usersmicroservice] [           main] org.hibernate.HQL_FUNCTIONS              : array_fill(OBJECT element, INTEGER elementCount)
2024-07-21T13:49:51.014+02:00 DEBUG 13839 --- [usersmicroservice] [           main] org.hibernate.HQL_FUNCTIONS              : array_fill_list(OBJECT element, INTEGER elementCount)
2024-07-21T13:49:51.014+02:00 DEBUG 13839 --- [usersmicroservice] [           main] org.hibernate.HQL_FUNCTIONS              : array_get(ARRAY array, INTEGER index)
2024-07-21T13:49:51.014+02:00 DEBUG 13839 --- [usersmicroservice] [           main] org.hibernate.HQL_FUNCTIONS              : Integer array_length(ARRAY array)
2024-07-21T13:49:51.014+02:00 DEBUG 13839 --- [usersmicroservice] [           main] org.hibernate.HQL_FUNCTIONS              : array_list( ... )
2024-07-21T13:49:51.014+02:00 DEBUG 13839 --- [usersmicroservice] [           main] org.hibernate.HQL_FUNCTIONS              : Boolean array_overlaps(ARRAY array0, OBJECT array1)
2024-07-21T13:49:51.014+02:00 DEBUG 13839 --- [usersmicroservice] [           main] org.hibernate.HQL_FUNCTIONS              : Boolean array_overlaps_nullable(ARRAY array0, OBJECT array1)
2024-07-21T13:49:51.014+02:00 DEBUG 13839 --- [usersmicroservice] [           main] org.hibernate.HQL_FUNCTIONS              : Integer array_position(ARRAY array, OBJECT element[, INTEGER startPosition])
2024-07-21T13:49:51.014+02:00 DEBUG 13839 --- [usersmicroservice] [           main] org.hibernate.HQL_FUNCTIONS              : int[] array_positions(ARRAY array, OBJECT element)
2024-07-21T13:49:51.014+02:00 DEBUG 13839 --- [usersmicroservice] [           main] org.hibernate.HQL_FUNCTIONS              : List array_positions_list(ARRAY array, OBJECT element)
2024-07-21T13:49:51.014+02:00 DEBUG 13839 --- [usersmicroservice] [           main] org.hibernate.HQL_FUNCTIONS              : array_prepend( ... )
2024-07-21T13:49:51.014+02:00 DEBUG 13839 --- [usersmicroservice] [           main] org.hibernate.HQL_FUNCTIONS              : array_remove( ... )
2024-07-21T13:49:51.014+02:00 DEBUG 13839 --- [usersmicroservice] [           main] org.hibernate.HQL_FUNCTIONS              : array_remove_index( ... )
2024-07-21T13:49:51.014+02:00 DEBUG 13839 --- [usersmicroservice] [           main] org.hibernate.HQL_FUNCTIONS              : array_replace(ARRAY array, OBJECT old, OBJECT new)
2024-07-21T13:49:51.014+02:00 DEBUG 13839 --- [usersmicroservice] [           main] org.hibernate.HQL_FUNCTIONS              : array_set( ... )
2024-07-21T13:49:51.014+02:00 DEBUG 13839 --- [usersmicroservice] [           main] org.hibernate.HQL_FUNCTIONS              : array_slice(ARRAY array, INTEGER start, INTEGER end)
2024-07-21T13:49:51.014+02:00 DEBUG 13839 --- [usersmicroservice] [           main] org.hibernate.HQL_FUNCTIONS              : String array_to_string( ... )
2024-07-21T13:49:51.014+02:00 DEBUG 13839 --- [usersmicroservice] [           main] org.hibernate.HQL_FUNCTIONS              : array_trim(ARRAY array, INTEGER elementsToRemove)
2024-07-21T13:49:51.014+02:00 DEBUG 13839 --- [usersmicroservice] [           main] org.hibernate.HQL_FUNCTIONS              : Integer ascii(STRING arg)
2024-07-21T13:49:51.014+02:00 DEBUG 13839 --- [usersmicroservice] [           main] org.hibernate.HQL_FUNCTIONS              : Double asin(NUMERIC arg)
2024-07-21T13:49:51.014+02:00 DEBUG 13839 --- [usersmicroservice] [           main] org.hibernate.HQL_FUNCTIONS              : Double asinh(NUMERIC arg)
2024-07-21T13:49:51.014+02:00 DEBUG 13839 --- [usersmicroservice] [           main] org.hibernate.HQL_FUNCTIONS              : Double atan(NUMERIC arg)
2024-07-21T13:49:51.014+02:00 DEBUG 13839 --- [usersmicroservice] [           main] org.hibernate.HQL_FUNCTIONS              : Double atan2(NUMERIC arg0, NUMERIC arg1)
2024-07-21T13:49:51.014+02:00 DEBUG 13839 --- [usersmicroservice] [           main] org.hibernate.HQL_FUNCTIONS              : Double atanh(NUMERIC arg)
2024-07-21T13:49:51.014+02:00 DEBUG 13839 --- [usersmicroservice] [           main] org.hibernate.HQL_FUNCTIONS              : avg(arg)
2024-07-21T13:49:51.014+02:00 DEBUG 13839 --- [usersmicroservice] [           main] org.hibernate.HQL_FUNCTIONS              : bit_and(arg)
2024-07-21T13:49:51.014+02:00 DEBUG 13839 --- [usersmicroservice] [           main] org.hibernate.HQL_FUNCTIONS              : Integer bit_length(STRING_OR_CLOB arg)
2024-07-21T13:49:51.014+02:00 DEBUG 13839 --- [usersmicroservice] [           main] org.hibernate.HQL_FUNCTIONS              : bit_or(arg)
2024-07-21T13:49:51.014+02:00 DEBUG 13839 --- [usersmicroservice] [           main] org.hibernate.HQL_FUNCTIONS              : bitand(arg0, arg1)
2024-07-21T13:49:51.014+02:00 DEBUG 13839 --- [usersmicroservice] [           main] org.hibernate.HQL_FUNCTIONS              : bitnot(arg)
2024-07-21T13:49:51.014+02:00 DEBUG 13839 --- [usersmicroservice] [           main] org.hibernate.HQL_FUNCTIONS              : bitor(arg0, arg1)
2024-07-21T13:49:51.014+02:00 DEBUG 13839 --- [usersmicroservice] [           main] org.hibernate.HQL_FUNCTIONS              : bitxor(arg0, arg1)
2024-07-21T13:49:51.014+02:00 DEBUG 13839 --- [usersmicroservice] [           main] org.hibernate.HQL_FUNCTIONS              : Boolean bool_and(BOOLEAN predicate)
2024-07-21T13:49:51.014+02:00 DEBUG 13839 --- [usersmicroservice] [           main] org.hibernate.HQL_FUNCTIONS              : Boolean bool_or(BOOLEAN predicate)
2024-07-21T13:49:51.014+02:00 DEBUG 13839 --- [usersmicroservice] [           main] org.hibernate.HQL_FUNCTIONS              : cast(arg as Type)
2024-07-21T13:49:51.014+02:00 DEBUG 13839 --- [usersmicroservice] [           main] org.hibernate.HQL_FUNCTIONS              : Double cbrt(NUMERIC arg)
2024-07-21T13:49:51.014+02:00 DEBUG 13839 --- [usersmicroservice] [           main] org.hibernate.HQL_FUNCTIONS              : ceiling(NUMERIC arg)
2024-07-21T13:49:51.014+02:00 DEBUG 13839 --- [usersmicroservice] [           main] org.hibernate.HQL_FUNCTIONS              : Character char(INTEGER arg)
2024-07-21T13:49:51.014+02:00 DEBUG 13839 --- [usersmicroservice] [           main] org.hibernate.HQL_FUNCTIONS              : Integer character_length(STRING_OR_CLOB arg)
2024-07-21T13:49:51.014+02:00 DEBUG 13839 --- [usersmicroservice] [           main] org.hibernate.HQL_FUNCTIONS              : Character chr(INTEGER arg)
2024-07-21T13:49:51.014+02:00 DEBUG 13839 --- [usersmicroservice] [           main] org.hibernate.HQL_FUNCTIONS              : coalesce(arg0[, arg1[, ...]])
2024-07-21T13:49:51.014+02:00 DEBUG 13839 --- [usersmicroservice] [           main] org.hibernate.HQL_FUNCTIONS              : String collate(STRING string as COLLATION collation)
2024-07-21T13:49:51.015+02:00 DEBUG 13839 --- [usersmicroservice] [           main] org.hibernate.HQL_FUNCTIONS              : (STRING string0[, STRING string1[, ...]])
2024-07-21T13:49:51.015+02:00 DEBUG 13839 --- [usersmicroservice] [           main] org.hibernate.HQL_FUNCTIONS              : Double corr(NUMERIC arg0, NUMERIC arg1)
2024-07-21T13:49:51.015+02:00 DEBUG 13839 --- [usersmicroservice] [           main] org.hibernate.HQL_FUNCTIONS              : Double cos(NUMERIC arg)
2024-07-21T13:49:51.015+02:00 DEBUG 13839 --- [usersmicroservice] [           main] org.hibernate.HQL_FUNCTIONS              : Double cosh(NUMERIC arg)
2024-07-21T13:49:51.015+02:00 DEBUG 13839 --- [usersmicroservice] [           main] org.hibernate.HQL_FUNCTIONS              : Double cot(NUMERIC arg)
2024-07-21T13:49:51.015+02:00 DEBUG 13839 --- [usersmicroservice] [           main] org.hibernate.HQL_FUNCTIONS              : Long count([distinct ]{arg|*})
2024-07-21T13:49:51.015+02:00 DEBUG 13839 --- [usersmicroservice] [           main] org.hibernate.HQL_FUNCTIONS              : Double covar_pop(NUMERIC arg0, NUMERIC arg1)
2024-07-21T13:49:51.015+02:00 DEBUG 13839 --- [usersmicroservice] [           main] org.hibernate.HQL_FUNCTIONS              : Double covar_samp(NUMERIC arg0, NUMERIC arg1)
2024-07-21T13:49:51.015+02:00 DEBUG 13839 --- [usersmicroservice] [           main] org.hibernate.HQL_FUNCTIONS              : Double cume_dist([arg0[, ...]])
2024-07-21T13:49:51.015+02:00 DEBUG 13839 --- [usersmicroservice] [           main] org.hibernate.HQL_FUNCTIONS              : Date current date
2024-07-21T13:49:51.015+02:00 DEBUG 13839 --- [usersmicroservice] [           main] org.hibernate.HQL_FUNCTIONS              : Time current time
2024-07-21T13:49:51.015+02:00 DEBUG 13839 --- [usersmicroservice] [           main] org.hibernate.HQL_FUNCTIONS              : Timestamp current timestamp
2024-07-21T13:49:51.015+02:00 DEBUG 13839 --- [usersmicroservice] [           main] org.hibernate.HQL_FUNCTIONS              : Date current_date
2024-07-21T13:49:51.015+02:00 DEBUG 13839 --- [usersmicroservice] [           main] org.hibernate.HQL_FUNCTIONS              : Instant current_instant
2024-07-21T13:49:51.015+02:00 DEBUG 13839 --- [usersmicroservice] [           main] org.hibernate.HQL_FUNCTIONS              : Time current_time
2024-07-21T13:49:51.015+02:00 DEBUG 13839 --- [usersmicroservice] [           main] org.hibernate.HQL_FUNCTIONS              : Timestamp current_timestamp
2024-07-21T13:49:51.015+02:00 DEBUG 13839 --- [usersmicroservice] [           main] org.hibernate.HQL_FUNCTIONS              : date_trunc(STRING field, TEMPORAL datetime)
2024-07-21T13:49:51.015+02:00 DEBUG 13839 --- [usersmicroservice] [           main] org.hibernate.HQL_FUNCTIONS              : dateadd(TEMPORAL_UNIT field, INTEGER magnitude, TEMPORAL datetime)
2024-07-21T13:49:51.015+02:00 DEBUG 13839 --- [usersmicroservice] [           main] org.hibernate.HQL_FUNCTIONS              : Long|Double datediff(TEMPORAL_UNIT field, TEMPORAL start, TEMPORAL end)
2024-07-21T13:49:51.015+02:00 DEBUG 13839 --- [usersmicroservice] [           main] org.hibernate.HQL_FUNCTIONS              : Double degrees(NUMERIC arg)
2024-07-21T13:49:51.015+02:00 DEBUG 13839 --- [usersmicroservice] [           main] org.hibernate.HQL_FUNCTIONS              : Long dense_rank([arg0[, ...]])
2024-07-21T13:49:51.015+02:00 DEBUG 13839 --- [usersmicroservice] [           main] org.hibernate.HQL_FUNCTIONS              : Boolean every(BOOLEAN predicate)
2024-07-21T13:49:51.015+02:00 DEBUG 13839 --- [usersmicroservice] [           main] org.hibernate.HQL_FUNCTIONS              : Double exp(NUMERIC arg)
2024-07-21T13:49:51.015+02:00 DEBUG 13839 --- [usersmicroservice] [           main] org.hibernate.HQL_FUNCTIONS              : extract(TEMPORAL_UNIT field from TEMPORAL arg)
2024-07-21T13:49:51.015+02:00 DEBUG 13839 --- [usersmicroservice] [           main] org.hibernate.HQL_FUNCTIONS              : first_valueANY value
2024-07-21T13:49:51.015+02:00 DEBUG 13839 --- [usersmicroservice] [           main] org.hibernate.HQL_FUNCTIONS              : floor(NUMERIC arg)
2024-07-21T13:49:51.015+02:00 DEBUG 13839 --- [usersmicroservice] [           main] org.hibernate.HQL_FUNCTIONS              : String format(TEMPORAL datetime as STRING pattern)
2024-07-21T13:49:51.015+02:00 DEBUG 13839 --- [usersmicroservice] [           main] org.hibernate.HQL_FUNCTIONS              : greatest(COMPARABLE arg0, COMPARABLE arg1[, arg2[, ...]])
2024-07-21T13:49:51.015+02:00 DEBUG 13839 --- [usersmicroservice] [           main] org.hibernate.HQL_FUNCTIONS              : ifnull(arg0, arg1)
2024-07-21T13:49:51.015+02:00 DEBUG 13839 --- [usersmicroservice] [           main] org.hibernate.HQL_FUNCTIONS              : String initcap(arg)
2024-07-21T13:49:51.015+02:00 DEBUG 13839 --- [usersmicroservice] [           main] org.hibernate.HQL_FUNCTIONS              : String insert(STRING string, INTEGER start, INTEGER length, STRING replacement)
2024-07-21T13:49:51.015+02:00 DEBUG 13839 --- [usersmicroservice] [           main] org.hibernate.HQL_FUNCTIONS              : Instant instant
2024-07-21T13:49:51.015+02:00 DEBUG 13839 --- [usersmicroservice] [           main] org.hibernate.HQL_FUNCTIONS              : lagANY value[, INTEGER offset[, ANY default]]
2024-07-21T13:49:51.015+02:00 DEBUG 13839 --- [usersmicroservice] [           main] org.hibernate.HQL_FUNCTIONS              : last_valueANY value
2024-07-21T13:49:51.015+02:00 DEBUG 13839 --- [usersmicroservice] [           main] org.hibernate.HQL_FUNCTIONS              : leadANY value[, INTEGER offset[, ANY default]]
2024-07-21T13:49:51.015+02:00 DEBUG 13839 --- [usersmicroservice] [           main] org.hibernate.HQL_FUNCTIONS              : least(COMPARABLE arg0, COMPARABLE arg1[, arg2[, ...]])
2024-07-21T13:49:51.015+02:00 DEBUG 13839 --- [usersmicroservice] [           main] org.hibernate.HQL_FUNCTIONS              : String left(STRING string, INTEGER length)
2024-07-21T13:49:51.015+02:00 DEBUG 13839 --- [usersmicroservice] [           main] org.hibernate.HQL_FUNCTIONS              : Integer length(STRING_OR_CLOB arg)
2024-07-21T13:49:51.015+02:00 DEBUG 13839 --- [usersmicroservice] [           main] org.hibernate.HQL_FUNCTIONS              : String listagg(STRING arg0, STRING arg1)
2024-07-21T13:49:51.015+02:00 DEBUG 13839 --- [usersmicroservice] [           main] org.hibernate.HQL_FUNCTIONS              : Double ln(NUMERIC arg)
2024-07-21T13:49:51.015+02:00 DEBUG 13839 --- [usersmicroservice] [           main] org.hibernate.HQL_FUNCTIONS              : LocalDate local date
2024-07-21T13:49:51.015+02:00 DEBUG 13839 --- [usersmicroservice] [           main] org.hibernate.HQL_FUNCTIONS              : LocalDateTime local datetime
2024-07-21T13:49:51.015+02:00 DEBUG 13839 --- [usersmicroservice] [           main] org.hibernate.HQL_FUNCTIONS              : LocalTime local time
2024-07-21T13:49:51.015+02:00 DEBUG 13839 --- [usersmicroservice] [           main] org.hibernate.HQL_FUNCTIONS              : LocalDate local_date
2024-07-21T13:49:51.015+02:00 DEBUG 13839 --- [usersmicroservice] [           main] org.hibernate.HQL_FUNCTIONS              : LocalDateTime local_datetime
2024-07-21T13:49:51.016+02:00 DEBUG 13839 --- [usersmicroservice] [           main] org.hibernate.HQL_FUNCTIONS              : LocalTime local_time
2024-07-21T13:49:51.016+02:00 DEBUG 13839 --- [usersmicroservice] [           main] org.hibernate.HQL_FUNCTIONS              : Time localtime
2024-07-21T13:49:51.016+02:00 DEBUG 13839 --- [usersmicroservice] [           main] org.hibernate.HQL_FUNCTIONS              : Timestamp localtimestamp
2024-07-21T13:49:51.016+02:00 DEBUG 13839 --- [usersmicroservice] [           main] org.hibernate.HQL_FUNCTIONS              : Integer locate(STRING pattern, STRING string[, INTEGER start])
2024-07-21T13:49:51.016+02:00 DEBUG 13839 --- [usersmicroservice] [           main] org.hibernate.HQL_FUNCTIONS              : Double log(NUMERIC arg0[, NUMERIC arg1])
2024-07-21T13:49:51.016+02:00 DEBUG 13839 --- [usersmicroservice] [           main] org.hibernate.HQL_FUNCTIONS              : Double log10(NUMERIC arg)
2024-07-21T13:49:51.016+02:00 DEBUG 13839 --- [usersmicroservice] [           main] org.hibernate.HQL_FUNCTIONS              : String lower(STRING string)
2024-07-21T13:49:51.016+02:00 DEBUG 13839 --- [usersmicroservice] [           main] org.hibernate.HQL_FUNCTIONS              : String lpad(STRING string, INTEGER length[, STRING padding])
2024-07-21T13:49:51.016+02:00 DEBUG 13839 --- [usersmicroservice] [           main] org.hibernate.HQL_FUNCTIONS              : String ltrim(STRING string[, STRING characters])
2024-07-21T13:49:51.016+02:00 DEBUG 13839 --- [usersmicroservice] [           main] org.hibernate.HQL_FUNCTIONS              : Date make_date(INTEGER arg0, INTEGER arg1, INTEGER arg2)
2024-07-21T13:49:51.016+02:00 DEBUG 13839 --- [usersmicroservice] [           main] org.hibernate.HQL_FUNCTIONS              : Time make_time(INTEGER arg0, INTEGER arg1, INTEGER arg2)
2024-07-21T13:49:51.016+02:00 DEBUG 13839 --- [usersmicroservice] [           main] org.hibernate.HQL_FUNCTIONS              : Timestamp make_timestamp(INTEGER arg0, INTEGER arg1, INTEGER arg2, INTEGER arg3, INTEGER arg4, INTEGER arg5)
2024-07-21T13:49:51.016+02:00 DEBUG 13839 --- [usersmicroservice] [           main] org.hibernate.HQL_FUNCTIONS              : Timestamp make_timestamptz(INTEGER arg0, INTEGER arg1, INTEGER arg2, INTEGER arg3, INTEGER arg4, INTEGER arg5[, INTEGER arg6])
2024-07-21T13:49:51.016+02:00 DEBUG 13839 --- [usersmicroservice] [           main] org.hibernate.HQL_FUNCTIONS              : max(COMPARABLE arg)
2024-07-21T13:49:51.016+02:00 DEBUG 13839 --- [usersmicroservice] [           main] org.hibernate.HQL_FUNCTIONS              : String md5(arg)
2024-07-21T13:49:51.016+02:00 DEBUG 13839 --- [usersmicroservice] [           main] org.hibernate.HQL_FUNCTIONS              : Double median(NUMERIC arg)
2024-07-21T13:49:51.016+02:00 DEBUG 13839 --- [usersmicroservice] [           main] org.hibernate.HQL_FUNCTIONS              : min(COMPARABLE arg)
2024-07-21T13:49:51.016+02:00 DEBUG 13839 --- [usersmicroservice] [           main] org.hibernate.HQL_FUNCTIONS              : Integer mod(INTEGER arg0, INTEGER arg1)
2024-07-21T13:49:51.016+02:00 DEBUG 13839 --- [usersmicroservice] [           main] org.hibernate.HQL_FUNCTIONS              : mode()
2024-07-21T13:49:51.016+02:00 DEBUG 13839 --- [usersmicroservice] [           main] org.hibernate.HQL_FUNCTIONS              : nth_valueANY value, INTEGER nth
2024-07-21T13:49:51.016+02:00 DEBUG 13839 --- [usersmicroservice] [           main] org.hibernate.HQL_FUNCTIONS              : nullif(arg0, arg1)
2024-07-21T13:49:51.016+02:00 DEBUG 13839 --- [usersmicroservice] [           main] org.hibernate.HQL_FUNCTIONS              : Integer octet_length(STRING_OR_CLOB arg)
2024-07-21T13:49:51.016+02:00 DEBUG 13839 --- [usersmicroservice] [           main] org.hibernate.HQL_FUNCTIONS              : OffsetDateTime offset datetime
2024-07-21T13:49:51.016+02:00 DEBUG 13839 --- [usersmicroservice] [           main] org.hibernate.HQL_FUNCTIONS              : OffsetDateTime offset_datetime
2024-07-21T13:49:51.016+02:00 DEBUG 13839 --- [usersmicroservice] [           main] org.hibernate.HQL_FUNCTIONS              : String overlay(string placing replacement from start[ for length])
2024-07-21T13:49:51.016+02:00 DEBUG 13839 --- [usersmicroservice] [           main] org.hibernate.HQL_FUNCTIONS              : String pad(STRING string with INTEGER length {leading|trailing}[ STRING character])
2024-07-21T13:49:51.016+02:00 DEBUG 13839 --- [usersmicroservice] [           main] org.hibernate.HQL_FUNCTIONS              : Double percent_rank([arg0[, ...]])
2024-07-21T13:49:51.016+02:00 DEBUG 13839 --- [usersmicroservice] [           main] org.hibernate.HQL_FUNCTIONS              : percentile_cont(NUMERIC arg)
2024-07-21T13:49:51.016+02:00 DEBUG 13839 --- [usersmicroservice] [           main] org.hibernate.HQL_FUNCTIONS              : percentile_disc(NUMERIC arg)
2024-07-21T13:49:51.016+02:00 DEBUG 13839 --- [usersmicroservice] [           main] org.hibernate.HQL_FUNCTIONS              : Double pi
2024-07-21T13:49:51.016+02:00 DEBUG 13839 --- [usersmicroservice] [           main] org.hibernate.HQL_FUNCTIONS              : Integer position(STRING pattern in STRING string)
2024-07-21T13:49:51.016+02:00 DEBUG 13839 --- [usersmicroservice] [           main] org.hibernate.HQL_FUNCTIONS              : Double power(NUMERIC arg0, NUMERIC arg1)
2024-07-21T13:49:51.016+02:00 DEBUG 13839 --- [usersmicroservice] [           main] org.hibernate.HQL_FUNCTIONS              : Double radians(NUMERIC arg)
2024-07-21T13:49:51.016+02:00 DEBUG 13839 --- [usersmicroservice] [           main] org.hibernate.HQL_FUNCTIONS              : Long rank([arg0[, ...]])
2024-07-21T13:49:51.016+02:00 DEBUG 13839 --- [usersmicroservice] [           main] org.hibernate.HQL_FUNCTIONS              : Double regr_avgx(NUMERIC arg0, NUMERIC arg1)
2024-07-21T13:49:51.016+02:00 DEBUG 13839 --- [usersmicroservice] [           main] org.hibernate.HQL_FUNCTIONS              : Double regr_avgy(NUMERIC arg0, NUMERIC arg1)
2024-07-21T13:49:51.016+02:00 DEBUG 13839 --- [usersmicroservice] [           main] org.hibernate.HQL_FUNCTIONS              : Double regr_count(NUMERIC arg0, NUMERIC arg1)
2024-07-21T13:49:51.016+02:00 DEBUG 13839 --- [usersmicroservice] [           main] org.hibernate.HQL_FUNCTIONS              : Double regr_intercept(NUMERIC arg0, NUMERIC arg1)
2024-07-21T13:49:51.016+02:00 DEBUG 13839 --- [usersmicroservice] [           main] org.hibernate.HQL_FUNCTIONS              : Double regr_r2(NUMERIC arg0, NUMERIC arg1)
2024-07-21T13:49:51.016+02:00 DEBUG 13839 --- [usersmicroservice] [           main] org.hibernate.HQL_FUNCTIONS              : Double regr_slope(NUMERIC arg0, NUMERIC arg1)
2024-07-21T13:49:51.016+02:00 DEBUG 13839 --- [usersmicroservice] [           main] org.hibernate.HQL_FUNCTIONS              : Double regr_sxx(NUMERIC arg0, NUMERIC arg1)
2024-07-21T13:49:51.016+02:00 DEBUG 13839 --- [usersmicroservice] [           main] org.hibernate.HQL_FUNCTIONS              : Double regr_sxy(NUMERIC arg0, NUMERIC arg1)
2024-07-21T13:49:51.016+02:00 DEBUG 13839 --- [usersmicroservice] [           main] org.hibernate.HQL_FUNCTIONS              : Double regr_syy(NUMERIC arg0, NUMERIC arg1)
2024-07-21T13:49:51.016+02:00 DEBUG 13839 --- [usersmicroservice] [           main] org.hibernate.HQL_FUNCTIONS              : String repeat(STRING string, INTEGER times)
2024-07-21T13:49:51.016+02:00 DEBUG 13839 --- [usersmicroservice] [           main] org.hibernate.HQL_FUNCTIONS              : String replace(STRING string, STRING pattern, STRING replacement)
2024-07-21T13:49:51.016+02:00 DEBUG 13839 --- [usersmicroservice] [           main] org.hibernate.HQL_FUNCTIONS              : String right(STRING string, INTEGER length)
2024-07-21T13:49:51.016+02:00 DEBUG 13839 --- [usersmicroservice] [           main] org.hibernate.HQL_FUNCTIONS              : round(NUMERIC number[, INTEGER places])
2024-07-21T13:49:51.016+02:00 DEBUG 13839 --- [usersmicroservice] [           main] org.hibernate.HQL_FUNCTIONS              : Long row_number()
2024-07-21T13:49:51.016+02:00 DEBUG 13839 --- [usersmicroservice] [           main] org.hibernate.HQL_FUNCTIONS              : String rpad(STRING string, INTEGER length[, STRING padding])
2024-07-21T13:49:51.016+02:00 DEBUG 13839 --- [usersmicroservice] [           main] org.hibernate.HQL_FUNCTIONS              : String rtrim(STRING string[, STRING characters])
2024-07-21T13:49:51.016+02:00 DEBUG 13839 --- [usersmicroservice] [           main] org.hibernate.HQL_FUNCTIONS              : Integer sign(NUMERIC arg)
2024-07-21T13:49:51.016+02:00 DEBUG 13839 --- [usersmicroservice] [           main] org.hibernate.HQL_FUNCTIONS              : Double sin(NUMERIC arg)
2024-07-21T13:49:51.016+02:00 DEBUG 13839 --- [usersmicroservice] [           main] org.hibernate.HQL_FUNCTIONS              : Double sinh(NUMERIC arg)
2024-07-21T13:49:51.016+02:00 DEBUG 13839 --- [usersmicroservice] [           main] org.hibernate.HQL_FUNCTIONS              : String soundex(arg)
2024-07-21T13:49:51.016+02:00 DEBUG 13839 --- [usersmicroservice] [           main] org.hibernate.HQL_FUNCTIONS              : Object sql
2024-07-21T13:49:51.016+02:00 DEBUG 13839 --- [usersmicroservice] [           main] org.hibernate.HQL_FUNCTIONS              : Double sqrt(NUMERIC arg)
2024-07-21T13:49:51.016+02:00 DEBUG 13839 --- [usersmicroservice] [           main] org.hibernate.HQL_FUNCTIONS              : Double stddev(NUMERIC arg)
2024-07-21T13:49:51.016+02:00 DEBUG 13839 --- [usersmicroservice] [           main] org.hibernate.HQL_FUNCTIONS              : Double stddev_pop(NUMERIC arg)
2024-07-21T13:49:51.016+02:00 DEBUG 13839 --- [usersmicroservice] [           main] org.hibernate.HQL_FUNCTIONS              : Double stddev_samp(NUMERIC arg)
2024-07-21T13:49:51.016+02:00 DEBUG 13839 --- [usersmicroservice] [           main] org.hibernate.HQL_FUNCTIONS              : String str(arg)
2024-07-21T13:49:51.016+02:00 DEBUG 13839 --- [usersmicroservice] [           main] org.hibernate.HQL_FUNCTIONS              : String substr(STRING string, INTEGER start[, INTEGER length])
2024-07-21T13:49:51.016+02:00 DEBUG 13839 --- [usersmicroservice] [           main] org.hibernate.HQL_FUNCTIONS              : String substring(STRING string{ from|,} INTEGER start[{ for|,} INTEGER length])
2024-07-21T13:49:51.016+02:00 DEBUG 13839 --- [usersmicroservice] [           main] org.hibernate.HQL_FUNCTIONS              : sum(arg)
2024-07-21T13:49:51.016+02:00 DEBUG 13839 --- [usersmicroservice] [           main] org.hibernate.HQL_FUNCTIONS              : Double tan(NUMERIC arg)
2024-07-21T13:49:51.016+02:00 DEBUG 13839 --- [usersmicroservice] [           main] org.hibernate.HQL_FUNCTIONS              : Double tanh(NUMERIC arg)
2024-07-21T13:49:51.016+02:00 DEBUG 13839 --- [usersmicroservice] [           main] org.hibernate.HQL_FUNCTIONS              : timestampadd(TEMPORAL_UNIT field, INTEGER magnitude, TEMPORAL datetime)
2024-07-21T13:49:51.016+02:00 DEBUG 13839 --- [usersmicroservice] [           main] org.hibernate.HQL_FUNCTIONS              : Long|Double timestampdiff(TEMPORAL_UNIT field, TEMPORAL start, TEMPORAL end)
2024-07-21T13:49:51.016+02:00 DEBUG 13839 --- [usersmicroservice] [           main] org.hibernate.HQL_FUNCTIONS              : String to_char(ANY arg0[, STRING arg1, STRING arg2])
2024-07-21T13:49:51.016+02:00 DEBUG 13839 --- [usersmicroservice] [           main] org.hibernate.HQL_FUNCTIONS              : Date to_date(STRING arg0[, STRING arg1, STRING arg2])
2024-07-21T13:49:51.016+02:00 DEBUG 13839 --- [usersmicroservice] [           main] org.hibernate.HQL_FUNCTIONS              : Double to_number(STRING arg0[, STRING arg1, STRING arg2])
2024-07-21T13:49:51.016+02:00 DEBUG 13839 --- [usersmicroservice] [           main] org.hibernate.HQL_FUNCTIONS              : Timestamp to_timestamp(STRING arg0[, STRING arg1, STRING arg2])
2024-07-21T13:49:51.016+02:00 DEBUG 13839 --- [usersmicroservice] [           main] org.hibernate.HQL_FUNCTIONS              : String translate(STRING arg0, STRING arg1, STRING arg2)
2024-07-21T13:49:51.016+02:00 DEBUG 13839 --- [usersmicroservice] [           main] org.hibernate.HQL_FUNCTIONS              : String trim([[{leading|trailing|both} ][STRING arg0 ]from] STRING arg1)
2024-07-21T13:49:51.017+02:00 DEBUG 13839 --- [usersmicroservice] [           main] org.hibernate.HQL_FUNCTIONS              : trunc( ... )
2024-07-21T13:49:51.017+02:00 DEBUG 13839 --- [usersmicroservice] [           main] org.hibernate.HQL_FUNCTIONS              : truncate( ... )
2024-07-21T13:49:51.017+02:00 DEBUG 13839 --- [usersmicroservice] [           main] org.hibernate.HQL_FUNCTIONS              : String upper(STRING string)
2024-07-21T13:49:51.017+02:00 DEBUG 13839 --- [usersmicroservice] [           main] org.hibernate.HQL_FUNCTIONS              : Double var_pop(NUMERIC arg)
2024-07-21T13:49:51.017+02:00 DEBUG 13839 --- [usersmicroservice] [           main] org.hibernate.HQL_FUNCTIONS              : Double var_samp(NUMERIC arg)
2024-07-21T13:49:51.017+02:00 DEBUG 13839 --- [usersmicroservice] [           main] org.hibernate.HQL_FUNCTIONS              : Double variance(NUMERIC arg)
2024-07-21T13:49:51.018+02:00 DEBUG 13839 --- [usersmicroservice] [           main] org.hibernate.orm.query.plan.cache       : Starting QueryInterpretationCache(2048)
2024-07-21T13:49:51.047+02:00 DEBUG 13839 --- [usersmicroservice] [           main] .h.s.i.SessionFactoryServiceRegistryImpl : EventListenerRegistry access via ServiceRegistry is deprecated.  Use `sessionFactory.getEventEngine().getListenerRegistry()` instead
2024-07-21T13:49:51.047+02:00 DEBUG 13839 --- [usersmicroservice] [           main] h.e.i.EntityCopyObserverFactoryInitiator : Configured EntityCopyObserver strategy: disallow
2024-07-21T13:49:51.080+02:00 DEBUG 13839 --- [usersmicroservice] [           main] o.h.boot.internal.ClassLoaderAccessImpl  : Not known whether passed class name [com.medhead.usersmicroservice.Entities.User] is safe
2024-07-21T13:49:51.080+02:00 DEBUG 13839 --- [usersmicroservice] [           main] o.h.boot.internal.ClassLoaderAccessImpl  : No temp ClassLoader provided; using live ClassLoader for loading potentially unsafe class : com.medhead.usersmicroservice.Entities.User
2024-07-21T13:49:51.142+02:00 DEBUG 13839 --- [usersmicroservice] [           main] o.h.b.i.bytebuddy.BytecodeProviderImpl   : HHH000513: Unable to create the ReflectionOptimizer for [com.medhead.usersmicroservice.Entities.User]: private accessor [createdAt]
2024-07-21T13:49:51.158+02:00 DEBUG 13839 --- [usersmicroservice] [           main] o.hibernate.orm.model.mapping.creation   : Starting post-init callbacks
2024-07-21T13:49:51.158+02:00 DEBUG 13839 --- [usersmicroservice] [           main] o.hibernate.orm.model.mapping.creation   : Starting PostInitCallbackEntry : Entity(com.medhead.usersmicroservice.Entities.User) `staticFetchableList` generator
2024-07-21T13:49:51.158+02:00 DEBUG 13839 --- [usersmicroservice] [           main] o.hibernate.orm.model.mapping.creation   : Starting PostInitCallbackEntry : Entity(com.medhead.usersmicroservice.Entities.User) `sqmMultiTableInsertStrategy` interpretation
2024-07-21T13:49:51.184+02:00 DEBUG 13839 --- [usersmicroservice] [           main] org.hibernate.orm.sql.ast.create         : Created new SQL alias : u1_0
2024-07-21T13:49:51.184+02:00 DEBUG 13839 --- [usersmicroservice] [           main] org.hibernate.orm.sql.ast.create         : Registration of TableGroup [StandardTableGroup(com.medhead.usersmicroservice.Entities.User)] with identifierForTableGroup [com.medhead.usersmicroservice.Entities.User] for NavigablePath [com.medhead.usersmicroservice.Entities.User] 
2024-07-21T13:49:51.190+02:00 DEBUG 13839 --- [usersmicroservice] [           main] org.hibernate.orm.results.graph.AST      : DomainResult Graph:
 \-EntityResultImpl [com.medhead.usersmicroservice.Entities.User]
 |  +-BasicFetch [com.medhead.usersmicroservice.Entities.User.createdAt]
 |  +-BasicFetch [com.medhead.usersmicroservice.Entities.User.email]
 |  +-BasicFetch [com.medhead.usersmicroservice.Entities.User.fullName]
 |  +-BasicFetch [com.medhead.usersmicroservice.Entities.User.password]
 |  \-BasicFetch [com.medhead.usersmicroservice.Entities.User.updatedAt]

2024-07-21T13:49:51.190+02:00 DEBUG 13839 --- [usersmicroservice] [           main] org.hibernate.orm.sql.ast.tree           : SQL AST Tree:
    SelectStatement {
      FromClause {
        StandardTableGroup (u1 : com.medhead.usersmicroservice.Entities.User) {
          primaryTableReference : users as u1_0
        }
      }
    }

2024-07-21T13:49:51.193+02:00 DEBUG 13839 --- [usersmicroservice] [           main] o.h.p.entity.AbstractEntityPersister     : Static SQL for entity: com.medhead.usersmicroservice.Entities.User
2024-07-21T13:49:51.193+02:00 DEBUG 13839 --- [usersmicroservice] [           main] o.h.p.entity.AbstractEntityPersister     :  Version select: select id from users where id=?
2024-07-21T13:49:51.193+02:00 DEBUG 13839 --- [usersmicroservice] [           main] o.h.p.entity.AbstractEntityPersister     :  Insert (0): insert into users (created_at,email,full_name,password,updated_at,id) values (?,?,?,?,?,?)
2024-07-21T13:49:51.193+02:00 DEBUG 13839 --- [usersmicroservice] [           main] o.h.p.entity.AbstractEntityPersister     :  Update (0): update users set email=?,full_name=?,password=?,updated_at=? where id=?
2024-07-21T13:49:51.193+02:00 DEBUG 13839 --- [usersmicroservice] [           main] o.h.p.entity.AbstractEntityPersister     :  Delete (0): delete from users where id=?
2024-07-21T13:49:51.200+02:00  INFO 13839 --- [usersmicroservice] [           main] o.h.e.t.j.p.i.JtaPlatformInitiator       : HHH000489: No JTA platform available (set 'hibernate.transaction.jta.platform' to enable JTA platform integration)
2024-07-21T13:49:51.200+02:00 DEBUG 13839 --- [usersmicroservice] [           main] o.h.type.spi.TypeConfiguration$Scope     : Scoping TypeConfiguration [org.hibernate.type.spi.TypeConfiguration@77bb916f] to SessionFactoryImplementor [org.hibernate.internal.SessionFactoryImpl@6f6a2ac8]
2024-07-21T13:49:51.200+02:00 DEBUG 13839 --- [usersmicroservice] [           main] o.h.query.named.NamedObjectRepository    : Checking 0 named HQL queries
2024-07-21T13:49:51.200+02:00 DEBUG 13839 --- [usersmicroservice] [           main] o.h.query.named.NamedObjectRepository    : Checking 0 named SQL queries
2024-07-21T13:49:51.227+02:00 DEBUG 13839 --- [usersmicroservice] [           main] org.hibernate.mapping.Table              : No alter strings for table : users
2024-07-21T13:49:51.228+02:00 DEBUG 13839 --- [usersmicroservice] [           main] o.h.internal.SessionFactoryRegistry      : Initializing SessionFactoryRegistry : org.hibernate.internal.SessionFactoryRegistry@6787bd41
2024-07-21T13:49:51.228+02:00 DEBUG 13839 --- [usersmicroservice] [           main] o.h.internal.SessionFactoryRegistry      : Registering SessionFactory: 3ec61a35-4120-4f23-af25-9034d52c9686 (<unnamed>)
2024-07-21T13:49:51.228+02:00 DEBUG 13839 --- [usersmicroservice] [           main] o.h.internal.SessionFactoryRegistry      : Not binding SessionFactory to JNDI, no JNDI name configured
2024-07-21T13:49:51.228+02:00 DEBUG 13839 --- [usersmicroservice] [           main] o.hibernate.internal.SessionFactoryImpl  : Instantiated SessionFactory
2024-07-21T13:49:51.228+02:00  INFO 13839 --- [usersmicroservice] [           main] j.LocalContainerEntityManagerFactoryBean : Initialized JPA EntityManagerFactory for persistence unit 'default'
2024-07-21T13:49:51.271+02:00 DEBUG 13839 --- [usersmicroservice] [           main] o.h.stat.internal.StatisticsInitiator    : Statistics initialized [enabled=false]
2024-07-21T13:49:51.303+02:00 DEBUG 13839 --- [usersmicroservice] [           main] cResourceLocalTransactionCoordinatorImpl : JDBC transaction marked for rollback-only (exception provided for stack trace)

java.lang.Exception: exception just for purpose of providing stack trace
	at org.hibernate.resource.transaction.backend.jdbc.internal.JdbcResourceLocalTransactionCoordinatorImpl$TransactionDriverControlImpl.markRollbackOnly(JdbcResourceLocalTransactionCoordinatorImpl.java:309) ~[hibernate-core-6.5.2.Final.jar:6.5.2.Final]
	at org.hibernate.internal.AbstractSharedSessionContract.buildNamedQuery(AbstractSharedSessionContract.java:1109) ~[hibernate-core-6.5.2.Final.jar:6.5.2.Final]
	at org.hibernate.internal.AbstractSharedSessionContract.createNamedQuery(AbstractSharedSessionContract.java:987) ~[hibernate-core-6.5.2.Final.jar:6.5.2.Final]
	at org.hibernate.internal.AbstractSharedSessionContract.createNamedQuery(AbstractSharedSessionContract.java:140) ~[hibernate-core-6.5.2.Final.jar:6.5.2.Final]
	at java.base/jdk.internal.reflect.DirectMethodHandleAccessor.invoke(DirectMethodHandleAccessor.java:103) ~[na:na]
	at java.base/java.lang.reflect.Method.invoke(Method.java:580) ~[na:na]
	at org.springframework.orm.jpa.ExtendedEntityManagerCreator$ExtendedEntityManagerInvocationHandler.invoke(ExtendedEntityManagerCreator.java:364) ~[spring-orm-6.1.11.jar:6.1.11]
	at jdk.proxy2/jdk.proxy2.$Proxy121.createNamedQuery(Unknown Source) ~[na:na]
	at org.springframework.data.jpa.repository.query.NamedQuery.hasNamedQuery(NamedQuery.java:112) ~[spring-data-jpa-3.3.2.jar:3.3.2]
	at org.springframework.data.jpa.repository.query.NamedQuery.lookupFrom(NamedQuery.java:138) ~[spring-data-jpa-3.3.2.jar:3.3.2]
	at org.springframework.data.jpa.repository.query.JpaQueryLookupStrategy$DeclaredQueryLookupStrategy.resolveQuery(JpaQueryLookupStrategy.java:180) ~[spring-data-jpa-3.3.2.jar:3.3.2]
	at org.springframework.data.jpa.repository.query.JpaQueryLookupStrategy$CreateIfNotFoundQueryLookupStrategy.resolveQuery(JpaQueryLookupStrategy.java:252) ~[spring-data-jpa-3.3.2.jar:3.3.2]
	at org.springframework.data.jpa.repository.query.JpaQueryLookupStrategy$AbstractQueryLookupStrategy.resolveQuery(JpaQueryLookupStrategy.java:95) ~[spring-data-jpa-3.3.2.jar:3.3.2]
	at org.springframework.data.repository.core.support.QueryExecutorMethodInterceptor.lookupQuery(QueryExecutorMethodInterceptor.java:111) ~[spring-data-commons-3.3.2.jar:3.3.2]
	at org.springframework.data.repository.core.support.QueryExecutorMethodInterceptor.mapMethodsToQuery(QueryExecutorMethodInterceptor.java:99) ~[spring-data-commons-3.3.2.jar:3.3.2]
	at org.springframework.data.repository.core.support.QueryExecutorMethodInterceptor.lambda$new$0(QueryExecutorMethodInterceptor.java:88) ~[spring-data-commons-3.3.2.jar:3.3.2]
	at java.base/java.util.Optional.map(Optional.java:260) ~[na:na]
	at org.springframework.data.repository.core.support.QueryExecutorMethodInterceptor.<init>(QueryExecutorMethodInterceptor.java:88) ~[spring-data-commons-3.3.2.jar:3.3.2]
	at org.springframework.data.repository.core.support.RepositoryFactorySupport.getRepository(RepositoryFactorySupport.java:357) ~[spring-data-commons-3.3.2.jar:3.3.2]
	at org.springframework.data.repository.core.support.RepositoryFactoryBeanSupport.lambda$afterPropertiesSet$5(RepositoryFactoryBeanSupport.java:286) ~[spring-data-commons-3.3.2.jar:3.3.2]
	at org.springframework.data.util.Lazy.getNullable(Lazy.java:135) ~[spring-data-commons-3.3.2.jar:3.3.2]
	at org.springframework.data.util.Lazy.get(Lazy.java:113) ~[spring-data-commons-3.3.2.jar:3.3.2]
	at org.springframework.data.repository.core.support.RepositoryFactoryBeanSupport.afterPropertiesSet(RepositoryFactoryBeanSupport.java:292) ~[spring-data-commons-3.3.2.jar:3.3.2]
	at org.springframework.data.jpa.repository.support.JpaRepositoryFactoryBean.afterPropertiesSet(JpaRepositoryFactoryBean.java:132) ~[spring-data-jpa-3.3.2.jar:3.3.2]
	at org.springframework.beans.factory.support.AbstractAutowireCapableBeanFactory.invokeInitMethods(AbstractAutowireCapableBeanFactory.java:1853) ~[spring-beans-6.1.11.jar:6.1.11]
	at org.springframework.beans.factory.support.AbstractAutowireCapableBeanFactory.initializeBean(AbstractAutowireCapableBeanFactory.java:1802) ~[spring-beans-6.1.11.jar:6.1.11]
	at org.springframework.beans.factory.support.AbstractAutowireCapableBeanFactory.doCreateBean(AbstractAutowireCapableBeanFactory.java:600) ~[spring-beans-6.1.11.jar:6.1.11]
	at org.springframework.beans.factory.support.AbstractAutowireCapableBeanFactory.createBean(AbstractAutowireCapableBeanFactory.java:522) ~[spring-beans-6.1.11.jar:6.1.11]
	at org.springframework.beans.factory.support.AbstractBeanFactory.lambda$doGetBean$0(AbstractBeanFactory.java:337) ~[spring-beans-6.1.11.jar:6.1.11]
	at org.springframework.beans.factory.support.DefaultSingletonBeanRegistry.getSingleton(DefaultSingletonBeanRegistry.java:234) ~[spring-beans-6.1.11.jar:6.1.11]
	at org.springframework.beans.factory.support.AbstractBeanFactory.doGetBean(AbstractBeanFactory.java:335) ~[spring-beans-6.1.11.jar:6.1.11]
	at org.springframework.beans.factory.support.AbstractBeanFactory.getBean(AbstractBeanFactory.java:200) ~[spring-beans-6.1.11.jar:6.1.11]
	at org.springframework.beans.factory.config.DependencyDescriptor.resolveCandidate(DependencyDescriptor.java:254) ~[spring-beans-6.1.11.jar:6.1.11]
	at org.springframework.beans.factory.support.DefaultListableBeanFactory.doResolveDependency(DefaultListableBeanFactory.java:1443) ~[spring-beans-6.1.11.jar:6.1.11]
	at org.springframework.beans.factory.support.DefaultListableBeanFactory.resolveDependency(DefaultListableBeanFactory.java:1353) ~[spring-beans-6.1.11.jar:6.1.11]
	at org.springframework.beans.factory.support.ConstructorResolver.resolveAutowiredArgument(ConstructorResolver.java:904) ~[spring-beans-6.1.11.jar:6.1.11]
	at org.springframework.beans.factory.support.ConstructorResolver.createArgumentArray(ConstructorResolver.java:782) ~[spring-beans-6.1.11.jar:6.1.11]
	at org.springframework.beans.factory.support.ConstructorResolver.autowireConstructor(ConstructorResolver.java:237) ~[spring-beans-6.1.11.jar:6.1.11]
	at org.springframework.beans.factory.support.AbstractAutowireCapableBeanFactory.autowireConstructor(AbstractAutowireCapableBeanFactory.java:1375) ~[spring-beans-6.1.11.jar:6.1.11]
	at org.springframework.beans.factory.support.AbstractAutowireCapableBeanFactory.createBeanInstance(AbstractAutowireCapableBeanFactory.java:1212) ~[spring-beans-6.1.11.jar:6.1.11]
	at org.springframework.beans.factory.support.AbstractAutowireCapableBeanFactory.doCreateBean(AbstractAutowireCapableBeanFactory.java:562) ~[spring-beans-6.1.11.jar:6.1.11]
	at org.springframework.beans.factory.support.AbstractAutowireCapableBeanFactory.createBean(AbstractAutowireCapableBeanFactory.java:522) ~[spring-beans-6.1.11.jar:6.1.11]
	at org.springframework.beans.factory.support.AbstractBeanFactory.lambda$doGetBean$0(AbstractBeanFactory.java:337) ~[spring-beans-6.1.11.jar:6.1.11]
	at org.springframework.beans.factory.support.DefaultSingletonBeanRegistry.getSingleton(DefaultSingletonBeanRegistry.java:234) ~[spring-beans-6.1.11.jar:6.1.11]
	at org.springframework.beans.factory.support.AbstractBeanFactory.doGetBean(AbstractBeanFactory.java:335) ~[spring-beans-6.1.11.jar:6.1.11]
	at org.springframework.beans.factory.support.AbstractBeanFactory.getBean(AbstractBeanFactory.java:200) ~[spring-beans-6.1.11.jar:6.1.11]
	at org.springframework.beans.factory.support.DefaultListableBeanFactory.preInstantiateSingletons(DefaultListableBeanFactory.java:975) ~[spring-beans-6.1.11.jar:6.1.11]
	at org.springframework.context.support.AbstractApplicationContext.finishBeanFactoryInitialization(AbstractApplicationContext.java:971) ~[spring-context-6.1.11.jar:6.1.11]
	at org.springframework.context.support.AbstractApplicationContext.refresh(AbstractApplicationContext.java:625) ~[spring-context-6.1.11.jar:6.1.11]
	at org.springframework.boot.SpringApplication.refresh(SpringApplication.java:754) ~[spring-boot-3.3.2.jar:3.3.2]
	at org.springframework.boot.SpringApplication.refreshContext(SpringApplication.java:456) ~[spring-boot-3.3.2.jar:3.3.2]
	at org.springframework.boot.SpringApplication.run(SpringApplication.java:335) ~[spring-boot-3.3.2.jar:3.3.2]
	at org.springframework.boot.test.context.SpringBootContextLoader.lambda$loadContext$3(SpringBootContextLoader.java:137) ~[spring-boot-test-3.3.2.jar:3.3.2]
	at org.springframework.util.function.ThrowingSupplier.get(ThrowingSupplier.java:58) ~[spring-core-6.1.11.jar:6.1.11]
	at org.springframework.util.function.ThrowingSupplier.get(ThrowingSupplier.java:46) ~[spring-core-6.1.11.jar:6.1.11]
	at org.springframework.boot.SpringApplication.withHook(SpringApplication.java:1463) ~[spring-boot-3.3.2.jar:3.3.2]
	at org.springframework.boot.test.context.SpringBootContextLoader$ContextLoaderHook.run(SpringBootContextLoader.java:553) ~[spring-boot-test-3.3.2.jar:3.3.2]
	at org.springframework.boot.test.context.SpringBootContextLoader.loadContext(SpringBootContextLoader.java:137) ~[spring-boot-test-3.3.2.jar:3.3.2]
	at org.springframework.boot.test.context.SpringBootContextLoader.loadContext(SpringBootContextLoader.java:108) ~[spring-boot-test-3.3.2.jar:3.3.2]
	at org.springframework.test.context.cache.DefaultCacheAwareContextLoaderDelegate.loadContextInternal(DefaultCacheAwareContextLoaderDelegate.java:225) ~[spring-test-6.1.11.jar:6.1.11]
	at org.springframework.test.context.cache.DefaultCacheAwareContextLoaderDelegate.loadContext(DefaultCacheAwareContextLoaderDelegate.java:152) ~[spring-test-6.1.11.jar:6.1.11]
	at org.springframework.test.context.support.DefaultTestContext.getApplicationContext(DefaultTestContext.java:130) ~[spring-test-6.1.11.jar:6.1.11]
	at org.springframework.test.context.web.ServletTestExecutionListener.setUpRequestContextIfNecessary(ServletTestExecutionListener.java:191) ~[spring-test-6.1.11.jar:6.1.11]
	at org.springframework.test.context.web.ServletTestExecutionListener.prepareTestInstance(ServletTestExecutionListener.java:130) ~[spring-test-6.1.11.jar:6.1.11]
	at org.springframework.test.context.TestContextManager.prepareTestInstance(TestContextManager.java:260) ~[spring-test-6.1.11.jar:6.1.11]
	at org.springframework.test.context.junit.jupiter.SpringExtension.postProcessTestInstance(SpringExtension.java:163) ~[spring-test-6.1.11.jar:6.1.11]
	at org.junit.jupiter.engine.descriptor.ClassBasedTestDescriptor.lambda$invokeTestInstancePostProcessors$10(ClassBasedTestDescriptor.java:378) ~[junit-jupiter-engine-5.10.3.jar:5.10.3]
	at org.junit.jupiter.engine.descriptor.ClassBasedTestDescriptor.executeAndMaskThrowable(ClassBasedTestDescriptor.java:383) ~[junit-jupiter-engine-5.10.3.jar:5.10.3]
	at org.junit.jupiter.engine.descriptor.ClassBasedTestDescriptor.lambda$invokeTestInstancePostProcessors$11(ClassBasedTestDescriptor.java:378) ~[junit-jupiter-engine-5.10.3.jar:5.10.3]
	at java.base/java.util.stream.ReferencePipeline$3$1.accept(ReferencePipeline.java:212) ~[na:na]
	at java.base/java.util.stream.ReferencePipeline$2$1.accept(ReferencePipeline.java:194) ~[na:na]
	at java.base/java.util.ArrayList$ArrayListSpliterator.forEachRemaining(ArrayList.java:1709) ~[na:na]
	at java.base/java.util.stream.AbstractPipeline.copyInto(AbstractPipeline.java:556) ~[na:na]
	at java.base/java.util.stream.AbstractPipeline.wrapAndCopyInto(AbstractPipeline.java:546) ~[na:na]
	at java.base/java.util.stream.StreamSpliterators$WrappingSpliterator.forEachRemaining(StreamSpliterators.java:310) ~[na:na]
	at java.base/java.util.stream.Streams$ConcatSpliterator.forEachRemaining(Streams.java:735) ~[na:na]
	at java.base/java.util.stream.Streams$ConcatSpliterator.forEachRemaining(Streams.java:734) ~[na:na]
	at java.base/java.util.stream.ReferencePipeline$Head.forEach(ReferencePipeline.java:782) ~[na:na]
	at org.junit.jupiter.engine.descriptor.ClassBasedTestDescriptor.invokeTestInstancePostProcessors(ClassBasedTestDescriptor.java:377) ~[junit-jupiter-engine-5.10.3.jar:5.10.3]
	at org.junit.jupiter.engine.descriptor.ClassBasedTestDescriptor.lambda$instantiateAndPostProcessTestInstance$6(ClassBasedTestDescriptor.java:290) ~[junit-jupiter-engine-5.10.3.jar:5.10.3]
	at org.junit.platform.engine.support.hierarchical.ThrowableCollector.execute(ThrowableCollector.java:73) ~[junit-platform-engine-1.10.3.jar:1.10.3]
	at org.junit.jupiter.engine.descriptor.ClassBasedTestDescriptor.instantiateAndPostProcessTestInstance(ClassBasedTestDescriptor.java:289) ~[junit-jupiter-engine-5.10.3.jar:5.10.3]
	at org.junit.jupiter.engine.descriptor.ClassBasedTestDescriptor.lambda$testInstancesProvider$4(ClassBasedTestDescriptor.java:279) ~[junit-jupiter-engine-5.10.3.jar:5.10.3]
	at java.base/java.util.Optional.orElseGet(Optional.java:364) ~[na:na]
	at org.junit.jupiter.engine.descriptor.ClassBasedTestDescriptor.lambda$testInstancesProvider$5(ClassBasedTestDescriptor.java:278) ~[junit-jupiter-engine-5.10.3.jar:5.10.3]
	at org.junit.jupiter.engine.execution.TestInstancesProvider.getTestInstances(TestInstancesProvider.java:31) ~[junit-jupiter-engine-5.10.3.jar:5.10.3]
	at org.junit.jupiter.engine.descriptor.TestMethodTestDescriptor.lambda$prepare$0(TestMethodTestDescriptor.java:106) ~[junit-jupiter-engine-5.10.3.jar:5.10.3]
	at org.junit.platform.engine.support.hierarchical.ThrowableCollector.execute(ThrowableCollector.java:73) ~[junit-platform-engine-1.10.3.jar:1.10.3]
	at org.junit.jupiter.engine.descriptor.TestMethodTestDescriptor.prepare(TestMethodTestDescriptor.java:105) ~[junit-jupiter-engine-5.10.3.jar:5.10.3]
	at org.junit.jupiter.engine.descriptor.TestMethodTestDescriptor.prepare(TestMethodTestDescriptor.java:69) ~[junit-jupiter-engine-5.10.3.jar:5.10.3]
	at org.junit.platform.engine.support.hierarchical.NodeTestTask.lambda$prepare$2(NodeTestTask.java:123) ~[junit-platform-engine-1.10.3.jar:1.10.3]
	at org.junit.platform.engine.support.hierarchical.ThrowableCollector.execute(ThrowableCollector.java:73) ~[junit-platform-engine-1.10.3.jar:1.10.3]
	at org.junit.platform.engine.support.hierarchical.NodeTestTask.prepare(NodeTestTask.java:123) ~[junit-platform-engine-1.10.3.jar:1.10.3]
	at org.junit.platform.engine.support.hierarchical.NodeTestTask.execute(NodeTestTask.java:90) ~[junit-platform-engine-1.10.3.jar:1.10.3]
	at java.base/java.util.ArrayList.forEach(ArrayList.java:1597) ~[na:na]
	at org.junit.platform.engine.support.hierarchical.SameThreadHierarchicalTestExecutorService.invokeAll(SameThreadHierarchicalTestExecutorService.java:41) ~[junit-platform-engine-1.10.3.jar:1.10.3]
	at org.junit.platform.engine.support.hierarchical.NodeTestTask.lambda$executeRecursively$6(NodeTestTask.java:155) ~[junit-platform-engine-1.10.3.jar:1.10.3]
	at org.junit.platform.engine.support.hierarchical.ThrowableCollector.execute(ThrowableCollector.java:73) ~[junit-platform-engine-1.10.3.jar:1.10.3]
	at org.junit.platform.engine.support.hierarchical.NodeTestTask.lambda$executeRecursively$8(NodeTestTask.java:141) ~[junit-platform-engine-1.10.3.jar:1.10.3]
	at org.junit.platform.engine.support.hierarchical.Node.around(Node.java:137) ~[junit-platform-engine-1.10.3.jar:1.10.3]
	at org.junit.platform.engine.support.hierarchical.NodeTestTask.lambda$executeRecursively$9(NodeTestTask.java:139) ~[junit-platform-engine-1.10.3.jar:1.10.3]
	at org.junit.platform.engine.support.hierarchical.ThrowableCollector.execute(ThrowableCollector.java:73) ~[junit-platform-engine-1.10.3.jar:1.10.3]
	at org.junit.platform.engine.support.hierarchical.NodeTestTask.executeRecursively(NodeTestTask.java:138) ~[junit-platform-engine-1.10.3.jar:1.10.3]
	at org.junit.platform.engine.support.hierarchical.NodeTestTask.execute(NodeTestTask.java:95) ~[junit-platform-engine-1.10.3.jar:1.10.3]
	at java.base/java.util.ArrayList.forEach(ArrayList.java:1597) ~[na:na]
	at org.junit.platform.engine.support.hierarchical.SameThreadHierarchicalTestExecutorService.invokeAll(SameThreadHierarchicalTestExecutorService.java:41) ~[junit-platform-engine-1.10.3.jar:1.10.3]
	at org.junit.platform.engine.support.hierarchical.NodeTestTask.lambda$executeRecursively$6(NodeTestTask.java:155) ~[junit-platform-engine-1.10.3.jar:1.10.3]
	at org.junit.platform.engine.support.hierarchical.ThrowableCollector.execute(ThrowableCollector.java:73) ~[junit-platform-engine-1.10.3.jar:1.10.3]
	at org.junit.platform.engine.support.hierarchical.NodeTestTask.lambda$executeRecursively$8(NodeTestTask.java:141) ~[junit-platform-engine-1.10.3.jar:1.10.3]
	at org.junit.platform.engine.support.hierarchical.Node.around(Node.java:137) ~[junit-platform-engine-1.10.3.jar:1.10.3]
	at org.junit.platform.engine.support.hierarchical.NodeTestTask.lambda$executeRecursively$9(NodeTestTask.java:139) ~[junit-platform-engine-1.10.3.jar:1.10.3]
	at org.junit.platform.engine.support.hierarchical.ThrowableCollector.execute(ThrowableCollector.java:73) ~[junit-platform-engine-1.10.3.jar:1.10.3]
	at org.junit.platform.engine.support.hierarchical.NodeTestTask.executeRecursively(NodeTestTask.java:138) ~[junit-platform-engine-1.10.3.jar:1.10.3]
	at org.junit.platform.engine.support.hierarchical.NodeTestTask.execute(NodeTestTask.java:95) ~[junit-platform-engine-1.10.3.jar:1.10.3]
	at org.junit.platform.engine.support.hierarchical.SameThreadHierarchicalTestExecutorService.submit(SameThreadHierarchicalTestExecutorService.java:35) ~[junit-platform-engine-1.10.3.jar:1.10.3]
	at org.junit.platform.engine.support.hierarchical.HierarchicalTestExecutor.execute(HierarchicalTestExecutor.java:57) ~[junit-platform-engine-1.10.3.jar:1.10.3]
	at org.junit.platform.engine.support.hierarchical.HierarchicalTestEngine.execute(HierarchicalTestEngine.java:54) ~[junit-platform-engine-1.10.3.jar:1.10.3]
	at org.junit.platform.launcher.core.EngineExecutionOrchestrator.execute(EngineExecutionOrchestrator.java:198) ~[junit-platform-launcher-1.10.3.jar:1.10.3]
	at org.junit.platform.launcher.core.EngineExecutionOrchestrator.execute(EngineExecutionOrchestrator.java:169) ~[junit-platform-launcher-1.10.3.jar:1.10.3]
	at org.junit.platform.launcher.core.EngineExecutionOrchestrator.execute(EngineExecutionOrchestrator.java:93) ~[junit-platform-launcher-1.10.3.jar:1.10.3]
	at org.junit.platform.launcher.core.EngineExecutionOrchestrator.lambda$execute$0(EngineExecutionOrchestrator.java:58) ~[junit-platform-launcher-1.10.3.jar:1.10.3]
	at org.junit.platform.launcher.core.EngineExecutionOrchestrator.withInterceptedStreams(EngineExecutionOrchestrator.java:141) ~[junit-platform-launcher-1.10.3.jar:1.10.3]
	at org.junit.platform.launcher.core.EngineExecutionOrchestrator.execute(EngineExecutionOrchestrator.java:57) ~[junit-platform-launcher-1.10.3.jar:1.10.3]
	at org.junit.platform.launcher.core.DefaultLauncher.execute(DefaultLauncher.java:103) ~[junit-platform-launcher-1.10.3.jar:1.10.3]
	at org.junit.platform.launcher.core.DefaultLauncher.execute(DefaultLauncher.java:85) ~[junit-platform-launcher-1.10.3.jar:1.10.3]
	at org.junit.platform.launcher.core.DelegatingLauncher.execute(DelegatingLauncher.java:47) ~[junit-platform-launcher-1.10.3.jar:1.10.3]
	at org.apache.maven.surefire.junitplatform.LazyLauncher.execute(LazyLauncher.java:56) ~[surefire-junit-platform-3.2.5.jar:3.2.5]
	at org.apache.maven.surefire.junitplatform.JUnitPlatformProvider.execute(JUnitPlatformProvider.java:184) ~[surefire-junit-platform-3.2.5.jar:3.2.5]
	at org.apache.maven.surefire.junitplatform.JUnitPlatformProvider.invokeAllTests(JUnitPlatformProvider.java:148) ~[surefire-junit-platform-3.2.5.jar:3.2.5]
	at org.apache.maven.surefire.junitplatform.JUnitPlatformProvider.invoke(JUnitPlatformProvider.java:122) ~[surefire-junit-platform-3.2.5.jar:3.2.5]
	at org.apache.maven.surefire.booter.ForkedBooter.runSuitesInProcess(ForkedBooter.java:385) ~[surefire-booter-3.2.5.jar:3.2.5]
	at org.apache.maven.surefire.booter.ForkedBooter.execute(ForkedBooter.java:162) ~[surefire-booter-3.2.5.jar:3.2.5]
	at org.apache.maven.surefire.booter.ForkedBooter.run(ForkedBooter.java:507) ~[surefire-booter-3.2.5.jar:3.2.5]
	at org.apache.maven.surefire.booter.ForkedBooter.main(ForkedBooter.java:495) ~[surefire-booter-3.2.5.jar:3.2.5]

2024-07-21T13:49:51.385+02:00 DEBUG 13839 --- [usersmicroservice] [           main] .m.m.a.ExceptionHandlerExceptionResolver : ControllerAdvice beans: 0 @ExceptionHandler, 1 ResponseBodyAdvice
2024-07-21T13:49:51.411+02:00  INFO 13839 --- [usersmicroservice] [           main] eAuthenticationProviderManagerConfigurer : Global AuthenticationManager configured with AuthenticationProvider bean with name authenticationProvider
2024-07-21T13:49:51.412+02:00  WARN 13839 --- [usersmicroservice] [           main] r$InitializeUserDetailsManagerConfigurer : Global AuthenticationManager configured with an AuthenticationProvider bean. UserDetailsService beans will not be used for username/password login. Consider removing the AuthenticationProvider bean. Alternatively, consider using the UserDetailsService in a manually instantiated DaoAuthenticationProvider.
2024-07-21T13:49:51.475+02:00 DEBUG 13839 --- [usersmicroservice] [           main] s.w.s.m.m.a.RequestMappingHandlerMapping : 6 mappings in 'requestMappingHandlerMapping'
2024-07-21T13:49:51.483+02:00 DEBUG 13839 --- [usersmicroservice] [           main] o.s.w.s.handler.SimpleUrlHandlerMapping  : Patterns [/webjars/**, /**] in 'resourceHandlerMapping'
2024-07-21T13:49:51.545+02:00 DEBUG 13839 --- [usersmicroservice] [           main] s.w.s.m.m.a.RequestMappingHandlerAdapter : ControllerAdvice beans: 0 @ModelAttribute, 0 @InitBinder, 1 RequestBodyAdvice, 1 ResponseBodyAdvice
2024-07-21T13:49:51.582+02:00  INFO 13839 --- [usersmicroservice] [           main] c.m.u.UsersmicroserviceApplicationTests  : Started UsersmicroserviceApplicationTests in 1.516 seconds (process running for 1.855)
]]></system-out>
    <system-err><![CDATA[WARNING: A Java agent has been loaded dynamically (/Users/ludovicsouplet/.m2/repository/net/bytebuddy/byte-buddy-agent/1.14.18/byte-buddy-agent-1.14.18.jar)
WARNING: If a serviceability tool is in use, please run with -XX:+EnableDynamicAgentLoading to hide this warning
WARNING: If a serviceability tool is not in use, please run with -Djdk.instrument.traceUsage for more information
WARNING: Dynamic loading of agents will be disallowed by default in a future release
]]></system-err>
  </testcase>
</testsuite>